Starting Spawn .NET server...
Using legacy dotnet resolution.
Using local .NET runtime at "/home/albert/.config/Code/User/globalStorage/ms-dotnettools.vscode-dotnet-runtime/.dotnet/8.0.13~x64~aspnetcore/dotnet"
Found installed dotnet location "/usr/share/dotnet/dotnet" to load projects.
Project system hosting process will use runtime installed in SDK.
.NET server started and IPC established in 754ms
Completed Spawn .NET server (12780ms)
Starting Initialize template service...
Found installed dotnet location "/usr/share/dotnet/dotnet" to load projects.
Completed Initialize template service (130ms)
Starting Add a new project...
Starting command: "dotnet" new sln -n StudentC#...
Completed command: "dotnet" new sln -n StudentC# (428ms)
Starting command: "dotnet" sln /home/albert/Документы/StudentC#/StudentC#.sln add /home/albert/Документы/StudentC#/ConsoleApp1/ConsoleApp1.csproj...
Completed command: "dotnet" sln /home/albert/Документы/StudentC#/StudentC#.sln add /home/albert/Документы/StudentC#/ConsoleApp1/ConsoleApp1.csproj (315ms)
reload solution
Starting Reload a solution...
Starting Reload a solution with environment service...
Completed Reload a solution with environment service (26ms)
Completed Reload a solution (26ms)
Completed Add a new project (981ms)
C# Dev Kit deactivate() is now executing...
