02/15/2025 00:16:42 Иркутск, стандартное время : Information : Local timezone is (UTC+08:00) Иркутск, стандартное время
02/15/2025 00:16:43 Иркутск, стандартное время : Information : Service Hub .NET service module host started. Host id: dotnet.projectSystem$C94B8CFE-E3FD-4BAF-A941-2866DBB566FE. Controller pipe: net.pipe://70698431E1. PID: 7136
02/15/2025 00:16:43 Иркутск, стандартное время : Information : hubHostClr read: Content-Length: 116

{"jsonrpc":"2.0","id":2,"method":"InitializeHostAsync","params":[{"HostsRootDirectory":".","AppConfigFallback":""}]}
02/15/2025 00:16:43 Иркутск, стандартное время : Information : hubHostClr write: Content-Length: 93

{"jsonrpc":"2.0","id":2,"result":"dotnet.projectSystem$C94B8CFE-E3FD-4BAF-A941-2866DBB566FE"}
02/15/2025 00:16:43 Иркутск, стандартное время : Information : hubHostClr read: Content-Length: 1043

{"jsonrpc":"2.0","id":5,"method":"StartServiceAsync","params":[{"name":"Microsoft.VisualStudio.ProjectSystem.ProjectInitializationStatusService","host":"dotnet.projectSystem","hostId":"C94B8CFE-E3FD-4BAF-A941-2866DBB566FE","serviceBaseDirectory":"/home/albert/.vscode/extensions/ms-dotnettools.csdevkit-1.16.6-linux-x64/components/CPS/platforms/linux-x64/node_modules/@microsoft/visualstudio-projectsystem-server.linux-x64","entryPoint":{"assemblyPath":"/home/albert/.vscode/extensions/ms-dotnettools.csdevkit-1.16.6-linux-x64/components/CPS/platforms/linux-x64/node_modules/@microsoft/visualstudio-projectsystem-server.linux-x64/Microsoft.VisualStudio.ProjectSystem.Server.Implementation.dll","fullClassName":"Microsoft.VisualStudio.ProjectSystem.Server.ProjectInitializationStatusServiceFactory"}},{"ActivationArguments":{"__servicehub__ServiceHubRemoteServiceBrokerPipeName":"/home/albert/.ServiceHub/e414b9b349/ed284ad2e5","__servicehub__RequestedServiceVersion":"0.1"},"ClientCredentials":{},"ClientCulture":"ru","ClientUICulture":"ru"}]}
02/15/2025 00:16:43 Иркутск, стандартное время : Information : hubHostClr read: Content-Length: 967

{"jsonrpc":"2.0","id":3,"method":"StartServiceAsync","params":[{"name":"Microsoft.VisualStudio.LaunchConfigurationService","host":"dotnet.projectSystem","hostId":"C94B8CFE-E3FD-4BAF-A941-2866DBB566FE","serviceBaseDirectory":"/home/albert/.vscode/extensions/ms-dotnettools.csdevkit-1.16.6-linux-x64/components/CPS/platforms/linux-x64/node_modules/@microsoft/visualstudio-projectsystem-server.linux-x64","entryPoint":{"assemblyPath":"/home/albert/.vscode/extensions/ms-dotnettools.csdevkit-1.16.6-linux-x64/components/CPS/platforms/linux-x64/node_modules/@microsoft/visualstudio-projectsystem-server.linux-x64/Microsoft.VisualStudio.ProjectSystem.Server.Implementation.dll","fullClassName":"Microsoft.VisualStudio.ProjectSystem.Server.LaunchConfigurationServiceFactory"}},{"ActivationArguments":{"__servicehub__ServiceHubRemoteServiceBrokerPipeName":"/home/albert/.ServiceHub/e414b9b349/167ad64ed3"},"ClientCredentials":{},"ClientCulture":"ru","ClientUICulture":"ru"}]}Content-Length: 1013

{"jsonrpc":"2.0","id":4,"method":"StartServiceAsync","params":[{"name":"Microsoft.VisualStudio.ProjectSystem.ProjectTreeProvider","host":"dotnet.projectSystem","hostId":"C94B8CFE-E3FD-4BAF-A941-2866DBB566FE","serviceBaseDirectory":"/home/albert/.vscode/extensions/ms-dotnettools.csdevkit-1.16.6-linux-x64/components/CPS/platforms/linux-x64/node_modules/@microsoft/visualstudio-projectsystem-server.linux-x64","entryPoint":{"assemblyPath":"/home/albert/.vscode/extensions/ms-dotnettools.csdevkit-1.16.6-linux-x64/components/CPS/platforms/linux-x64/node_modules/@microsoft/visualstudio-projectsystem-server.linux-x64/Microsoft.VisualStudio.ProjectSystem.Server.Implementation.dll","fullClassName":"Microsoft.VisualStudio.ProjectSystem.Server.ProjectTreeProviderFactory"}},{"ActivationArguments":{"__servicehub__ServiceHubRemoteServiceBrokerPipeName":"/home/albert/.ServiceHub/e414b9b349/a0a8e3e7fa","__servicehub__RequestedServiceVersion":"0.1"},"ClientCredentials":{},"ClientCulture":"ru","ClientUICulture":"ru"}]}
02/15/2025 00:16:43 Иркутск, стандартное время : Information : CLR host received start request for service 'Microsoft.VisualStudio.ProjectSystem.ProjectInitializationStatusService'
02/15/2025 00:16:43 Иркутск, стандартное время : Information : Loading service module assembly '/home/albert/.vscode/extensions/ms-dotnettools.csdevkit-1.16.6-linux-x64/components/CPS/platforms/linux-x64/node_modules/@microsoft/visualstudio-projectsystem-server.linux-x64/Microsoft.VisualStudio.ProjectSystem.Server.Implementation.dll' from '/home/albert/.vscode/extensions/ms-dotnettools.csdevkit-1.16.6-linux-x64/components/CPS/platforms/linux-x64/node_modules/@microsoft/visualstudio-projectsystem-server.linux-x64'
02/15/2025 00:16:43 Иркутск, стандартное время : Information : Starting service module 'Microsoft.VisualStudio.ProjectSystem.ProjectInitializationStatusService'. Class: Microsoft.VisualStudio.ProjectSystem.Server.ProjectInitializationStatusServiceFactory, Supported Version: 
02/15/2025 00:16:43 Иркутск, стандартное время : Information : Started service 'Microsoft.VisualStudio.ProjectSystem.ProjectInitializationStatusService'. Pipe name: /home/albert/.ServiceHub/e414b9b349/6d9885f1cf, Supported Version: 
02/15/2025 00:16:43 Иркутск, стандартное время : Information : hubHostClr write: Content-Length: 82

{"jsonrpc":"2.0","id":5,"result":"/home/albert/.ServiceHub/e414b9b349/6d9885f1cf"}
02/15/2025 00:16:43 Иркутск, стандартное время : Information : CLR host received start request for service 'Microsoft.VisualStudio.LaunchConfigurationService'
02/15/2025 00:16:43 Иркутск, стандартное время : Information : Loading service module assembly '/home/albert/.vscode/extensions/ms-dotnettools.csdevkit-1.16.6-linux-x64/components/CPS/platforms/linux-x64/node_modules/@microsoft/visualstudio-projectsystem-server.linux-x64/Microsoft.VisualStudio.ProjectSystem.Server.Implementation.dll' from '/home/albert/.vscode/extensions/ms-dotnettools.csdevkit-1.16.6-linux-x64/components/CPS/platforms/linux-x64/node_modules/@microsoft/visualstudio-projectsystem-server.linux-x64'
02/15/2025 00:16:43 Иркутск, стандартное время : Information : Starting service module 'Microsoft.VisualStudio.LaunchConfigurationService'. Class: Microsoft.VisualStudio.ProjectSystem.Server.LaunchConfigurationServiceFactory, Supported Version: 
02/15/2025 00:16:43 Иркутск, стандартное время : Information : Started service 'Microsoft.VisualStudio.LaunchConfigurationService'. Pipe name: /home/albert/.ServiceHub/e414b9b349/ca51faaefe, Supported Version: 
02/15/2025 00:16:43 Иркутск, стандартное время : Information : CLR host received start request for service 'Microsoft.VisualStudio.ProjectSystem.ProjectTreeProvider'
02/15/2025 00:16:43 Иркутск, стандартное время : Information : hubHostClr write: Content-Length: 82

{"jsonrpc":"2.0","id":3,"result":"/home/albert/.ServiceHub/e414b9b349/ca51faaefe"}
02/15/2025 00:16:43 Иркутск, стандартное время : Information : Loading service module assembly '/home/albert/.vscode/extensions/ms-dotnettools.csdevkit-1.16.6-linux-x64/components/CPS/platforms/linux-x64/node_modules/@microsoft/visualstudio-projectsystem-server.linux-x64/Microsoft.VisualStudio.ProjectSystem.Server.Implementation.dll' from '/home/albert/.vscode/extensions/ms-dotnettools.csdevkit-1.16.6-linux-x64/components/CPS/platforms/linux-x64/node_modules/@microsoft/visualstudio-projectsystem-server.linux-x64'
02/15/2025 00:16:43 Иркутск, стандартное время : Information : Starting service module 'Microsoft.VisualStudio.ProjectSystem.ProjectTreeProvider'. Class: Microsoft.VisualStudio.ProjectSystem.Server.ProjectTreeProviderFactory, Supported Version: 
02/15/2025 00:16:43 Иркутск, стандартное время : Information : Started service 'Microsoft.VisualStudio.ProjectSystem.ProjectTreeProvider'. Pipe name: /home/albert/.ServiceHub/e414b9b349/58d95909de, Supported Version: 
02/15/2025 00:16:43 Иркутск, стандартное время : Information : hubHostClr write: Content-Length: 82

{"jsonrpc":"2.0","id":4,"result":"/home/albert/.ServiceHub/e414b9b349/58d95909de"}
02/15/2025 00:16:43 Иркутск, стандартное время : Information : A new client connected to CLR service module 'Microsoft.VisualStudio.ProjectSystem.ProjectInitializationStatusService'
02/15/2025 00:16:43 Иркутск, стандартное время : Information : A new client connected to CLR service module 'Microsoft.VisualStudio.LaunchConfigurationService'
02/15/2025 00:16:43 Иркутск, стандартное время : Information : A new client connected to CLR service module 'Microsoft.VisualStudio.ProjectSystem.ProjectTreeProvider'
02/15/2025 00:16:43 Иркутск, стандартное время : Information : hubHostClr write: Content-Length: 124

{"jsonrpc":"2.0","method":"HostServicesStartedAsync","params":["dotnet.projectSystem$C94B8CFE-E3FD-4BAF-A941-2866DBB566FE"]}
02/15/2025 00:16:43 Иркутск, стандартное время : Information : Found FactoryVersion=Version2 for service : Microsoft.VisualStudio.ProjectSystem.ProjectInitializationStatusService.
02/15/2025 00:16:43 Иркутск, стандартное время : Information : Service 'Microsoft.VisualStudio.ProjectSystem.Server.ProjectInitializationStatusServiceFactory' implements IServiceHubServiceFactory. Creating factory instance and caching it.
02/15/2025 00:16:43 Иркутск, стандартное время : Information : Found FactoryVersion=Version2 for service : Microsoft.VisualStudio.ProjectSystem.ProjectTreeProvider.
02/15/2025 00:16:43 Иркутск, стандартное время : Information : Service 'Microsoft.VisualStudio.ProjectSystem.Server.ProjectTreeProviderFactory' implements IServiceHubServiceFactory. Creating factory instance and caching it.
02/15/2025 00:16:43 Иркутск, стандартное время : Information : Found FactoryVersion=Version2 for service : Microsoft.VisualStudio.LaunchConfigurationService.
02/15/2025 00:16:43 Иркутск, стандартное время : Information : Service 'Microsoft.VisualStudio.ProjectSystem.Server.LaunchConfigurationServiceFactory' implements IServiceHubServiceFactory. Creating factory instance and caching it.
02/15/2025 00:16:43 Иркутск, стандартное время : Information : Creating service Microsoft.VisualStudio.ProjectSystem.Server.LaunchConfigurationServiceFactory from factory with FactoryVersion=Version2 and ClientRequestedVersion=.
02/15/2025 00:16:43 Иркутск, стандартное время : Information : Creating service Microsoft.VisualStudio.ProjectSystem.Server.ProjectInitializationStatusServiceFactory from factory with FactoryVersion=Version2 and ClientRequestedVersion=0.1.
02/15/2025 00:16:43 Иркутск, стандартное время : Information : Creating service Microsoft.VisualStudio.ProjectSystem.Server.ProjectTreeProviderFactory from factory with FactoryVersion=Version2 and ClientRequestedVersion=0.1.
02/15/2025 00:16:43 Иркутск, стандартное время : Information : Setting up RPC connection for service 'Microsoft.VisualStudio.ProjectSystem.Server.ProjectInitializationStatusServiceFactory' from factory
02/15/2025 00:16:43 Иркутск, стандартное время : Information : Setting up RPC connection for service 'Microsoft.VisualStudio.ProjectSystem.Server.ProjectTreeProviderFactory' from factory
02/15/2025 00:16:43 Иркутск, стандартное время : Information : Setting up RPC connection for service 'Microsoft.VisualStudio.ProjectSystem.Server.LaunchConfigurationServiceFactory' from factory
02/15/2025 00:16:43 Иркутск, стандартное время : Information : hubHostClr read: Content-Length: 1032

{"jsonrpc":"2.0","id":6,"method":"StartServiceAsync","params":[{"name":"Microsoft.VisualStudio.ProjectSystem.Query.Remoting.QueryExecutionService","host":"dotnet.projectSystem","hostId":"C94B8CFE-E3FD-4BAF-A941-2866DBB566FE","serviceBaseDirectory":"/home/albert/.vscode/extensions/ms-dotnettools.csdevkit-1.16.6-linux-x64/components/CPS/platforms/linux-x64/node_modules/@microsoft/visualstudio-projectsystem-server.linux-x64","entryPoint":{"assemblyPath":"/home/albert/.vscode/extensions/ms-dotnettools.csdevkit-1.16.6-linux-x64/components/CPS/platforms/linux-x64/node_modules/@microsoft/visualstudio-projectsystem-server.linux-x64/Microsoft.VisualStudio.ProjectSystem.Server.Implementation.dll","fullClassName":"Microsoft.VisualStudio.ProjectSystem.Server.QueryExecutionServiceFactory"}},{"ActivationArguments":{"__servicehub__ServiceHubRemoteServiceBrokerPipeName":"/home/albert/.ServiceHub/e414b9b349/24d531a872","__servicehub__RequestedServiceVersion":"0.3"},"ClientCredentials":{},"ClientCulture":"ru","ClientUICulture":"ru"}]}
02/15/2025 00:16:43 Иркутск, стандартное время : Information : CLR host received start request for service 'Microsoft.VisualStudio.ProjectSystem.Query.Remoting.QueryExecutionService'
02/15/2025 00:16:43 Иркутск, стандартное время : Information : Loading service module assembly '/home/albert/.vscode/extensions/ms-dotnettools.csdevkit-1.16.6-linux-x64/components/CPS/platforms/linux-x64/node_modules/@microsoft/visualstudio-projectsystem-server.linux-x64/Microsoft.VisualStudio.ProjectSystem.Server.Implementation.dll' from '/home/albert/.vscode/extensions/ms-dotnettools.csdevkit-1.16.6-linux-x64/components/CPS/platforms/linux-x64/node_modules/@microsoft/visualstudio-projectsystem-server.linux-x64'
02/15/2025 00:16:43 Иркутск, стандартное время : Information : Starting service module 'Microsoft.VisualStudio.ProjectSystem.Query.Remoting.QueryExecutionService'. Class: Microsoft.VisualStudio.ProjectSystem.Server.QueryExecutionServiceFactory, Supported Version: 
02/15/2025 00:16:43 Иркутск, стандартное время : Information : Started service 'Microsoft.VisualStudio.ProjectSystem.Query.Remoting.QueryExecutionService'. Pipe name: /home/albert/.ServiceHub/e414b9b349/567ab08fcf, Supported Version: 
02/15/2025 00:16:43 Иркутск, стандартное время : Information : hubHostClr write: Content-Length: 82

{"jsonrpc":"2.0","id":6,"result":"/home/albert/.ServiceHub/e414b9b349/567ab08fcf"}
02/15/2025 00:16:43 Иркутск, стандартное время : Information : A new client connected to CLR service module 'Microsoft.VisualStudio.ProjectSystem.Query.Remoting.QueryExecutionService'
02/15/2025 00:16:43 Иркутск, стандартное время : Information : Found FactoryVersion=Version2 for service : Microsoft.VisualStudio.ProjectSystem.Query.Remoting.QueryExecutionService.
02/15/2025 00:16:43 Иркутск, стандартное время : Information : Service 'Microsoft.VisualStudio.ProjectSystem.Server.QueryExecutionServiceFactory' implements IServiceHubServiceFactory. Creating factory instance and caching it.
02/15/2025 00:16:43 Иркутск, стандартное время : Information : Creating service Microsoft.VisualStudio.ProjectSystem.Server.QueryExecutionServiceFactory from factory with FactoryVersion=Version2 and ClientRequestedVersion=0.3.
02/15/2025 00:16:43 Иркутск, стандартное время : Information : Setting up RPC connection for service 'Microsoft.VisualStudio.ProjectSystem.Server.QueryExecutionServiceFactory' from factory
02/15/2025 00:16:43 Иркутск, стандартное время : Information : hubHostClr read: Content-Length: 1011

{"jsonrpc":"2.0","id":7,"method":"StartServiceAsync","params":[{"name":"Microsoft.VisualStudio.ProjectSystem.CompositionService","host":"dotnet.projectSystem","hostId":"C94B8CFE-E3FD-4BAF-A941-2866DBB566FE","serviceBaseDirectory":"/home/albert/.vscode/extensions/ms-dotnettools.csdevkit-1.16.6-linux-x64/components/CPS/platforms/linux-x64/node_modules/@microsoft/visualstudio-projectsystem-server.linux-x64","entryPoint":{"assemblyPath":"/home/albert/.vscode/extensions/ms-dotnettools.csdevkit-1.16.6-linux-x64/components/CPS/platforms/linux-x64/node_modules/@microsoft/visualstudio-projectsystem-server.linux-x64/Microsoft.VisualStudio.ProjectSystem.Server.Implementation.dll","fullClassName":"Microsoft.VisualStudio.ProjectSystem.Server.CompositionServiceFactory"}},{"ActivationArguments":{"__servicehub__ServiceHubRemoteServiceBrokerPipeName":"/home/albert/.ServiceHub/e414b9b349/5b4aad1e7b","__servicehub__RequestedServiceVersion":"0.1"},"ClientCredentials":{},"ClientCulture":"ru","ClientUICulture":"ru"}]}
02/15/2025 00:16:43 Иркутск, стандартное время : Information : CLR host received start request for service 'Microsoft.VisualStudio.ProjectSystem.CompositionService'
02/15/2025 00:16:43 Иркутск, стандартное время : Information : Loading service module assembly '/home/albert/.vscode/extensions/ms-dotnettools.csdevkit-1.16.6-linux-x64/components/CPS/platforms/linux-x64/node_modules/@microsoft/visualstudio-projectsystem-server.linux-x64/Microsoft.VisualStudio.ProjectSystem.Server.Implementation.dll' from '/home/albert/.vscode/extensions/ms-dotnettools.csdevkit-1.16.6-linux-x64/components/CPS/platforms/linux-x64/node_modules/@microsoft/visualstudio-projectsystem-server.linux-x64'
02/15/2025 00:16:43 Иркутск, стандартное время : Information : Starting service module 'Microsoft.VisualStudio.ProjectSystem.CompositionService'. Class: Microsoft.VisualStudio.ProjectSystem.Server.CompositionServiceFactory, Supported Version: 
02/15/2025 00:16:43 Иркутск, стандартное время : Information : Started service 'Microsoft.VisualStudio.ProjectSystem.CompositionService'. Pipe name: /home/albert/.ServiceHub/e414b9b349/7329458839, Supported Version: 
02/15/2025 00:16:43 Иркутск, стандартное время : Information : hubHostClr write: Content-Length: 82

{"jsonrpc":"2.0","id":7,"result":"/home/albert/.ServiceHub/e414b9b349/7329458839"}
02/15/2025 00:16:43 Иркутск, стандартное время : Information : A new client connected to CLR service module 'Microsoft.VisualStudio.ProjectSystem.CompositionService'
02/15/2025 00:16:43 Иркутск, стандартное время : Information : Found FactoryVersion=Version2 for service : Microsoft.VisualStudio.ProjectSystem.CompositionService.
02/15/2025 00:16:43 Иркутск, стандартное время : Information : Service 'Microsoft.VisualStudio.ProjectSystem.Server.CompositionServiceFactory' implements IServiceHubServiceFactory. Creating factory instance and caching it.
02/15/2025 00:16:43 Иркутск, стандартное время : Information : Creating service Microsoft.VisualStudio.ProjectSystem.Server.CompositionServiceFactory from factory with FactoryVersion=Version2 and ClientRequestedVersion=0.1.
02/15/2025 00:16:43 Иркутск, стандартное время : Information : Setting up RPC connection for service 'Microsoft.VisualStudio.ProjectSystem.Server.CompositionServiceFactory' from factory
02/15/2025 00:16:44 Иркутск, стандартное время : Information : Completed RPC connection setup for service 'Microsoft.VisualStudio.ProjectSystem.Server.CompositionServiceFactory' from factory
02/15/2025 00:16:44 Иркутск, стандартное время : Information : Completed RPC connection setup for service 'Microsoft.VisualStudio.ProjectSystem.Server.LaunchConfigurationServiceFactory' from factory
02/15/2025 00:16:44 Иркутск, стандартное время : Information : Completed RPC connection setup for service 'Microsoft.VisualStudio.ProjectSystem.Server.ProjectInitializationStatusServiceFactory' from factory
02/15/2025 00:16:44 Иркутск, стандартное время : Information : Completed RPC connection setup for service 'Microsoft.VisualStudio.ProjectSystem.Server.ProjectTreeProviderFactory' from factory
02/15/2025 00:16:44 Иркутск, стандартное время : Information : Checking if 'Microsoft.VisualStudio.ProjectSystem.Server.CompositionServiceFactory' implements Microsoft.VisualStudio.Threading.IAsyncDisposable.
02/15/2025 00:16:44 Иркутск, стандартное время : Information : Checking if 'Microsoft.VisualStudio.ProjectSystem.Server.CompositionServiceFactory' implements System.IAsyncDisposable.
02/15/2025 00:16:44 Иркутск, стандартное время : Information : Checking if 'Microsoft.VisualStudio.ProjectSystem.Server.CompositionServiceFactory' implements System.IDisposable.
02/15/2025 00:16:44 Иркутск, стандартное время : Information : Completed RPC connection setup for service 'Microsoft.VisualStudio.ProjectSystem.Server.QueryExecutionServiceFactory' from factory
02/15/2025 00:16:44 Иркутск, стандартное время : Information : hubHostClr read: Content-Length: 1012

{"jsonrpc":"2.0","id":8,"method":"StartServiceAsync","params":[{"name":"Microsoft.VisualStudio.CpsProjectIconSourceService","host":"dotnet.projectSystem","hostId":"C94B8CFE-E3FD-4BAF-A941-2866DBB566FE","serviceBaseDirectory":"/home/albert/.vscode/extensions/ms-dotnettools.csdevkit-1.16.6-linux-x64/components/CPS/platforms/linux-x64/node_modules/@microsoft/visualstudio-projectsystem-server.linux-x64","entryPoint":{"assemblyPath":"/home/albert/.vscode/extensions/ms-dotnettools.csdevkit-1.16.6-linux-x64/components/CPS/platforms/linux-x64/node_modules/@microsoft/visualstudio-projectsystem-server.linux-x64/Microsoft.VisualStudio.ProjectSystem.Server.Implementation.dll","fullClassName":"Microsoft.VisualStudio.ProjectSystem.Server.ProjectIconSourceServiceFactory"}},{"ActivationArguments":{"__servicehub__ServiceHubRemoteServiceBrokerPipeName":"/home/albert/.ServiceHub/e414b9b349/90e4ce5257","__servicehub__RequestedServiceVersion":"0.1"},"ClientCredentials":{},"ClientCulture":"ru","ClientUICulture":"ru"}]}
02/15/2025 00:16:44 Иркутск, стандартное время : Information : CLR host received start request for service 'Microsoft.VisualStudio.CpsProjectIconSourceService'
02/15/2025 00:16:44 Иркутск, стандартное время : Information : Loading service module assembly '/home/albert/.vscode/extensions/ms-dotnettools.csdevkit-1.16.6-linux-x64/components/CPS/platforms/linux-x64/node_modules/@microsoft/visualstudio-projectsystem-server.linux-x64/Microsoft.VisualStudio.ProjectSystem.Server.Implementation.dll' from '/home/albert/.vscode/extensions/ms-dotnettools.csdevkit-1.16.6-linux-x64/components/CPS/platforms/linux-x64/node_modules/@microsoft/visualstudio-projectsystem-server.linux-x64'
02/15/2025 00:16:44 Иркутск, стандартное время : Information : Starting service module 'Microsoft.VisualStudio.CpsProjectIconSourceService'. Class: Microsoft.VisualStudio.ProjectSystem.Server.ProjectIconSourceServiceFactory, Supported Version: 
02/15/2025 00:16:44 Иркутск, стандартное время : Information : Started service 'Microsoft.VisualStudio.CpsProjectIconSourceService'. Pipe name: /home/albert/.ServiceHub/e414b9b349/619fc42be7, Supported Version: 
02/15/2025 00:16:44 Иркутск, стандартное время : Information : hubHostClr write: Content-Length: 82

{"jsonrpc":"2.0","id":8,"result":"/home/albert/.ServiceHub/e414b9b349/619fc42be7"}
02/15/2025 00:16:44 Иркутск, стандартное время : Information : hubHostClr read: Content-Length: 1032

{"jsonrpc":"2.0","id":9,"method":"StartServiceAsync","params":[{"name":"Microsoft.VisualStudio.ProjectSystem.Query.Remoting.QueryExecutionService","host":"dotnet.projectSystem","hostId":"C94B8CFE-E3FD-4BAF-A941-2866DBB566FE","serviceBaseDirectory":"/home/albert/.vscode/extensions/ms-dotnettools.csdevkit-1.16.6-linux-x64/components/CPS/platforms/linux-x64/node_modules/@microsoft/visualstudio-projectsystem-server.linux-x64","entryPoint":{"assemblyPath":"/home/albert/.vscode/extensions/ms-dotnettools.csdevkit-1.16.6-linux-x64/components/CPS/platforms/linux-x64/node_modules/@microsoft/visualstudio-projectsystem-server.linux-x64/Microsoft.VisualStudio.ProjectSystem.Server.Implementation.dll","fullClassName":"Microsoft.VisualStudio.ProjectSystem.Server.QueryExecutionServiceFactory"}},{"ActivationArguments":{"__servicehub__ServiceHubRemoteServiceBrokerPipeName":"/home/albert/.ServiceHub/e414b9b349/a96cc4a7c2","__servicehub__RequestedServiceVersion":"0.3"},"ClientCredentials":{},"ClientCulture":"ru","ClientUICulture":"ru"}]}
02/15/2025 00:16:44 Иркутск, стандартное время : Information : CLR host received start request for service 'Microsoft.VisualStudio.ProjectSystem.Query.Remoting.QueryExecutionService'
02/15/2025 00:16:44 Иркутск, стандартное время : Information : Loading service module assembly '/home/albert/.vscode/extensions/ms-dotnettools.csdevkit-1.16.6-linux-x64/components/CPS/platforms/linux-x64/node_modules/@microsoft/visualstudio-projectsystem-server.linux-x64/Microsoft.VisualStudio.ProjectSystem.Server.Implementation.dll' from '/home/albert/.vscode/extensions/ms-dotnettools.csdevkit-1.16.6-linux-x64/components/CPS/platforms/linux-x64/node_modules/@microsoft/visualstudio-projectsystem-server.linux-x64'
02/15/2025 00:16:44 Иркутск, стандартное время : Information : Starting service module 'Microsoft.VisualStudio.ProjectSystem.Query.Remoting.QueryExecutionService'. Class: Microsoft.VisualStudio.ProjectSystem.Server.QueryExecutionServiceFactory, Supported Version: 
02/15/2025 00:16:44 Иркутск, стандартное время : Information : Started service 'Microsoft.VisualStudio.ProjectSystem.Query.Remoting.QueryExecutionService'. Pipe name: /home/albert/.ServiceHub/e414b9b349/9a28a41d77, Supported Version: 
02/15/2025 00:16:44 Иркутск, стандартное время : Information : hubHostClr write: Content-Length: 82

{"jsonrpc":"2.0","id":9,"result":"/home/albert/.ServiceHub/e414b9b349/9a28a41d77"}
02/15/2025 00:16:44 Иркутск, стандартное время : Information : A new client connected to CLR service module 'Microsoft.VisualStudio.CpsProjectIconSourceService'
02/15/2025 00:16:44 Иркутск, стандартное время : Information : A new client connected to CLR service module 'Microsoft.VisualStudio.ProjectSystem.Query.Remoting.QueryExecutionService'
02/15/2025 00:16:44 Иркутск, стандартное время : Information : Found FactoryVersion=Version2 for service : Microsoft.VisualStudio.CpsProjectIconSourceService.
02/15/2025 00:16:44 Иркутск, стандартное время : Information : Service 'Microsoft.VisualStudio.ProjectSystem.Server.ProjectIconSourceServiceFactory' implements IServiceHubServiceFactory. Creating factory instance and caching it.
02/15/2025 00:16:44 Иркутск, стандартное время : Information : Found IServiceHubServiceFactory in cache. Creating instance from the factory.
02/15/2025 00:16:44 Иркутск, стандартное время : Information : Creating service Microsoft.VisualStudio.ProjectSystem.Server.QueryExecutionServiceFactory from factory with FactoryVersion=Version2 and ClientRequestedVersion=0.3.
02/15/2025 00:16:44 Иркутск, стандартное время : Information : Setting up RPC connection for service 'Microsoft.VisualStudio.ProjectSystem.Server.QueryExecutionServiceFactory' from factory
02/15/2025 00:16:44 Иркутск, стандартное время : Information : Creating service Microsoft.VisualStudio.ProjectSystem.Server.ProjectIconSourceServiceFactory from factory with FactoryVersion=Version2 and ClientRequestedVersion=0.1.
02/15/2025 00:16:44 Иркутск, стандартное время : Information : Setting up RPC connection for service 'Microsoft.VisualStudio.ProjectSystem.Server.ProjectIconSourceServiceFactory' from factory
02/15/2025 00:16:44 Иркутск, стандартное время : Information : Completed RPC connection setup for service 'Microsoft.VisualStudio.ProjectSystem.Server.QueryExecutionServiceFactory' from factory
02/15/2025 00:16:44 Иркутск, стандартное время : Information : Completed RPC connection setup for service 'Microsoft.VisualStudio.ProjectSystem.Server.ProjectIconSourceServiceFactory' from factory
02/15/2025 00:16:45 Иркутск, стандартное время : Information : Checking if 'Microsoft.VisualStudio.ProjectSystem.Server.ProjectInitializationStatusServiceFactory' implements Microsoft.VisualStudio.Threading.IAsyncDisposable.
02/15/2025 00:16:45 Иркутск, стандартное время : Information : Checking if 'Microsoft.VisualStudio.ProjectSystem.Server.ProjectTreeProviderFactory' implements Microsoft.VisualStudio.Threading.IAsyncDisposable.
02/15/2025 00:16:45 Иркутск, стандартное время : Information : Checking if 'Microsoft.VisualStudio.ProjectSystem.Server.ProjectInitializationStatusServiceFactory' implements System.IAsyncDisposable.
02/15/2025 00:16:45 Иркутск, стандартное время : Information : Checking if 'Microsoft.VisualStudio.ProjectSystem.Server.ProjectTreeProviderFactory' implements System.IAsyncDisposable.
02/15/2025 00:16:45 Иркутск, стандартное время : Information : Checking if 'Microsoft.VisualStudio.ProjectSystem.Server.ProjectTreeProviderFactory' implements System.IDisposable.
02/15/2025 00:16:45 Иркутск, стандартное время : Information : Checking if 'Microsoft.VisualStudio.ProjectSystem.Server.ProjectInitializationStatusServiceFactory' implements System.IDisposable.
02/15/2025 00:16:45 Иркутск, стандартное время : Information : Checking if 'Microsoft.VisualStudio.ProjectSystem.Server.LaunchConfigurationServiceFactory' implements Microsoft.VisualStudio.Threading.IAsyncDisposable.
02/15/2025 00:16:45 Иркутск, стандартное время : Information : Checking if 'Microsoft.VisualStudio.ProjectSystem.Server.LaunchConfigurationServiceFactory' implements System.IAsyncDisposable.
02/15/2025 00:16:45 Иркутск, стандартное время : Information : Checking if 'Microsoft.VisualStudio.ProjectSystem.Server.LaunchConfigurationServiceFactory' implements System.IDisposable.
02/15/2025 00:16:45 Иркутск, стандартное время : Information : hubHostClr read: Content-Length: 58

{"jsonrpc":"2.0","id":10,"method":"ExitAsync","params":[]}
02/15/2025 00:16:45 Иркутск, стандартное время : Information : Exit command received. Exiting CLR host
02/15/2025 00:16:45 Иркутск, стандартное время : Information : hubHostClr write: Content-Length: 39

{"jsonrpc":"2.0","id":10,"result":null}
02/15/2025 00:16:45 Иркутск, стандартное время : Information : hubHostClr JSON RPC has been disposed
02/15/2025 00:16:45 Иркутск, стандартное время : Information : hubHostClr read: end of stream
02/15/2025 00:16:45 Иркутск, стандартное время : Information : Checking if 'Microsoft.VisualStudio.ProjectSystem.Server.ProjectIconSourceServiceFactory' implements Microsoft.VisualStudio.Threading.IAsyncDisposable.
02/15/2025 00:16:45 Иркутск, стандартное время : Information : Checking if 'Microsoft.VisualStudio.ProjectSystem.Server.QueryExecutionServiceFactory' implements Microsoft.VisualStudio.Threading.IAsyncDisposable.
02/15/2025 00:16:45 Иркутск, стандартное время : Information : Checking if 'Microsoft.VisualStudio.ProjectSystem.Server.ProjectIconSourceServiceFactory' implements System.IAsyncDisposable.
02/15/2025 00:16:45 Иркутск, стандартное время : Information : Checking if 'Microsoft.VisualStudio.ProjectSystem.Server.ProjectIconSourceServiceFactory' implements System.IDisposable.
02/15/2025 00:16:45 Иркутск, стандартное время : Information : Checking if 'Microsoft.VisualStudio.ProjectSystem.Server.QueryExecutionServiceFactory' implements System.IAsyncDisposable.
02/15/2025 00:16:45 Иркутск, стандартное время : Information : Checking if 'Microsoft.VisualStudio.ProjectSystem.Server.QueryExecutionServiceFactory' implements System.IDisposable.
02/15/2025 00:16:45 Иркутск, стандартное время : Information : Checking if 'Microsoft.VisualStudio.ProjectSystem.Server.QueryExecutionServiceFactory' implements Microsoft.VisualStudio.Threading.IAsyncDisposable.
02/15/2025 00:16:45 Иркутск, стандартное время : Information : Checking if 'Microsoft.VisualStudio.ProjectSystem.Server.QueryExecutionServiceFactory' implements System.IAsyncDisposable.
02/15/2025 00:16:45 Иркутск, стандартное время : Information : Checking if 'Microsoft.VisualStudio.ProjectSystem.Server.QueryExecutionServiceFactory' implements System.IDisposable.
