02/15/2025 00:16:42 Иркутск, стандартное время : Information : Local timezone is (UTC+08:00) Иркутск, стандартное время
02/15/2025 00:16:43 Иркутск, стандартное время : Information : Service Hub .NET service module host started. Host id: dotnet$C94B8CFE-E3FD-4BAF-A941-2866DBB566FE. Controller pipe: net.pipe://70698431E1. PID: 7129
02/15/2025 00:16:43 Иркутск, стандартное время : Information : hubHostClr read: Content-Length: 116

{"jsonrpc":"2.0","id":2,"method":"InitializeHostAsync","params":[{"HostsRootDirectory":".","AppConfigFallback":""}]}
02/15/2025 00:16:43 Иркутск, стандартное время : Information : hubHostClr write: Content-Length: 79

{"jsonrpc":"2.0","id":2,"result":"dotnet$C94B8CFE-E3FD-4BAF-A941-2866DBB566FE"}
02/15/2025 00:16:43 Иркутск, стандартное время : Information : hubHostClr read: Content-Length: 1020

{"jsonrpc":"2.0","id":3,"method":"StartServiceAsync","params":[{"name":"Microsoft.VisualStudio.TestWindow.VSCode.Service","host":"dotnet","hostId":"C94B8CFE-E3FD-4BAF-A941-2866DBB566FE","serviceBaseDirectory":"/home/albert/.vscode/extensions/ms-dotnettools.csdevkit-1.16.6-linux-x64/components/VSUnitTesting/platforms/linux-x64/node_modules/@microsoft/visualstudio-testwindow-vscode-service.linux-x64","entryPoint":{"assemblyPath":"/home/albert/.vscode/extensions/ms-dotnettools.csdevkit-1.16.6-linux-x64/components/VSUnitTesting/platforms/linux-x64/node_modules/@microsoft/visualstudio-testwindow-vscode-service.linux-x64/Microsoft.VisualStudio.TestWindow.VSCode.Service.dll","fullClassName":"Microsoft.VisualStudio.TestWindow.VSCode.Service.TestWindowVSCodeServiceFactory"}},{"ActivationArguments":{"__servicehub__ServiceHubRemoteServiceBrokerPipeName":"/home/albert/.ServiceHub/e414b9b349/29073ef19e","__servicehub__RequestedServiceVersion":"0.1"},"ClientCredentials":{},"ClientCulture":"ru","ClientUICulture":"ru"}]}
02/15/2025 00:16:43 Иркутск, стандартное время : Information : CLR host received start request for service 'Microsoft.VisualStudio.TestWindow.VSCode.Service'
02/15/2025 00:16:43 Иркутск, стандартное время : Information : Loading service module assembly '/home/albert/.vscode/extensions/ms-dotnettools.csdevkit-1.16.6-linux-x64/components/VSUnitTesting/platforms/linux-x64/node_modules/@microsoft/visualstudio-testwindow-vscode-service.linux-x64/Microsoft.VisualStudio.TestWindow.VSCode.Service.dll' from '/home/albert/.vscode/extensions/ms-dotnettools.csdevkit-1.16.6-linux-x64/components/VSUnitTesting/platforms/linux-x64/node_modules/@microsoft/visualstudio-testwindow-vscode-service.linux-x64'
02/15/2025 00:16:43 Иркутск, стандартное время : Information : Starting service module 'Microsoft.VisualStudio.TestWindow.VSCode.Service'. Class: Microsoft.VisualStudio.TestWindow.VSCode.Service.TestWindowVSCodeServiceFactory, Supported Version: 
02/15/2025 00:16:43 Иркутск, стандартное время : Information : Started service 'Microsoft.VisualStudio.TestWindow.VSCode.Service'. Pipe name: /home/albert/.ServiceHub/e414b9b349/33e3bfd6cd, Supported Version: 
02/15/2025 00:16:43 Иркутск, стандартное время : Information : hubHostClr write: Content-Length: 82

{"jsonrpc":"2.0","id":3,"result":"/home/albert/.ServiceHub/e414b9b349/33e3bfd6cd"}
02/15/2025 00:16:43 Иркутск, стандартное время : Information : hubHostClr read: Content-Length: 1007

{"jsonrpc":"2.0","id":4,"method":"StartServiceAsync","params":[{"name":"Microsoft.VisualStudio.Debugger.HotReloadSessionNotificationService","host":"dotnet","hostId":"C94B8CFE-E3FD-4BAF-A941-2866DBB566FE","serviceBaseDirectory":"/home/albert/.vscode/extensions/ms-dotnettools.csdevkit-1.16.6-linux-x64/components/VSDebugCore/platforms/linux-x64/node_modules/@microsoft/visualstudio-debugger-devkit.linux-x64","entryPoint":{"assemblyPath":"/home/albert/.vscode/extensions/ms-dotnettools.csdevkit-1.16.6-linux-x64/components/VSDebugCore/platforms/linux-x64/node_modules/@microsoft/visualstudio-debugger-devkit.linux-x64/Microsoft.VisualStudio.Debugger.DevKit.dll","fullClassName":"Microsoft.VisualStudio.Debugger.HotReloadSessionNotificationService+Factory"}},{"ActivationArguments":{"__servicehub__ServiceHubRemoteServiceBrokerPipeName":"/home/albert/.ServiceHub/e414b9b349/368d05e06e","__servicehub__RequestedServiceVersion":"0.1"},"ClientCredentials":{},"ClientCulture":"ru-RU","ClientUICulture":"ru-RU"}]}
02/15/2025 00:16:43 Иркутск, стандартное время : Information : CLR host received start request for service 'Microsoft.VisualStudio.Debugger.HotReloadSessionNotificationService'
02/15/2025 00:16:43 Иркутск, стандартное время : Information : Loading service module assembly '/home/albert/.vscode/extensions/ms-dotnettools.csdevkit-1.16.6-linux-x64/components/VSDebugCore/platforms/linux-x64/node_modules/@microsoft/visualstudio-debugger-devkit.linux-x64/Microsoft.VisualStudio.Debugger.DevKit.dll' from '/home/albert/.vscode/extensions/ms-dotnettools.csdevkit-1.16.6-linux-x64/components/VSDebugCore/platforms/linux-x64/node_modules/@microsoft/visualstudio-debugger-devkit.linux-x64'
02/15/2025 00:16:43 Иркутск, стандартное время : Information : Starting service module 'Microsoft.VisualStudio.Debugger.HotReloadSessionNotificationService'. Class: Microsoft.VisualStudio.Debugger.HotReloadSessionNotificationService+Factory, Supported Version: 
02/15/2025 00:16:43 Иркутск, стандартное время : Information : Started service 'Microsoft.VisualStudio.Debugger.HotReloadSessionNotificationService'. Pipe name: /home/albert/.ServiceHub/e414b9b349/64fc77eae9, Supported Version: 
02/15/2025 00:16:43 Иркутск, стандартное время : Information : hubHostClr write: Content-Length: 82

{"jsonrpc":"2.0","id":4,"result":"/home/albert/.ServiceHub/e414b9b349/64fc77eae9"}
02/15/2025 00:16:43 Иркутск, стандартное время : Information : A new client connected to CLR service module 'Microsoft.VisualStudio.Debugger.HotReloadSessionNotificationService'
02/15/2025 00:16:43 Иркутск, стандартное время : Information : A new client connected to CLR service module 'Microsoft.VisualStudio.TestWindow.VSCode.Service'
02/15/2025 00:16:43 Иркутск, стандартное время : Information : Found FactoryVersion=Version2 for service : Microsoft.VisualStudio.Debugger.HotReloadSessionNotificationService.
02/15/2025 00:16:43 Иркутск, стандартное время : Information : Service 'Microsoft.VisualStudio.Debugger.HotReloadSessionNotificationService+Factory' implements IServiceHubServiceFactory. Creating factory instance and caching it.
02/15/2025 00:16:43 Иркутск, стандартное время : Information : hubHostClr write: Content-Length: 110

{"jsonrpc":"2.0","method":"HostServicesStartedAsync","params":["dotnet$C94B8CFE-E3FD-4BAF-A941-2866DBB566FE"]}
02/15/2025 00:16:43 Иркутск, стандартное время : Information : Found FactoryVersion=Version2 for service : Microsoft.VisualStudio.TestWindow.VSCode.Service.
02/15/2025 00:16:43 Иркутск, стандартное время : Information : Service 'Microsoft.VisualStudio.TestWindow.VSCode.Service.TestWindowVSCodeServiceFactory' implements IServiceHubServiceFactory. Creating factory instance and caching it.
02/15/2025 00:16:43 Иркутск, стандартное время : Information : Creating service Microsoft.VisualStudio.Debugger.HotReloadSessionNotificationService+Factory from factory with FactoryVersion=Version2 and ClientRequestedVersion=0.1.
02/15/2025 00:16:43 Иркутск, стандартное время : Information : Creating service Microsoft.VisualStudio.TestWindow.VSCode.Service.TestWindowVSCodeServiceFactory from factory with FactoryVersion=Version2 and ClientRequestedVersion=0.1.
02/15/2025 00:16:43 Иркутск, стандартное время : Information : Setting up RPC connection for service 'Microsoft.VisualStudio.TestWindow.VSCode.Service.TestWindowVSCodeServiceFactory' from factory
02/15/2025 00:16:43 Иркутск, стандартное время : Information : Setting up RPC connection for service 'Microsoft.VisualStudio.Debugger.HotReloadSessionNotificationService+Factory' from factory
02/15/2025 00:16:43 Иркутск, стандартное время : Information : Completed RPC connection setup for service 'Microsoft.VisualStudio.TestWindow.VSCode.Service.TestWindowVSCodeServiceFactory' from factory
02/15/2025 00:16:43 Иркутск, стандартное время : Information : Completed RPC connection setup for service 'Microsoft.VisualStudio.Debugger.HotReloadSessionNotificationService+Factory' from factory
02/15/2025 00:16:43 Иркутск, стандартное время : Information : hubHostClr read: Content-Length: 1069

{"jsonrpc":"2.0","id":5,"method":"StartServiceAsync","params":[{"name":"Microsoft.VisualStudio.TestWindow.VSCode.ProjectSystemProvider.Service","host":"dotnet","hostId":"C94B8CFE-E3FD-4BAF-A941-2866DBB566FE","serviceBaseDirectory":"/home/albert/.vscode/extensions/ms-dotnettools.csdevkit-1.16.6-linux-x64/components/VSUnitTesting/platforms/linux-x64/node_modules/@microsoft/visualstudio-testwindow-vscode-service.linux-x64","entryPoint":{"assemblyPath":"/home/albert/.vscode/extensions/ms-dotnettools.csdevkit-1.16.6-linux-x64/components/VSUnitTesting/platforms/linux-x64/node_modules/@microsoft/visualstudio-testwindow-vscode-service.linux-x64/Microsoft.VisualStudio.TestWindow.VSCode.Service.dll","fullClassName":"Microsoft.VisualStudio.TestWindow.VSCode.ProjectSystemProvider.Service.ProjectSystemProviderServiceFactory"}},{"ActivationArguments":{"__servicehub__ServiceHubRemoteServiceBrokerPipeName":"/home/albert/.ServiceHub/e414b9b349/fedf3ed9c1","__servicehub__RequestedServiceVersion":"0.1"},"ClientCredentials":{},"ClientCulture":"ru","ClientUICulture":"ru"}]}
02/15/2025 00:16:43 Иркутск, стандартное время : Information : CLR host received start request for service 'Microsoft.VisualStudio.TestWindow.VSCode.ProjectSystemProvider.Service'
02/15/2025 00:16:43 Иркутск, стандартное время : Information : Loading service module assembly '/home/albert/.vscode/extensions/ms-dotnettools.csdevkit-1.16.6-linux-x64/components/VSUnitTesting/platforms/linux-x64/node_modules/@microsoft/visualstudio-testwindow-vscode-service.linux-x64/Microsoft.VisualStudio.TestWindow.VSCode.Service.dll' from '/home/albert/.vscode/extensions/ms-dotnettools.csdevkit-1.16.6-linux-x64/components/VSUnitTesting/platforms/linux-x64/node_modules/@microsoft/visualstudio-testwindow-vscode-service.linux-x64'
02/15/2025 00:16:43 Иркутск, стандартное время : Information : Starting service module 'Microsoft.VisualStudio.TestWindow.VSCode.ProjectSystemProvider.Service'. Class: Microsoft.VisualStudio.TestWindow.VSCode.ProjectSystemProvider.Service.ProjectSystemProviderServiceFactory, Supported Version: 
02/15/2025 00:16:43 Иркутск, стандартное время : Information : Started service 'Microsoft.VisualStudio.TestWindow.VSCode.ProjectSystemProvider.Service'. Pipe name: /home/albert/.ServiceHub/e414b9b349/2005dd8e53, Supported Version: 
02/15/2025 00:16:43 Иркутск, стандартное время : Information : hubHostClr write: Content-Length: 82

{"jsonrpc":"2.0","id":5,"result":"/home/albert/.ServiceHub/e414b9b349/2005dd8e53"}
02/15/2025 00:16:43 Иркутск, стандартное время : Information : A new client connected to CLR service module 'Microsoft.VisualStudio.TestWindow.VSCode.ProjectSystemProvider.Service'
02/15/2025 00:16:43 Иркутск, стандартное время : Information : Found FactoryVersion=Version2 for service : Microsoft.VisualStudio.TestWindow.VSCode.ProjectSystemProvider.Service.
02/15/2025 00:16:43 Иркутск, стандартное время : Information : Service 'Microsoft.VisualStudio.TestWindow.VSCode.ProjectSystemProvider.Service.ProjectSystemProviderServiceFactory' implements IServiceHubServiceFactory. Creating factory instance and caching it.
02/15/2025 00:16:43 Иркутск, стандартное время : Information : Creating service Microsoft.VisualStudio.TestWindow.VSCode.ProjectSystemProvider.Service.ProjectSystemProviderServiceFactory from factory with FactoryVersion=Version2 and ClientRequestedVersion=0.1.
02/15/2025 00:16:43 Иркутск, стандартное время : Information : Setting up RPC connection for service 'Microsoft.VisualStudio.TestWindow.VSCode.ProjectSystemProvider.Service.ProjectSystemProviderServiceFactory' from factory
02/15/2025 00:16:43 Иркутск, стандартное время : Information : Completed RPC connection setup for service 'Microsoft.VisualStudio.TestWindow.VSCode.ProjectSystemProvider.Service.ProjectSystemProviderServiceFactory' from factory
02/15/2025 00:16:45 Иркутск, стандартное время : Information : Checking if 'Microsoft.VisualStudio.TestWindow.VSCode.Service.TestWindowVSCodeServiceFactory' implements Microsoft.VisualStudio.Threading.IAsyncDisposable.
02/15/2025 00:16:45 Иркутск, стандартное время : Information : Checking if 'Microsoft.VisualStudio.TestWindow.VSCode.Service.TestWindowVSCodeServiceFactory' implements System.IAsyncDisposable.
02/15/2025 00:16:45 Иркутск, стандартное время : Information : Checking if 'Microsoft.VisualStudio.TestWindow.VSCode.Service.TestWindowVSCodeServiceFactory' implements System.IDisposable.
02/15/2025 00:16:45 Иркутск, стандартное время : Information : Checking if 'Microsoft.VisualStudio.TestWindow.VSCode.ProjectSystemProvider.Service.ProjectSystemProviderServiceFactory' implements Microsoft.VisualStudio.Threading.IAsyncDisposable.
02/15/2025 00:16:45 Иркутск, стандартное время : Information : Checking if 'Microsoft.VisualStudio.TestWindow.VSCode.ProjectSystemProvider.Service.ProjectSystemProviderServiceFactory' implements System.IAsyncDisposable.
02/15/2025 00:16:45 Иркутск, стандартное время : Information : Checking if 'Microsoft.VisualStudio.TestWindow.VSCode.ProjectSystemProvider.Service.ProjectSystemProviderServiceFactory' implements System.IDisposable.
02/15/2025 00:16:45 Иркутск, стандартное время : Information : hubHostClr write: Content-Length: 108

{"jsonrpc":"2.0","method":"HostServicesEndedAsync","params":["dotnet$C94B8CFE-E3FD-4BAF-A941-2866DBB566FE"]}
02/15/2025 00:16:45 Иркутск, стандартное время : Information : Checking if 'Microsoft.VisualStudio.Debugger.HotReloadSessionNotificationService+Factory' implements Microsoft.VisualStudio.Threading.IAsyncDisposable.
02/15/2025 00:16:45 Иркутск, стандартное время : Information : Checking if 'Microsoft.VisualStudio.Debugger.HotReloadSessionNotificationService+Factory' implements System.IAsyncDisposable.
02/15/2025 00:16:45 Иркутск, стандартное время : Information : Checking if 'Microsoft.VisualStudio.Debugger.HotReloadSessionNotificationService+Factory' implements System.IDisposable.
02/15/2025 00:16:45 Иркутск, стандартное время : Information : hubHostClr read: Content-Length: 57

{"jsonrpc":"2.0","id":6,"method":"ExitAsync","params":[]}
02/15/2025 00:16:45 Иркутск, стандартное время : Information : Exit command received. Exiting CLR host
02/15/2025 00:16:45 Иркутск, стандартное время : Information : hubHostClr write: Content-Length: 38

{"jsonrpc":"2.0","id":6,"result":null}
02/15/2025 00:16:45 Иркутск, стандартное время : Information : hubHostClr JSON RPC has been disposed
02/15/2025 00:16:45 Иркутск, стандартное время : Information : hubHostClr read: end of stream
