2025-02-14 23:10:21.437 [info] Extension host with pid 48400 started
2025-02-14 23:10:21.453 [info] ExtensionService#_doActivateExtension vscode.github-authentication, startup: false, activationEvent: 'onAuthenticationRequest:github'
2025-02-14 23:10:21.454 [info] ExtensionService#_doActivateExtension vscode.emmet, startup: false, activationEvent: 'onLanguage'
2025-02-14 23:10:21.587 [info] ExtensionService#_doActivateExtension vscode.git-base, startup: true, activationEvent: '*', root cause: vscode.git
2025-02-14 23:10:21.651 [info] ExtensionService#_doActivateExtension vscode.git, startup: true, activationEvent: '*'
2025-02-14 23:10:21.651 [info] ExtensionService#_doActivateExtension vscode.github, startup: true, activationEvent: '*'
2025-02-14 23:10:21.760 [info] Eager extensions activated
2025-02-14 23:10:21.767 [info] ExtensionService#_doActivateExtension vscode.debug-auto-launch, startup: false, activationEvent: 'onStartupFinished'
2025-02-14 23:10:21.767 [info] ExtensionService#_doActivateExtension vscode.merge-conflict, startup: false, activationEvent: 'onStartupFinished'
2025-02-14 23:10:21.767 [info] ExtensionService#_doActivateExtension ms-dotnettools.vscode-dotnet-runtime, startup: false, activationEvent: 'onStartupFinished'
2025-02-14 23:10:21.864 [info] ExtensionService#_doActivateExtension ms-dotnettools.csharp, startup: false, activationEvent: 'onWalkthrough:csdevkit.gettingStarted', root cause: ms-dotnettools.csdevkit
2025-02-14 23:10:22.091 [info] ExtensionService#_doActivateExtension ms-dotnettools.csdevkit, startup: false, activationEvent: 'onWalkthrough:csdevkit.gettingStarted'
2025-02-14 23:10:22.935 [info] ExtensionService#_doActivateExtension vscode.microsoft-authentication, startup: false, activationEvent: 'onAuthenticationRequest:microsoft'
2025-02-14 23:10:24.005 [warning] DiagnosticCollection with name 'XamlDiagnostics' does already exist.
2025-02-14 23:10:24.005 [warning] DiagnosticCollection with name 'HotReloadDiagnostics' does already exist.
2025-02-14 23:10:28.037 [info] ExtensionService#_doActivateExtension vscode.configuration-editing, startup: false, activationEvent: 'onLanguage:jsonc'
2025-02-14 23:10:28.037 [info] ExtensionService#_doActivateExtension vscode.json-language-features, startup: false, activationEvent: 'onLanguage:jsonc'
2025-02-14 23:10:28.037 [info] ExtensionService#_doActivateExtension vscode.typescript-language-features, startup: false, activationEvent: 'onLanguage:jsonc'
2025-02-14 23:12:22.837 [info] Extension host terminating: renderer closed the MessagePort
2025-02-14 23:12:22.865 [info] Extension host with pid 48400 exiting with code 0
2025-02-14 23:12:23.686 [info] Extension host with pid 49167 started
2025-02-14 23:12:23.686 [info] Skipping acquiring lock for /home/albert/.config/Code/User/workspaceStorage/3011a60445729a88cd47dc1c84f28548.
2025-02-14 23:12:23.737 [info] ExtensionService#_doActivateExtension vscode.github-authentication, startup: false, activationEvent: 'onAuthenticationRequest:github'
2025-02-14 23:12:23.833 [info] ExtensionService#_doActivateExtension vscode.git-base, startup: true, activationEvent: '*'
2025-02-14 23:12:23.854 [info] ExtensionService#_doActivateExtension vscode.github, startup: true, activationEvent: '*'
2025-02-14 23:12:23.904 [info] Eager extensions activated
2025-02-14 23:12:23.917 [info] ExtensionService#_doActivateExtension vscode.debug-auto-launch, startup: false, activationEvent: 'onStartupFinished'
2025-02-14 23:12:23.918 [info] ExtensionService#_doActivateExtension vscode.merge-conflict, startup: false, activationEvent: 'onStartupFinished'
2025-02-14 23:12:23.918 [info] ExtensionService#_doActivateExtension ms-dotnettools.vscode-dotnet-runtime, startup: false, activationEvent: 'onStartupFinished'
2025-02-14 23:12:27.384 [info] ExtensionService#_doActivateExtension vscode.git, startup: false, activationEvent: 'api', root cause: vscode.github
2025-02-14 23:12:27.385 [info] ExtensionService#_doActivateExtension ms-dotnettools.csharp, startup: false, activationEvent: 'onWalkthrough:csdevkit.gettingStarted', root cause: ms-dotnettools.csdevkit
2025-02-14 23:12:27.681 [info] ExtensionService#_doActivateExtension ms-dotnettools.csdevkit, startup: false, activationEvent: 'onWalkthrough:csdevkit.gettingStarted'
2025-02-14 23:12:28.468 [info] ExtensionService#_doActivateExtension vscode.microsoft-authentication, startup: false, activationEvent: 'onAuthenticationRequest:microsoft'
2025-02-14 23:12:29.522 [warning] DiagnosticCollection with name 'XamlDiagnostics' does already exist.
2025-02-14 23:12:29.522 [warning] DiagnosticCollection with name 'HotReloadDiagnostics' does already exist.
2025-02-14 23:12:59.525 [info] ExtensionService#_doActivateExtension vscode.emmet, startup: false, activationEvent: 'onLanguage'
2025-02-14 23:13:13.796 [info] ExtensionService#_doActivateExtension vscode.debug-server-ready, startup: false, activationEvent: 'onDebugResolve'
2025-02-14 23:13:13.805 [info] ExtensionService#_doActivateExtension ms-vscode.js-debug, startup: false, activationEvent: 'onDebugDynamicConfigurations'
2025-02-14 23:13:51.516 [info] Extension host terminating: renderer closed the MessagePort
2025-02-14 23:13:51.537 [info] Extension host with pid 49167 exiting with code 0
