02/14/2025 23:12:30 Иркутск, стандартное время : Information : Local timezone is (UTC+08:00) Иркутск, стандартное время
02/14/2025 23:12:30 Иркутск, стандартное время : Information : Service Hub .NET service module host started. Host id: dotnet.projectSystem$C94B8CFE-E3FD-4BAF-A941-2866DBB566FE. Controller pipe: net.pipe://49355B079B. PID: 49402
02/14/2025 23:12:30 Иркутск, стандартное время : Information : hubHostClr read: Content-Length: 116

{"jsonrpc":"2.0","id":2,"method":"InitializeHostAsync","params":[{"HostsRootDirectory":".","AppConfigFallback":""}]}
02/14/2025 23:12:30 Иркутск, стандартное время : Information : hubHostClr write: Content-Length: 93

{"jsonrpc":"2.0","id":2,"result":"dotnet.projectSystem$C94B8CFE-E3FD-4BAF-A941-2866DBB566FE"}
02/14/2025 23:12:30 Иркутск, стандартное время : Information : hubHostClr read: Content-Length: 1043

{"jsonrpc":"2.0","id":4,"method":"StartServiceAsync","params":[{"name":"Microsoft.VisualStudio.ProjectSystem.ProjectInitializationStatusService","host":"dotnet.projectSystem","hostId":"C94B8CFE-E3FD-4BAF-A941-2866DBB566FE","serviceBaseDirectory":"/home/albert/.vscode/extensions/ms-dotnettools.csdevkit-1.16.6-linux-x64/components/CPS/platforms/linux-x64/node_modules/@microsoft/visualstudio-projectsystem-server.linux-x64","entryPoint":{"assemblyPath":"/home/albert/.vscode/extensions/ms-dotnettools.csdevkit-1.16.6-linux-x64/components/CPS/platforms/linux-x64/node_modules/@microsoft/visualstudio-projectsystem-server.linux-x64/Microsoft.VisualStudio.ProjectSystem.Server.Implementation.dll","fullClassName":"Microsoft.VisualStudio.ProjectSystem.Server.ProjectInitializationStatusServiceFactory"}},{"ActivationArguments":{"__servicehub__ServiceHubRemoteServiceBrokerPipeName":"/home/albert/.ServiceHub/d325e6abbc/965d3d7f33","__servicehub__RequestedServiceVersion":"0.1"},"ClientCredentials":{},"ClientCulture":"ru","ClientUICulture":"ru"}]}
02/14/2025 23:12:30 Иркутск, стандартное время : Information : hubHostClr read: Content-Length: 967

{"jsonrpc":"2.0","id":3,"method":"StartServiceAsync","params":[{"name":"Microsoft.VisualStudio.LaunchConfigurationService","host":"dotnet.projectSystem","hostId":"C94B8CFE-E3FD-4BAF-A941-2866DBB566FE","serviceBaseDirectory":"/home/albert/.vscode/extensions/ms-dotnettools.csdevkit-1.16.6-linux-x64/components/CPS/platforms/linux-x64/node_modules/@microsoft/visualstudio-projectsystem-server.linux-x64","entryPoint":{"assemblyPath":"/home/albert/.vscode/extensions/ms-dotnettools.csdevkit-1.16.6-linux-x64/components/CPS/platforms/linux-x64/node_modules/@microsoft/visualstudio-projectsystem-server.linux-x64/Microsoft.VisualStudio.ProjectSystem.Server.Implementation.dll","fullClassName":"Microsoft.VisualStudio.ProjectSystem.Server.LaunchConfigurationServiceFactory"}},{"ActivationArguments":{"__servicehub__ServiceHubRemoteServiceBrokerPipeName":"/home/albert/.ServiceHub/d325e6abbc/1650bc6aae"},"ClientCredentials":{},"ClientCulture":"ru","ClientUICulture":"ru"}]}Content-Length: 1013

{"jsonrpc":"2.0","id":5,"method":"StartServiceAsync","params":[{"name":"Microsoft.VisualStudio.ProjectSystem.ProjectTreeProvider","host":"dotnet.projectSystem","hostId":"C94B8CFE-E3FD-4BAF-A941-2866DBB566FE","serviceBaseDirectory":"/home/albert/.vscode/extensions/ms-dotnettools.csdevkit-1.16.6-linux-x64/components/CPS/platforms/linux-x64/node_modules/@microsoft/visualstudio-projectsystem-server.linux-x64","entryPoint":{"assemblyPath":"/home/albert/.vscode/extensions/ms-dotnettools.csdevkit-1.16.6-linux-x64/components/CPS/platforms/linux-x64/node_modules/@microsoft/visualstudio-projectsystem-server.linux-x64/Microsoft.VisualStudio.ProjectSystem.Server.Implementation.dll","fullClassName":"Microsoft.VisualStudio.ProjectSystem.Server.ProjectTreeProviderFactory"}},{"ActivationArguments":{"__servicehub__ServiceHubRemoteServiceBrokerPipeName":"/home/albert/.ServiceHub/d325e6abbc/23b49f23d8","__servicehub__RequestedServiceVersion":"0.1"},"ClientCredentials":{},"ClientCulture":"ru","ClientUICulture":"ru"}]}
02/14/2025 23:12:30 Иркутск, стандартное время : Information : CLR host received start request for service 'Microsoft.VisualStudio.ProjectSystem.ProjectInitializationStatusService'
02/14/2025 23:12:30 Иркутск, стандартное время : Information : Loading service module assembly '/home/albert/.vscode/extensions/ms-dotnettools.csdevkit-1.16.6-linux-x64/components/CPS/platforms/linux-x64/node_modules/@microsoft/visualstudio-projectsystem-server.linux-x64/Microsoft.VisualStudio.ProjectSystem.Server.Implementation.dll' from '/home/albert/.vscode/extensions/ms-dotnettools.csdevkit-1.16.6-linux-x64/components/CPS/platforms/linux-x64/node_modules/@microsoft/visualstudio-projectsystem-server.linux-x64'
02/14/2025 23:12:30 Иркутск, стандартное время : Information : Starting service module 'Microsoft.VisualStudio.ProjectSystem.ProjectInitializationStatusService'. Class: Microsoft.VisualStudio.ProjectSystem.Server.ProjectInitializationStatusServiceFactory, Supported Version: 
02/14/2025 23:12:30 Иркутск, стандартное время : Information : Started service 'Microsoft.VisualStudio.ProjectSystem.ProjectInitializationStatusService'. Pipe name: /home/albert/.ServiceHub/d325e6abbc/b9d9e67c79, Supported Version: 
02/14/2025 23:12:30 Иркутск, стандартное время : Information : hubHostClr write: Content-Length: 82

{"jsonrpc":"2.0","id":4,"result":"/home/albert/.ServiceHub/d325e6abbc/b9d9e67c79"}
02/14/2025 23:12:30 Иркутск, стандартное время : Information : CLR host received start request for service 'Microsoft.VisualStudio.LaunchConfigurationService'
02/14/2025 23:12:30 Иркутск, стандартное время : Information : Loading service module assembly '/home/albert/.vscode/extensions/ms-dotnettools.csdevkit-1.16.6-linux-x64/components/CPS/platforms/linux-x64/node_modules/@microsoft/visualstudio-projectsystem-server.linux-x64/Microsoft.VisualStudio.ProjectSystem.Server.Implementation.dll' from '/home/albert/.vscode/extensions/ms-dotnettools.csdevkit-1.16.6-linux-x64/components/CPS/platforms/linux-x64/node_modules/@microsoft/visualstudio-projectsystem-server.linux-x64'
02/14/2025 23:12:30 Иркутск, стандартное время : Information : Starting service module 'Microsoft.VisualStudio.LaunchConfigurationService'. Class: Microsoft.VisualStudio.ProjectSystem.Server.LaunchConfigurationServiceFactory, Supported Version: 
02/14/2025 23:12:30 Иркутск, стандартное время : Information : Started service 'Microsoft.VisualStudio.LaunchConfigurationService'. Pipe name: /home/albert/.ServiceHub/d325e6abbc/82df1fdb03, Supported Version: 
02/14/2025 23:12:30 Иркутск, стандартное время : Information : CLR host received start request for service 'Microsoft.VisualStudio.ProjectSystem.ProjectTreeProvider'
02/14/2025 23:12:30 Иркутск, стандартное время : Information : hubHostClr write: Content-Length: 82

{"jsonrpc":"2.0","id":3,"result":"/home/albert/.ServiceHub/d325e6abbc/82df1fdb03"}
02/14/2025 23:12:30 Иркутск, стандартное время : Information : Loading service module assembly '/home/albert/.vscode/extensions/ms-dotnettools.csdevkit-1.16.6-linux-x64/components/CPS/platforms/linux-x64/node_modules/@microsoft/visualstudio-projectsystem-server.linux-x64/Microsoft.VisualStudio.ProjectSystem.Server.Implementation.dll' from '/home/albert/.vscode/extensions/ms-dotnettools.csdevkit-1.16.6-linux-x64/components/CPS/platforms/linux-x64/node_modules/@microsoft/visualstudio-projectsystem-server.linux-x64'
02/14/2025 23:12:30 Иркутск, стандартное время : Information : Starting service module 'Microsoft.VisualStudio.ProjectSystem.ProjectTreeProvider'. Class: Microsoft.VisualStudio.ProjectSystem.Server.ProjectTreeProviderFactory, Supported Version: 
02/14/2025 23:12:30 Иркутск, стандартное время : Information : Started service 'Microsoft.VisualStudio.ProjectSystem.ProjectTreeProvider'. Pipe name: /home/albert/.ServiceHub/d325e6abbc/2a001cdd39, Supported Version: 
02/14/2025 23:12:30 Иркутск, стандартное время : Information : hubHostClr write: Content-Length: 82

{"jsonrpc":"2.0","id":5,"result":"/home/albert/.ServiceHub/d325e6abbc/2a001cdd39"}
02/14/2025 23:12:30 Иркутск, стандартное время : Information : A new client connected to CLR service module 'Microsoft.VisualStudio.LaunchConfigurationService'
02/14/2025 23:12:30 Иркутск, стандартное время : Information : A new client connected to CLR service module 'Microsoft.VisualStudio.ProjectSystem.ProjectInitializationStatusService'
02/14/2025 23:12:30 Иркутск, стандартное время : Information : A new client connected to CLR service module 'Microsoft.VisualStudio.ProjectSystem.ProjectTreeProvider'
02/14/2025 23:12:30 Иркутск, стандартное время : Information : hubHostClr write: Content-Length: 124

{"jsonrpc":"2.0","method":"HostServicesStartedAsync","params":["dotnet.projectSystem$C94B8CFE-E3FD-4BAF-A941-2866DBB566FE"]}
02/14/2025 23:12:30 Иркутск, стандартное время : Information : Found FactoryVersion=Version2 for service : Microsoft.VisualStudio.LaunchConfigurationService.
02/14/2025 23:12:30 Иркутск, стандартное время : Information : Service 'Microsoft.VisualStudio.ProjectSystem.Server.LaunchConfigurationServiceFactory' implements IServiceHubServiceFactory. Creating factory instance and caching it.
02/14/2025 23:12:30 Иркутск, стандартное время : Information : Found FactoryVersion=Version2 for service : Microsoft.VisualStudio.ProjectSystem.ProjectInitializationStatusService.
02/14/2025 23:12:30 Иркутск, стандартное время : Information : Service 'Microsoft.VisualStudio.ProjectSystem.Server.ProjectInitializationStatusServiceFactory' implements IServiceHubServiceFactory. Creating factory instance and caching it.
02/14/2025 23:12:30 Иркутск, стандартное время : Information : Found FactoryVersion=Version2 for service : Microsoft.VisualStudio.ProjectSystem.ProjectTreeProvider.
02/14/2025 23:12:30 Иркутск, стандартное время : Information : Service 'Microsoft.VisualStudio.ProjectSystem.Server.ProjectTreeProviderFactory' implements IServiceHubServiceFactory. Creating factory instance and caching it.
02/14/2025 23:12:30 Иркутск, стандартное время : Information : Creating service Microsoft.VisualStudio.ProjectSystem.Server.LaunchConfigurationServiceFactory from factory with FactoryVersion=Version2 and ClientRequestedVersion=.
02/14/2025 23:12:30 Иркутск, стандартное время : Information : Creating service Microsoft.VisualStudio.ProjectSystem.Server.ProjectInitializationStatusServiceFactory from factory with FactoryVersion=Version2 and ClientRequestedVersion=0.1.
02/14/2025 23:12:30 Иркутск, стандартное время : Information : hubHostClr read: Content-Length: 1032

{"jsonrpc":"2.0","id":6,"method":"StartServiceAsync","params":[{"name":"Microsoft.VisualStudio.ProjectSystem.Query.Remoting.QueryExecutionService","host":"dotnet.projectSystem","hostId":"C94B8CFE-E3FD-4BAF-A941-2866DBB566FE","serviceBaseDirectory":"/home/albert/.vscode/extensions/ms-dotnettools.csdevkit-1.16.6-linux-x64/components/CPS/platforms/linux-x64/node_modules/@microsoft/visualstudio-projectsystem-server.linux-x64","entryPoint":{"assemblyPath":"/home/albert/.vscode/extensions/ms-dotnettools.csdevkit-1.16.6-linux-x64/components/CPS/platforms/linux-x64/node_modules/@microsoft/visualstudio-projectsystem-server.linux-x64/Microsoft.VisualStudio.ProjectSystem.Server.Implementation.dll","fullClassName":"Microsoft.VisualStudio.ProjectSystem.Server.QueryExecutionServiceFactory"}},{"ActivationArguments":{"__servicehub__ServiceHubRemoteServiceBrokerPipeName":"/home/albert/.ServiceHub/d325e6abbc/872cda6827","__servicehub__RequestedServiceVersion":"0.3"},"ClientCredentials":{},"ClientCulture":"ru","ClientUICulture":"ru"}]}
02/14/2025 23:12:30 Иркутск, стандартное время : Information : Creating service Microsoft.VisualStudio.ProjectSystem.Server.ProjectTreeProviderFactory from factory with FactoryVersion=Version2 and ClientRequestedVersion=0.1.
02/14/2025 23:12:30 Иркутск, стандартное время : Information : CLR host received start request for service 'Microsoft.VisualStudio.ProjectSystem.Query.Remoting.QueryExecutionService'
02/14/2025 23:12:30 Иркутск, стандартное время : Information : Loading service module assembly '/home/albert/.vscode/extensions/ms-dotnettools.csdevkit-1.16.6-linux-x64/components/CPS/platforms/linux-x64/node_modules/@microsoft/visualstudio-projectsystem-server.linux-x64/Microsoft.VisualStudio.ProjectSystem.Server.Implementation.dll' from '/home/albert/.vscode/extensions/ms-dotnettools.csdevkit-1.16.6-linux-x64/components/CPS/platforms/linux-x64/node_modules/@microsoft/visualstudio-projectsystem-server.linux-x64'
02/14/2025 23:12:30 Иркутск, стандартное время : Information : Starting service module 'Microsoft.VisualStudio.ProjectSystem.Query.Remoting.QueryExecutionService'. Class: Microsoft.VisualStudio.ProjectSystem.Server.QueryExecutionServiceFactory, Supported Version: 
02/14/2025 23:12:30 Иркутск, стандартное время : Information : Started service 'Microsoft.VisualStudio.ProjectSystem.Query.Remoting.QueryExecutionService'. Pipe name: /home/albert/.ServiceHub/d325e6abbc/7d7840359a, Supported Version: 
02/14/2025 23:12:30 Иркутск, стандартное время : Information : hubHostClr write: Content-Length: 82

{"jsonrpc":"2.0","id":6,"result":"/home/albert/.ServiceHub/d325e6abbc/7d7840359a"}
02/14/2025 23:12:30 Иркутск, стандартное время : Information : A new client connected to CLR service module 'Microsoft.VisualStudio.ProjectSystem.Query.Remoting.QueryExecutionService'
02/14/2025 23:12:30 Иркутск, стандартное время : Information : Found FactoryVersion=Version2 for service : Microsoft.VisualStudio.ProjectSystem.Query.Remoting.QueryExecutionService.
02/14/2025 23:12:30 Иркутск, стандартное время : Information : Service 'Microsoft.VisualStudio.ProjectSystem.Server.QueryExecutionServiceFactory' implements IServiceHubServiceFactory. Creating factory instance and caching it.
02/14/2025 23:12:30 Иркутск, стандартное время : Information : Setting up RPC connection for service 'Microsoft.VisualStudio.ProjectSystem.Server.ProjectInitializationStatusServiceFactory' from factory
02/14/2025 23:12:30 Иркутск, стандартное время : Information : Setting up RPC connection for service 'Microsoft.VisualStudio.ProjectSystem.Server.LaunchConfigurationServiceFactory' from factory
02/14/2025 23:12:30 Иркутск, стандартное время : Information : Setting up RPC connection for service 'Microsoft.VisualStudio.ProjectSystem.Server.ProjectTreeProviderFactory' from factory
02/14/2025 23:12:30 Иркутск, стандартное время : Information : Creating service Microsoft.VisualStudio.ProjectSystem.Server.QueryExecutionServiceFactory from factory with FactoryVersion=Version2 and ClientRequestedVersion=0.3.
02/14/2025 23:12:30 Иркутск, стандартное время : Information : Setting up RPC connection for service 'Microsoft.VisualStudio.ProjectSystem.Server.QueryExecutionServiceFactory' from factory
02/14/2025 23:12:31 Иркутск, стандартное время : Information : hubHostClr read: Content-Length: 1011

{"jsonrpc":"2.0","id":7,"method":"StartServiceAsync","params":[{"name":"Microsoft.VisualStudio.ProjectSystem.CompositionService","host":"dotnet.projectSystem","hostId":"C94B8CFE-E3FD-4BAF-A941-2866DBB566FE","serviceBaseDirectory":"/home/albert/.vscode/extensions/ms-dotnettools.csdevkit-1.16.6-linux-x64/components/CPS/platforms/linux-x64/node_modules/@microsoft/visualstudio-projectsystem-server.linux-x64","entryPoint":{"assemblyPath":"/home/albert/.vscode/extensions/ms-dotnettools.csdevkit-1.16.6-linux-x64/components/CPS/platforms/linux-x64/node_modules/@microsoft/visualstudio-projectsystem-server.linux-x64/Microsoft.VisualStudio.ProjectSystem.Server.Implementation.dll","fullClassName":"Microsoft.VisualStudio.ProjectSystem.Server.CompositionServiceFactory"}},{"ActivationArguments":{"__servicehub__ServiceHubRemoteServiceBrokerPipeName":"/home/albert/.ServiceHub/d325e6abbc/76e987de9c","__servicehub__RequestedServiceVersion":"0.1"},"ClientCredentials":{},"ClientCulture":"ru","ClientUICulture":"ru"}]}
02/14/2025 23:12:31 Иркутск, стандартное время : Information : CLR host received start request for service 'Microsoft.VisualStudio.ProjectSystem.CompositionService'
02/14/2025 23:12:31 Иркутск, стандартное время : Information : Loading service module assembly '/home/albert/.vscode/extensions/ms-dotnettools.csdevkit-1.16.6-linux-x64/components/CPS/platforms/linux-x64/node_modules/@microsoft/visualstudio-projectsystem-server.linux-x64/Microsoft.VisualStudio.ProjectSystem.Server.Implementation.dll' from '/home/albert/.vscode/extensions/ms-dotnettools.csdevkit-1.16.6-linux-x64/components/CPS/platforms/linux-x64/node_modules/@microsoft/visualstudio-projectsystem-server.linux-x64'
02/14/2025 23:12:31 Иркутск, стандартное время : Information : Starting service module 'Microsoft.VisualStudio.ProjectSystem.CompositionService'. Class: Microsoft.VisualStudio.ProjectSystem.Server.CompositionServiceFactory, Supported Version: 
02/14/2025 23:12:31 Иркутск, стандартное время : Information : Started service 'Microsoft.VisualStudio.ProjectSystem.CompositionService'. Pipe name: /home/albert/.ServiceHub/d325e6abbc/25dea97ff3, Supported Version: 
02/14/2025 23:12:31 Иркутск, стандартное время : Information : hubHostClr write: Content-Length: 82

{"jsonrpc":"2.0","id":7,"result":"/home/albert/.ServiceHub/d325e6abbc/25dea97ff3"}
02/14/2025 23:12:31 Иркутск, стандартное время : Information : A new client connected to CLR service module 'Microsoft.VisualStudio.ProjectSystem.CompositionService'
02/14/2025 23:12:31 Иркутск, стандартное время : Information : Found FactoryVersion=Version2 for service : Microsoft.VisualStudio.ProjectSystem.CompositionService.
02/14/2025 23:12:31 Иркутск, стандартное время : Information : Service 'Microsoft.VisualStudio.ProjectSystem.Server.CompositionServiceFactory' implements IServiceHubServiceFactory. Creating factory instance and caching it.
02/14/2025 23:12:31 Иркутск, стандартное время : Information : Creating service Microsoft.VisualStudio.ProjectSystem.Server.CompositionServiceFactory from factory with FactoryVersion=Version2 and ClientRequestedVersion=0.1.
02/14/2025 23:12:31 Иркутск, стандартное время : Information : Setting up RPC connection for service 'Microsoft.VisualStudio.ProjectSystem.Server.CompositionServiceFactory' from factory
02/14/2025 23:12:31 Иркутск, стандартное время : Information : Completed RPC connection setup for service 'Microsoft.VisualStudio.ProjectSystem.Server.CompositionServiceFactory' from factory
02/14/2025 23:12:31 Иркутск, стандартное время : Information : Completed RPC connection setup for service 'Microsoft.VisualStudio.ProjectSystem.Server.ProjectInitializationStatusServiceFactory' from factory
02/14/2025 23:12:31 Иркутск, стандартное время : Information : Completed RPC connection setup for service 'Microsoft.VisualStudio.ProjectSystem.Server.LaunchConfigurationServiceFactory' from factory
02/14/2025 23:12:31 Иркутск, стандартное время : Information : Completed RPC connection setup for service 'Microsoft.VisualStudio.ProjectSystem.Server.ProjectTreeProviderFactory' from factory
02/14/2025 23:12:31 Иркутск, стандартное время : Information : Completed RPC connection setup for service 'Microsoft.VisualStudio.ProjectSystem.Server.QueryExecutionServiceFactory' from factory
02/14/2025 23:12:31 Иркутск, стандартное время : Information : Checking if 'Microsoft.VisualStudio.ProjectSystem.Server.CompositionServiceFactory' implements Microsoft.VisualStudio.Threading.IAsyncDisposable.
02/14/2025 23:12:31 Иркутск, стандартное время : Information : Checking if 'Microsoft.VisualStudio.ProjectSystem.Server.CompositionServiceFactory' implements System.IAsyncDisposable.
02/14/2025 23:12:31 Иркутск, стандартное время : Information : Checking if 'Microsoft.VisualStudio.ProjectSystem.Server.CompositionServiceFactory' implements System.IDisposable.
02/14/2025 23:12:31 Иркутск, стандартное время : Information : hubHostClr read: Content-Length: 1012

{"jsonrpc":"2.0","id":8,"method":"StartServiceAsync","params":[{"name":"Microsoft.VisualStudio.CpsProjectIconSourceService","host":"dotnet.projectSystem","hostId":"C94B8CFE-E3FD-4BAF-A941-2866DBB566FE","serviceBaseDirectory":"/home/albert/.vscode/extensions/ms-dotnettools.csdevkit-1.16.6-linux-x64/components/CPS/platforms/linux-x64/node_modules/@microsoft/visualstudio-projectsystem-server.linux-x64","entryPoint":{"assemblyPath":"/home/albert/.vscode/extensions/ms-dotnettools.csdevkit-1.16.6-linux-x64/components/CPS/platforms/linux-x64/node_modules/@microsoft/visualstudio-projectsystem-server.linux-x64/Microsoft.VisualStudio.ProjectSystem.Server.Implementation.dll","fullClassName":"Microsoft.VisualStudio.ProjectSystem.Server.ProjectIconSourceServiceFactory"}},{"ActivationArguments":{"__servicehub__ServiceHubRemoteServiceBrokerPipeName":"/home/albert/.ServiceHub/d325e6abbc/af76e563e4","__servicehub__RequestedServiceVersion":"0.1"},"ClientCredentials":{},"ClientCulture":"ru","ClientUICulture":"ru"}]}
02/14/2025 23:12:31 Иркутск, стандартное время : Information : CLR host received start request for service 'Microsoft.VisualStudio.CpsProjectIconSourceService'
02/14/2025 23:12:31 Иркутск, стандартное время : Information : Loading service module assembly '/home/albert/.vscode/extensions/ms-dotnettools.csdevkit-1.16.6-linux-x64/components/CPS/platforms/linux-x64/node_modules/@microsoft/visualstudio-projectsystem-server.linux-x64/Microsoft.VisualStudio.ProjectSystem.Server.Implementation.dll' from '/home/albert/.vscode/extensions/ms-dotnettools.csdevkit-1.16.6-linux-x64/components/CPS/platforms/linux-x64/node_modules/@microsoft/visualstudio-projectsystem-server.linux-x64'
02/14/2025 23:12:31 Иркутск, стандартное время : Information : Starting service module 'Microsoft.VisualStudio.CpsProjectIconSourceService'. Class: Microsoft.VisualStudio.ProjectSystem.Server.ProjectIconSourceServiceFactory, Supported Version: 
02/14/2025 23:12:31 Иркутск, стандартное время : Information : Started service 'Microsoft.VisualStudio.CpsProjectIconSourceService'. Pipe name: /home/albert/.ServiceHub/d325e6abbc/e6a4191c34, Supported Version: 
02/14/2025 23:12:31 Иркутск, стандартное время : Information : hubHostClr write: Content-Length: 82

{"jsonrpc":"2.0","id":8,"result":"/home/albert/.ServiceHub/d325e6abbc/e6a4191c34"}
02/14/2025 23:12:31 Иркутск, стандартное время : Information : A new client connected to CLR service module 'Microsoft.VisualStudio.CpsProjectIconSourceService'
02/14/2025 23:12:31 Иркутск, стандартное время : Information : Found FactoryVersion=Version2 for service : Microsoft.VisualStudio.CpsProjectIconSourceService.
02/14/2025 23:12:31 Иркутск, стандартное время : Information : Service 'Microsoft.VisualStudio.ProjectSystem.Server.ProjectIconSourceServiceFactory' implements IServiceHubServiceFactory. Creating factory instance and caching it.
02/14/2025 23:12:31 Иркутск, стандартное время : Information : Creating service Microsoft.VisualStudio.ProjectSystem.Server.ProjectIconSourceServiceFactory from factory with FactoryVersion=Version2 and ClientRequestedVersion=0.1.
02/14/2025 23:12:31 Иркутск, стандартное время : Information : Setting up RPC connection for service 'Microsoft.VisualStudio.ProjectSystem.Server.ProjectIconSourceServiceFactory' from factory
02/14/2025 23:12:31 Иркутск, стандартное время : Information : Completed RPC connection setup for service 'Microsoft.VisualStudio.ProjectSystem.Server.ProjectIconSourceServiceFactory' from factory
02/14/2025 23:12:32 Иркутск, стандартное время : Information : hubHostClr read: Content-Length: 1043

{"jsonrpc":"2.0","id":9,"method":"StartServiceAsync","params":[{"name":"Microsoft.VisualStudio.ProjectSystem.ProjectInitializationStatusService","host":"dotnet.projectSystem","hostId":"C94B8CFE-E3FD-4BAF-A941-2866DBB566FE","serviceBaseDirectory":"/home/albert/.vscode/extensions/ms-dotnettools.csdevkit-1.16.6-linux-x64/components/CPS/platforms/linux-x64/node_modules/@microsoft/visualstudio-projectsystem-server.linux-x64","entryPoint":{"assemblyPath":"/home/albert/.vscode/extensions/ms-dotnettools.csdevkit-1.16.6-linux-x64/components/CPS/platforms/linux-x64/node_modules/@microsoft/visualstudio-projectsystem-server.linux-x64/Microsoft.VisualStudio.ProjectSystem.Server.Implementation.dll","fullClassName":"Microsoft.VisualStudio.ProjectSystem.Server.ProjectInitializationStatusServiceFactory"}},{"ActivationArguments":{"__servicehub__ServiceHubRemoteServiceBrokerPipeName":"/home/albert/.ServiceHub/d325e6abbc/fafba8df3c","__servicehub__RequestedServiceVersion":"0.1"},"ClientCredentials":{},"ClientCulture":"ru","ClientUICulture":"ru"}]}
02/14/2025 23:12:32 Иркутск, стандартное время : Information : CLR host received start request for service 'Microsoft.VisualStudio.ProjectSystem.ProjectInitializationStatusService'
02/14/2025 23:12:32 Иркутск, стандартное время : Information : Loading service module assembly '/home/albert/.vscode/extensions/ms-dotnettools.csdevkit-1.16.6-linux-x64/components/CPS/platforms/linux-x64/node_modules/@microsoft/visualstudio-projectsystem-server.linux-x64/Microsoft.VisualStudio.ProjectSystem.Server.Implementation.dll' from '/home/albert/.vscode/extensions/ms-dotnettools.csdevkit-1.16.6-linux-x64/components/CPS/platforms/linux-x64/node_modules/@microsoft/visualstudio-projectsystem-server.linux-x64'
02/14/2025 23:12:32 Иркутск, стандартное время : Information : Starting service module 'Microsoft.VisualStudio.ProjectSystem.ProjectInitializationStatusService'. Class: Microsoft.VisualStudio.ProjectSystem.Server.ProjectInitializationStatusServiceFactory, Supported Version: 
02/14/2025 23:12:32 Иркутск, стандартное время : Information : Started service 'Microsoft.VisualStudio.ProjectSystem.ProjectInitializationStatusService'. Pipe name: /home/albert/.ServiceHub/d325e6abbc/ad24a866e5, Supported Version: 
02/14/2025 23:12:32 Иркутск, стандартное время : Information : hubHostClr write: Content-Length: 82

{"jsonrpc":"2.0","id":9,"result":"/home/albert/.ServiceHub/d325e6abbc/ad24a866e5"}
02/14/2025 23:12:32 Иркутск, стандартное время : Information : A new client connected to CLR service module 'Microsoft.VisualStudio.ProjectSystem.ProjectInitializationStatusService'
02/14/2025 23:12:32 Иркутск, стандартное время : Information : Found IServiceHubServiceFactory in cache. Creating instance from the factory.
02/14/2025 23:12:32 Иркутск, стандартное время : Information : Creating service Microsoft.VisualStudio.ProjectSystem.Server.ProjectInitializationStatusServiceFactory from factory with FactoryVersion=Version2 and ClientRequestedVersion=0.1.
02/14/2025 23:12:32 Иркутск, стандартное время : Information : Setting up RPC connection for service 'Microsoft.VisualStudio.ProjectSystem.Server.ProjectInitializationStatusServiceFactory' from factory
02/14/2025 23:12:32 Иркутск, стандартное время : Information : Completed RPC connection setup for service 'Microsoft.VisualStudio.ProjectSystem.Server.ProjectInitializationStatusServiceFactory' from factory
02/14/2025 23:12:33 Иркутск, стандартное время : Information : hubHostClr read: Content-Length: 1033

{"jsonrpc":"2.0","id":10,"method":"StartServiceAsync","params":[{"name":"Microsoft.VisualStudio.ProjectSystem.Query.Remoting.QueryExecutionService","host":"dotnet.projectSystem","hostId":"C94B8CFE-E3FD-4BAF-A941-2866DBB566FE","serviceBaseDirectory":"/home/albert/.vscode/extensions/ms-dotnettools.csdevkit-1.16.6-linux-x64/components/CPS/platforms/linux-x64/node_modules/@microsoft/visualstudio-projectsystem-server.linux-x64","entryPoint":{"assemblyPath":"/home/albert/.vscode/extensions/ms-dotnettools.csdevkit-1.16.6-linux-x64/components/CPS/platforms/linux-x64/node_modules/@microsoft/visualstudio-projectsystem-server.linux-x64/Microsoft.VisualStudio.ProjectSystem.Server.Implementation.dll","fullClassName":"Microsoft.VisualStudio.ProjectSystem.Server.QueryExecutionServiceFactory"}},{"ActivationArguments":{"__servicehub__ServiceHubRemoteServiceBrokerPipeName":"/home/albert/.ServiceHub/d325e6abbc/122378a26b","__servicehub__RequestedServiceVersion":"0.3"},"ClientCredentials":{},"ClientCulture":"ru","ClientUICulture":"ru"}]}
02/14/2025 23:12:33 Иркутск, стандартное время : Information : CLR host received start request for service 'Microsoft.VisualStudio.ProjectSystem.Query.Remoting.QueryExecutionService'
02/14/2025 23:12:33 Иркутск, стандартное время : Information : Loading service module assembly '/home/albert/.vscode/extensions/ms-dotnettools.csdevkit-1.16.6-linux-x64/components/CPS/platforms/linux-x64/node_modules/@microsoft/visualstudio-projectsystem-server.linux-x64/Microsoft.VisualStudio.ProjectSystem.Server.Implementation.dll' from '/home/albert/.vscode/extensions/ms-dotnettools.csdevkit-1.16.6-linux-x64/components/CPS/platforms/linux-x64/node_modules/@microsoft/visualstudio-projectsystem-server.linux-x64'
02/14/2025 23:12:33 Иркутск, стандартное время : Information : Starting service module 'Microsoft.VisualStudio.ProjectSystem.Query.Remoting.QueryExecutionService'. Class: Microsoft.VisualStudio.ProjectSystem.Server.QueryExecutionServiceFactory, Supported Version: 
02/14/2025 23:12:33 Иркутск, стандартное время : Information : Started service 'Microsoft.VisualStudio.ProjectSystem.Query.Remoting.QueryExecutionService'. Pipe name: /home/albert/.ServiceHub/d325e6abbc/3a99cd966f, Supported Version: 
02/14/2025 23:12:33 Иркутск, стандартное время : Information : hubHostClr write: Content-Length: 83

{"jsonrpc":"2.0","id":10,"result":"/home/albert/.ServiceHub/d325e6abbc/3a99cd966f"}
02/14/2025 23:12:33 Иркутск, стандартное время : Information : A new client connected to CLR service module 'Microsoft.VisualStudio.ProjectSystem.Query.Remoting.QueryExecutionService'
02/14/2025 23:12:33 Иркутск, стандартное время : Information : Found IServiceHubServiceFactory in cache. Creating instance from the factory.
02/14/2025 23:12:33 Иркутск, стандартное время : Information : Creating service Microsoft.VisualStudio.ProjectSystem.Server.QueryExecutionServiceFactory from factory with FactoryVersion=Version2 and ClientRequestedVersion=0.3.
02/14/2025 23:12:33 Иркутск, стандартное время : Information : Setting up RPC connection for service 'Microsoft.VisualStudio.ProjectSystem.Server.QueryExecutionServiceFactory' from factory
02/14/2025 23:12:33 Иркутск, стандартное время : Information : Completed RPC connection setup for service 'Microsoft.VisualStudio.ProjectSystem.Server.QueryExecutionServiceFactory' from factory
02/14/2025 23:13:13 Иркутск, стандартное время : Information : hubHostClr read: Content-Length: 968

{"jsonrpc":"2.0","id":11,"method":"StartServiceAsync","params":[{"name":"Microsoft.VisualStudio.LaunchConfigurationService","host":"dotnet.projectSystem","hostId":"C94B8CFE-E3FD-4BAF-A941-2866DBB566FE","serviceBaseDirectory":"/home/albert/.vscode/extensions/ms-dotnettools.csdevkit-1.16.6-linux-x64/components/CPS/platforms/linux-x64/node_modules/@microsoft/visualstudio-projectsystem-server.linux-x64","entryPoint":{"assemblyPath":"/home/albert/.vscode/extensions/ms-dotnettools.csdevkit-1.16.6-linux-x64/components/CPS/platforms/linux-x64/node_modules/@microsoft/visualstudio-projectsystem-server.linux-x64/Microsoft.VisualStudio.ProjectSystem.Server.Implementation.dll","fullClassName":"Microsoft.VisualStudio.ProjectSystem.Server.LaunchConfigurationServiceFactory"}},{"ActivationArguments":{"__servicehub__ServiceHubRemoteServiceBrokerPipeName":"/home/albert/.ServiceHub/d325e6abbc/c33837e5df"},"ClientCredentials":{},"ClientCulture":"ru","ClientUICulture":"ru"}]}
02/14/2025 23:13:13 Иркутск, стандартное время : Information : CLR host received start request for service 'Microsoft.VisualStudio.LaunchConfigurationService'
02/14/2025 23:13:13 Иркутск, стандартное время : Information : Loading service module assembly '/home/albert/.vscode/extensions/ms-dotnettools.csdevkit-1.16.6-linux-x64/components/CPS/platforms/linux-x64/node_modules/@microsoft/visualstudio-projectsystem-server.linux-x64/Microsoft.VisualStudio.ProjectSystem.Server.Implementation.dll' from '/home/albert/.vscode/extensions/ms-dotnettools.csdevkit-1.16.6-linux-x64/components/CPS/platforms/linux-x64/node_modules/@microsoft/visualstudio-projectsystem-server.linux-x64'
02/14/2025 23:13:13 Иркутск, стандартное время : Information : Starting service module 'Microsoft.VisualStudio.LaunchConfigurationService'. Class: Microsoft.VisualStudio.ProjectSystem.Server.LaunchConfigurationServiceFactory, Supported Version: 
02/14/2025 23:13:13 Иркутск, стандартное время : Information : Started service 'Microsoft.VisualStudio.LaunchConfigurationService'. Pipe name: /home/albert/.ServiceHub/d325e6abbc/161a54e5d4, Supported Version: 
02/14/2025 23:13:13 Иркутск, стандартное время : Information : hubHostClr write: Content-Length: 83

{"jsonrpc":"2.0","id":11,"result":"/home/albert/.ServiceHub/d325e6abbc/161a54e5d4"}
02/14/2025 23:13:13 Иркутск, стандартное время : Information : A new client connected to CLR service module 'Microsoft.VisualStudio.LaunchConfigurationService'
02/14/2025 23:13:13 Иркутск, стандартное время : Information : Found IServiceHubServiceFactory in cache. Creating instance from the factory.
02/14/2025 23:13:13 Иркутск, стандартное время : Information : Creating service Microsoft.VisualStudio.ProjectSystem.Server.LaunchConfigurationServiceFactory from factory with FactoryVersion=Version2 and ClientRequestedVersion=.
02/14/2025 23:13:13 Иркутск, стандартное время : Information : Setting up RPC connection for service 'Microsoft.VisualStudio.ProjectSystem.Server.LaunchConfigurationServiceFactory' from factory
02/14/2025 23:13:13 Иркутск, стандартное время : Information : Completed RPC connection setup for service 'Microsoft.VisualStudio.ProjectSystem.Server.LaunchConfigurationServiceFactory' from factory
02/14/2025 23:13:15 Иркутск, стандартное время : Information : hubHostClr read: Content-Length: 968

{"jsonrpc":"2.0","id":12,"method":"StartServiceAsync","params":[{"name":"Microsoft.VisualStudio.LaunchConfigurationService","host":"dotnet.projectSystem","hostId":"C94B8CFE-E3FD-4BAF-A941-2866DBB566FE","serviceBaseDirectory":"/home/albert/.vscode/extensions/ms-dotnettools.csdevkit-1.16.6-linux-x64/components/CPS/platforms/linux-x64/node_modules/@microsoft/visualstudio-projectsystem-server.linux-x64","entryPoint":{"assemblyPath":"/home/albert/.vscode/extensions/ms-dotnettools.csdevkit-1.16.6-linux-x64/components/CPS/platforms/linux-x64/node_modules/@microsoft/visualstudio-projectsystem-server.linux-x64/Microsoft.VisualStudio.ProjectSystem.Server.Implementation.dll","fullClassName":"Microsoft.VisualStudio.ProjectSystem.Server.LaunchConfigurationServiceFactory"}},{"ActivationArguments":{"__servicehub__ServiceHubRemoteServiceBrokerPipeName":"/home/albert/.ServiceHub/d325e6abbc/74bfa87350"},"ClientCredentials":{},"ClientCulture":"ru","ClientUICulture":"ru"}]}
02/14/2025 23:13:15 Иркутск, стандартное время : Information : CLR host received start request for service 'Microsoft.VisualStudio.LaunchConfigurationService'
02/14/2025 23:13:15 Иркутск, стандартное время : Information : Loading service module assembly '/home/albert/.vscode/extensions/ms-dotnettools.csdevkit-1.16.6-linux-x64/components/CPS/platforms/linux-x64/node_modules/@microsoft/visualstudio-projectsystem-server.linux-x64/Microsoft.VisualStudio.ProjectSystem.Server.Implementation.dll' from '/home/albert/.vscode/extensions/ms-dotnettools.csdevkit-1.16.6-linux-x64/components/CPS/platforms/linux-x64/node_modules/@microsoft/visualstudio-projectsystem-server.linux-x64'
02/14/2025 23:13:15 Иркутск, стандартное время : Information : Starting service module 'Microsoft.VisualStudio.LaunchConfigurationService'. Class: Microsoft.VisualStudio.ProjectSystem.Server.LaunchConfigurationServiceFactory, Supported Version: 
02/14/2025 23:13:15 Иркутск, стандартное время : Information : Started service 'Microsoft.VisualStudio.LaunchConfigurationService'. Pipe name: /home/albert/.ServiceHub/d325e6abbc/b3e809169d, Supported Version: 
02/14/2025 23:13:15 Иркутск, стандартное время : Information : hubHostClr write: Content-Length: 83

{"jsonrpc":"2.0","id":12,"result":"/home/albert/.ServiceHub/d325e6abbc/b3e809169d"}
02/14/2025 23:13:15 Иркутск, стандартное время : Information : A new client connected to CLR service module 'Microsoft.VisualStudio.LaunchConfigurationService'
02/14/2025 23:13:15 Иркутск, стандартное время : Information : Found IServiceHubServiceFactory in cache. Creating instance from the factory.
02/14/2025 23:13:15 Иркутск, стандартное время : Information : Creating service Microsoft.VisualStudio.ProjectSystem.Server.LaunchConfigurationServiceFactory from factory with FactoryVersion=Version2 and ClientRequestedVersion=.
02/14/2025 23:13:15 Иркутск, стандартное время : Information : Setting up RPC connection for service 'Microsoft.VisualStudio.ProjectSystem.Server.LaunchConfigurationServiceFactory' from factory
02/14/2025 23:13:15 Иркутск, стандартное время : Information : Completed RPC connection setup for service 'Microsoft.VisualStudio.ProjectSystem.Server.LaunchConfigurationServiceFactory' from factory
02/14/2025 23:13:51 Иркутск, стандартное время : Information : Checking if 'Microsoft.VisualStudio.ProjectSystem.Server.LaunchConfigurationServiceFactory' implements Microsoft.VisualStudio.Threading.IAsyncDisposable.
02/14/2025 23:13:51 Иркутск, стандартное время : Information : Checking if 'Microsoft.VisualStudio.ProjectSystem.Server.LaunchConfigurationServiceFactory' implements System.IAsyncDisposable.
02/14/2025 23:13:51 Иркутск, стандартное время : Information : Checking if 'Microsoft.VisualStudio.ProjectSystem.Server.LaunchConfigurationServiceFactory' implements System.IDisposable.
02/14/2025 23:13:51 Иркутск, стандартное время : Information : Checking if 'Microsoft.VisualStudio.ProjectSystem.Server.ProjectTreeProviderFactory' implements Microsoft.VisualStudio.Threading.IAsyncDisposable.
02/14/2025 23:13:51 Иркутск, стандартное время : Information : Checking if 'Microsoft.VisualStudio.ProjectSystem.Server.ProjectTreeProviderFactory' implements System.IAsyncDisposable.
02/14/2025 23:13:51 Иркутск, стандартное время : Information : Checking if 'Microsoft.VisualStudio.ProjectSystem.Server.ProjectTreeProviderFactory' implements System.IDisposable.
02/14/2025 23:13:51 Иркутск, стандартное время : Information : Checking if 'Microsoft.VisualStudio.ProjectSystem.Server.ProjectInitializationStatusServiceFactory' implements Microsoft.VisualStudio.Threading.IAsyncDisposable.
02/14/2025 23:13:51 Иркутск, стандартное время : Information : Checking if 'Microsoft.VisualStudio.ProjectSystem.Server.ProjectInitializationStatusServiceFactory' implements System.IAsyncDisposable.
02/14/2025 23:13:51 Иркутск, стандартное время : Information : Checking if 'Microsoft.VisualStudio.ProjectSystem.Server.ProjectInitializationStatusServiceFactory' implements System.IDisposable.
02/14/2025 23:13:51 Иркутск, стандартное время : Information : hubHostClr read: Content-Length: 58

{"jsonrpc":"2.0","id":13,"method":"ExitAsync","params":[]}
02/14/2025 23:13:51 Иркутск, стандартное время : Information : Exit command received. Exiting CLR host
02/14/2025 23:13:51 Иркутск, стандартное время : Information : hubHostClr write: Content-Length: 39

{"jsonrpc":"2.0","id":13,"result":null}
02/14/2025 23:13:51 Иркутск, стандартное время : Information : hubHostClr JSON RPC has been disposed
02/14/2025 23:13:51 Иркутск, стандартное время : Information : hubHostClr read: end of stream
02/14/2025 23:13:51 Иркутск, стандартное время : Information : Checking if 'Microsoft.VisualStudio.ProjectSystem.Server.QueryExecutionServiceFactory' implements Microsoft.VisualStudio.Threading.IAsyncDisposable.
02/14/2025 23:13:51 Иркутск, стандартное время : Information : Checking if 'Microsoft.VisualStudio.ProjectSystem.Server.ProjectIconSourceServiceFactory' implements Microsoft.VisualStudio.Threading.IAsyncDisposable.
02/14/2025 23:13:51 Иркутск, стандартное время : Information : Checking if 'Microsoft.VisualStudio.ProjectSystem.Server.QueryExecutionServiceFactory' implements System.IAsyncDisposable.
02/14/2025 23:13:51 Иркутск, стандартное время : Information : Checking if 'Microsoft.VisualStudio.ProjectSystem.Server.QueryExecutionServiceFactory' implements System.IDisposable.
02/14/2025 23:13:51 Иркутск, стандартное время : Information : Checking if 'Microsoft.VisualStudio.ProjectSystem.Server.ProjectIconSourceServiceFactory' implements System.IAsyncDisposable.
02/14/2025 23:13:51 Иркутск, стандартное время : Information : Checking if 'Microsoft.VisualStudio.ProjectSystem.Server.ProjectIconSourceServiceFactory' implements System.IDisposable.
02/14/2025 23:13:51 Иркутск, стандартное время : Information : Checking if 'Microsoft.VisualStudio.ProjectSystem.Server.QueryExecutionServiceFactory' implements Microsoft.VisualStudio.Threading.IAsyncDisposable.
02/14/2025 23:13:51 Иркутск, стандартное время : Information : Checking if 'Microsoft.VisualStudio.ProjectSystem.Server.QueryExecutionServiceFactory' implements System.IAsyncDisposable.
02/14/2025 23:13:51 Иркутск, стандартное время : Information : Checking if 'Microsoft.VisualStudio.ProjectSystem.Server.QueryExecutionServiceFactory' implements System.IDisposable.
