02/14/2025 23:12:29 Иркутск, стандартное время : Information : Local timezone is (UTC+08:00) Иркутск, стандартное время
02/14/2025 23:12:29 Иркутск, стандартное время : Information : VsHubClient-hubController write: Content-Length: 109

{"jsonrpc":"2.0","id":2,"method":"UpdateClientInfoAsync","params":[{"clientName":"VsHubClient","pid":49323}]}
02/14/2025 23:12:29 Иркутск, стандартное время : Information : VsHubClient-hubController read: Content-Length: 432

{"jsonrpc":"2.0","id":2,"result":{"ClientWatchServerName":"net.pipe://49355F8D66","ControllerConfig":{"Executable":"/home/albert/.vscode/extensions/ms-dotnettools.csdevkit-1.16.6-linux-x64/components/vs-green-server/platforms/linux-x64/node_modules/@microsoft/servicehub-controller-net60.linux-x64/Microsoft.ServiceHub.Controller","Args":["d325e6abbc"],"PipeName":"d325e6abbc"},"HostsConfig":{"RootDir":".","AppConfigFallback":""}}}
02/14/2025 23:12:30 Иркутск, стандартное время : Information : Connected to Hub Controller's client watch 'net.pipe://49355F8D66
02/14/2025 23:12:30 Иркутск, стандартное время : Information : VsHubClient-hubController write: Content-Length: 109

{"jsonrpc":"2.0","id":2,"method":"UpdateClientInfoAsync","params":[{"clientName":"VsHubClient","pid":49323}]}
02/14/2025 23:12:30 Иркутск, стандартное время : Information : VsHubClient-hubController read: Content-Length: 432

{"jsonrpc":"2.0","id":2,"result":{"ClientWatchServerName":"net.pipe://49355F8D66","ControllerConfig":{"Executable":"/home/albert/.vscode/extensions/ms-dotnettools.csdevkit-1.16.6-linux-x64/components/vs-green-server/platforms/linux-x64/node_modules/@microsoft/servicehub-controller-net60.linux-x64/Microsoft.ServiceHub.Controller","Args":["d325e6abbc"],"PipeName":"d325e6abbc"},"HostsConfig":{"RootDir":".","AppConfigFallback":""}}}
02/14/2025 23:12:30 Иркутск, стандартное время : Information : VsHubClient-hubController write: Content-Length: 15948


02/14/2025 23:12:30 Иркутск, стандартное время : Information : VsHubClient-hubController write: {"jsonrpc":"2.0","id":3,"method":"RegisterServicesAsync","params":[{"Microsoft.VisualStudio.CpsProjectIconSourceService":{"host":"dotnet.projectSystem","hostId":"C94B8CFE-E3FD-4BAF-A941-2866DBB566FE","serviceBaseDirectory":"/home/albert/.vscode/extensions/ms-dotnettools.csdevkit-1.16.6-linux-x64/components/CPS/platforms/linux-x64/node_modules/@microsoft/visualstudio-projectsystem-server.linux-x64","entryPoint":{"assemblyPath":"/home/albert/.vscode/extensions/ms-dotnettools.csdevkit-1.16.6-linux-x64/components/CPS/platforms/linux-x64/node_modules/@microsoft/visualstudio-projectsystem-server.linux-x64/Microsoft.VisualStudio.ProjectSystem.Server.Implementation.dll","fullClassName":"Microsoft.VisualStudio.ProjectSystem.Server.ProjectIconSourceServiceFactory"}},"Microsoft.VisualStudio.LaunchConfigurationService":{"host":"dotnet.projectSystem","hostId":"C94B8CFE-E3FD-4BAF-A941-2866DBB566FE","serviceBaseDirectory":"/home/albert/.vscode/extensions/ms-dotnettools.csdevkit-1.16.6-linux-x64/components/CPS/platforms/linux-x64/node_modules/@microsoft/visualstudio-projectsystem-server.linux-x64","entryPoint":{"assemblyPath":"/home/albert/.vscode/extensions/ms-dotnettools.csdevkit-1.16.6-linux-x64/components/CPS/platforms/linux-x64/node_modules/@microsoft/visualstudio-projectsystem-server.linux-x64/Microsoft.VisualStudio.ProjectSystem.Server.Implementation.dll","fullClassName":"Microsoft.VisualStudio.ProjectSystem.Server.LaunchConfigurationServiceFactory"}},"Microsoft.VisualStudio.ProjectSystem.CompositionService":{"host":"dotnet.projectSystem","hostId":"C94B8CFE-E3FD-4BAF-A941-2866DBB566FE","serviceBaseDirectory":"/home/albert/.vscode/extensions/ms-dotnettools.csdevkit-1.16.6-linux-x64/components/CPS/platforms/linux-x64/node_modules/@microsoft/visualstudio-projectsystem-server.linux-x64","entryPoint":{"assemblyPath":"/home/albert/.vscode/extensions/ms-dotnettools.csdevkit-1.16.6-linux-x64/components/CPS/platforms/linux-x64/node_modules/@microsoft/visualstudio-projectsystem-server.linux-x64/Microsoft.VisualStudio.ProjectSystem.Server.Implementation.dll","fullClassName":"Microsoft.VisualStudio.ProjectSystem.Server.CompositionServiceFactory"}},"Microsoft.VisualStudio.ProjectSystem.ProjectInitializationStatusService":{"host":"dotnet.projectSystem","hostId":"C94B8CFE-E3FD-4BAF-A941-2866DBB566FE","serviceBaseDirectory":"/home/albert/.vscode/extensions/ms-dotnettools.csdevkit-1.16.6-linux-x64/components/CPS/platforms/linux-x64/node_modules/@microsoft/visualstudio-projectsystem-server.linux-x64","entryPoint":{"assemblyPath":"/home/albert/.vscode/extensions/ms-dotnettools.csdevkit-1.16.6-linux-x64/components/CPS/platforms/linux-x64/node_modules/@microsoft/visualstudio-projectsystem-server.linux-x64/Microsoft.VisualStudio.ProjectSystem.Server.Implementation.dll","fullClassName":"Microsoft.VisualStudio.ProjectSystem.Server.ProjectInitializationStatusServiceFactory"}},"Microsoft.VisualStudio.ProjectSystem.ProjectTreeProvider":{"host":"dotnet.projectSystem","hostId":"C94B8CFE-E3FD-4BAF-A941-2866DBB566FE","serviceBaseDirectory":"/home/albert/.vscode/extensions/ms-dotnettools.csdevkit-1.16.6-linux-x64/components/CPS/platforms/linux-x64/node_modules/@microsoft/visualstudio-projectsystem-server.linux-x64","entryPoint":{"assemblyPath":"/home/albert/.vscode/extensions/ms-dotnettools.csdevkit-1.16.6-linux-x64/components/CPS/platforms/linux-x64/node_modules/@microsoft/visualstudio-projectsystem-server.linux-x64/Microsoft.VisualStudio.ProjectSystem.Server.Implementation.dll","fullClassName":"Microsoft.VisualStudio.ProjectSystem.Server.ProjectTreeProviderFactory"}},"Microsoft.VisualStudio.ProjectSystem.Query.Remoting.QueryExecutionService":{"host":"dotnet.projectSystem","hostId":"C94B8CFE-E3FD-4BAF-A941-2866DBB566FE","serviceBaseDirectory":"/home/albert/.vscode/extensions/ms-dotnettools.csdevkit-1.16.6-linux-x64/components/CPS/platforms/linux-x64/node_modules/@microsoft/visualstudio-projectsystem-server.linux-x64","entryPoint":{"assemblyPath":"/home/albert/.vscode/extensions/ms-dotnettools.csdevkit-1.16.6-linux-x64/components/CPS/platforms/linux-x64/node_modules/@microsoft/visualstudio-projectsystem-server.linux-x64/Microsoft.VisualStudio.ProjectSystem.Server.Implementation.dll","fullClassName":"Microsoft.VisualStudio.ProjectSystem.Server.QueryExecutionServiceFactory"}},"Microsoft.VisualStudio.Debugger.AspireSessionSynchronizeService":{"host":"dotnet","hostId":"C94B8CFE-E3FD-4BAF-A941-2866DBB566FE","serviceBaseDirectory":"/home/albert/.vscode/extensions/ms-dotnettools.csdevkit-1.16.6-linux-x64/components/VSDebugCore/platforms/linux-x64/node_modules/@microsoft/visualstudio-debugger-devkit.linux-x64","entryPoint":{"assemblyPath":"/home/albert/.vscode/extensions/ms-dotnettools.csdevkit-1.16.6-linux-x64/components/VSDebugCore/platforms/linux-x64/node_modules/@microsoft/visualstudio-debugger-devkit.linux-x64/Microsoft.VisualStudio.Debugger.DevKit.dll","fullClassName":"Microsoft.VisualStudio.Debugger.AspireSessionSynchronizeService+Factory"}},"Microsoft.VisualStudio.Debugger.GenericHotReloadAgentManagerService":{"host":"dotnet","hostId":"C94B8CFE-E3FD-4BAF-A941-2866DBB566FE","serviceBaseDirectory":"/home/albert/.vscode/extensions/ms-dotnettools.csdevkit-1.16.6-linux-x64/components/VSDebugCore/platforms/linux-x64/node_modules/@microsoft/visualstudio-debugger-devkit.linux-x64","entryPoint":{"assemblyPath":"/home/albert/.vscode/extensions/ms-dotnettools.csdevkit-1.16.6-linux-x64/components/VSDebugCore/platforms/linux-x64/node_modules/@microsoft/visualstudio-debugger-devkit.linux-x64/Microsoft.VisualStudio.Debugger.DevKit.dll","fullClassName":"Microsoft.VisualStudio.Debugger.GenericHotReloadAgentManagerService+Factory"}},"Microsoft.VisualStudio.Debugger.HotReloadClientService":{"host":"dotnet","hostId":"C94B8CFE-E3FD-4BAF-A941-2866DBB566FE","serviceBaseDirectory":"/home/albert/.vscode/extensions/ms-dotnettools.csdevkit-1.16.6-linux-x64/components/VSDebugCore/platforms/linux-x64/node_modules/@microsoft/visualstudio-debugger-devkit.linux-x64","entryPoint":{"assemblyPath":"/home/albert/.vscode/extensions/ms-dotnettools.csdevkit-1.16.6-linux-x64/components/VSDebugCore/platforms/linux-x64/node_modules/@microsoft/visualstudio-debugger-devkit.linux-x64/Microsoft.VisualStudio.Debugger.DevKit.dll","fullClassName":"Microsoft.VisualStudio.Debugger.HotReloadClientService+Factory"}},"Microsoft.VisualStudio.Debugger.HotReloadSessionNotificationService":{"host":"dotnet","hostId":"C94B8CFE-E3FD-4BAF-A941-2866DBB566FE","serviceBaseDirectory":"/home/albert/.vscode/extensions/ms-dotnettools.csdevkit-1.16.6-linux-x64/components/VSDebugCore/platforms/linux-x64/node_modules/@microsoft/visualstudio-debugger-devkit.linux-x64","entryPoint":{"assemblyPath":"/home/albert/.vscode/extensions/ms-dotnettools.csdevkit-1.16.6-linux-x64/components/VSDebugCore/platforms/linux-x64/node_modules/@microsoft/visualstudio-debugger-devkit.linux-x64/Microsoft.VisualStudio.Debugger.DevKit.dll","fullClassName":"Microsoft.VisualStudio.Debugger.HotReloadSessionNotificationService+Factory"}},"Microsoft.VisualStudio.Debugger.ManagedEditAndContinueCsDevKitEngineService2":{"host":"dotnet","hostId":"C94B8CFE-E3FD-4BAF-A941-2866DBB566FE","serviceBaseDirectory":"/home/albert/.vscode/extensions/ms-dotnettools.csdevkit-1.16.6-linux-x64/components/VSDebugCore/platforms/linux-x64/node_modules/@microsoft/visualstudio-debugger-devkit.linux-x64","entryPoint":{"assemblyPath":"/home/albert/.vscode/extensions/ms-dotnettools.csdevkit-1.16.6-linux-x64/components/VSDebugCore/platforms/linux-x64/node_modules/@microsoft/visualstudio-debugger-devkit.linux-x64/Microsoft.VisualStudio.Debugger.DevKit.dll","fullClassName":"Microsoft.VisualStudio.Debugger.ManagedEditAndContinueCsDevKitEngineService+Factory"}},"Microsoft.VisualStudio.Debugger.ManagedEditAndContinueRemoteDebuggerService2":{"host":"dotnet","hostId":"C94B8CFE-E3FD-4BAF-A941-2866DBB566FE","serviceBaseDirectory":"/home/albert/.vscode/extensions/ms-dotnettools.csdevkit-1.16.6-linux-x64/components/VSDebugCore/platforms/linux-x64/node_modules/@microsoft/visualstudio-debugger-devkit.linux-x64","entryPoint":{"assemblyPath":"/home/albert/.vscode/extensions/ms-dotnettools.csdevkit-1.16.6-linux-x64/components/VSDebugCore/platforms/linux-x64/node_modules/@microsoft/visualstudio-debugger-devkit.linux-x64/Microsoft.VisualStudio.Debugger.DevKit.dll","fullClassName":"Microsoft.VisualStudio.Debugger.ManagedEditAndContinueRemoteDebuggerService+Factory"}},"Microsoft.VisualStudio.Debugger.ManagedHotReloadAgentManagerService":{"host":"dotnet","hostId":"C94B8CFE-E3FD-4BAF-A941-2866DBB566FE","serviceBaseDirectory":"/home/albert/.vscode/extensions/ms-dotnettools.csdevkit-1.16.6-linux-x64/components/VSDebugCore/platforms/linux-x64/node_modules/@microsoft/visualstudio-debugger-devkit.linux-x64","entryPoint":{"assemblyPath":"/home/albert/.vscode/extensions/ms-dotnettools.csdevkit-1.16.6-linux-x64/components/VSDebugCore/platforms/linux-x64/node_modules/@microsoft/visualstudio-debugger-devkit.linux-x64/Microsoft.VisualStudio.Debugger.DevKit.dll","fullClassName":"Microsoft.VisualStudio.Debugger.ManagedHotReloadAgentManagerService+Factory"}},"Microsoft.VisualStudio.Debugger.ManagedHotReloadService":{"host":"dotnet","hostId":"C94B8CFE-E3FD-4BAF-A941-2866DBB566FE","serviceBaseDirectory":"/home/albert/.vscode/extensions/ms-dotnettools.csdevkit-1.16.6-linux-x64/components/VSDebugCore/platforms/linux-x64/node_modules/@microsoft/visualstudio-debugger-devkit.linux-x64","entryPoint":{"assemblyPath":"/home/albert/.vscode/extensions/ms-dotnettools.csdevkit-1.16.6-linux-x64/components/VSDebugCore/platforms/linux-x64/node_modules/@microsoft/visualstudio-debugger-devkit.linux-x64/Microsoft.VisualStudio.Debugger.DevKit.dll","fullClassName":"Microsoft.VisualStudio.Debugger.ManagedHotReloadService+Factory"}},"Microsoft.VisualStudio.Debugger.SourceLinkService":{"host":"dotnet","hostId":"C94B8CFE-E3FD-4BAF-A941-2866DBB566FE","serviceBaseDirectory":"/home/albert/.vscode/extensions/ms-dotnettools.csdevkit-1.16.6-linux-x64/components/VSDebugCore/platforms/linux-x64/node_modules/@microsoft/visualstudio-debugger-devkit.linux-x64","entryPoint":{"assemblyPath":"/home/albert/.vscode/extensions/ms-dotnettools.csdevkit-1.16.6-linux-x64/components/VSDebugCore/platforms/linux-x64/node_modules/@microsoft/visualstudio-debugger-devkit.linux-x64/Microsoft.VisualStudio.Debugger.DevKit.dll","fullClassName":"Microsoft.VisualStudio.Debugger.SourceLinkService+Factory"}},"Microsoft.VisualStudio.Debugger.SymbolLocatorService":{"host":"dotnet","hostId":"C94B8CFE-E3FD-4BAF-A941-2866DBB566FE","serviceBaseDirectory":"/home/albert/.vscode/extensions/ms-dotnettools.csdevkit-1.16.6-linux-x64/components/VSDebugCore/platforms/linux-x64/node_modules/@microsoft/visualstudio-debugger-devkit.linux-x64","entryPoint":{"assemblyPath":"/home/albert/.vscode/extensions/ms-dotnettools.csdevkit-1.16.6-linux-x64/components/VSDebugCore/platforms/linux-x64/node_modules/@microsoft/visualstudio-debugger-devkit.linux-x64/Microsoft.VisualStudio.Debugger.DevKit.dll","fullClassName":"Microsoft.VisualStudio.Debugger.BrokeredServices.SymbolLocator.SymbolLocatorService+Factory"}},"Microsoft.VisualStudio.TestWindow.VSCode.ProjectSystemProvider.Service":{"host":"dotnet","hostId":"C94B8CFE-E3FD-4BAF-A941-2866DBB566FE","serviceBaseDirectory":"/home/albert/.vscode/extensions/ms-dotnettools.csdevkit-1.16.6-linux-x64/components/VSUnitTesting/platforms/linux-x64/node_modules/@microsoft/visualstudio-testwindow-vscode-service.linux-x64","entryPoint":{"assemblyPath":"/home/albert/.vscode/extensions/ms-dotnettools.csdevkit-1.16.6-linux-x64/components/VSUnitTesting/platforms/linux-x64/node_modules/@microsoft/visualstudio-testwindow-vscode-service.linux-x64/Microsoft.VisualStudio.TestWindow.VSCode.Service.dll","fullClassName":"Microsoft.VisualStudio.TestWindow.VSCode.ProjectSystemProvider.Service.ProjectSystemProviderServiceFactory"}},"Microsoft.VisualStudio.TestWindow.VSCode.Service":{"host":"dotnet","hostId":"C94B8CFE-E3FD-4BAF-A941-2866DBB566FE","serviceBaseDirectory":"/home/albert/.vscode/extensions/ms-dotnettools.csdevkit-1.16.6-linux-x64/components/VSUnitTesting/platforms/linux-x64/node_modules/@microsoft/visualstudio-testwindow-vscode-service.linux-x64","entryPoint":{"assemblyPath":"/home/albert/.vscode/extensions/ms-dotnettools.csdevkit-1.16.6-linux-x64/components/VSUnitTesting/platforms/linux-x64/node_modules/@microsoft/visualstudio-testwindow-vscode-service.linux-x64/Microsoft.VisualStudio.TestWindow.VSCode.Service.dll","fullClassName":"Microsoft.VisualStudio.TestWindow.VSCode.Service.TestWindowVSCodeServiceFactory"}},"Microsoft.VisualStudio.AspireServer":{"host":"dotnet.aspireServer","hostId":"C94B8CFE-E3FD-4BAF-A941-2866DBB566FE","serviceBaseDirectory":"/home/albert/.vscode/extensions/ms-dotnettools.csdevkit-1.16.6-linux-x64/components/WebTools/node_modules/@microsoft/vscode.webtools/Services","entryPoint":{"assemblyPath":"/home/albert/.vscode/extensions/ms-dotnettools.csdevkit-1.16.6-linux-x64/components/WebTools/node_modules/@microsoft/vscode.webtools/Services/Microsoft.WebTools.AspireServer.dll","fullClassName":"Microsoft.WebTools.AspireServer.ServiceFactory"}},"Microsoft.VisualStudio.Debugger.AspireService":{"host":"dotnet.projectSystem","hostId":"C94B8CFE-E3FD-4BAF-A941-2866DBB566FE","serviceBaseDirectory":"/home/albert/.vscode/extensions/ms-dotnettools.csdevkit-1.16.6-linux-x64/components/WebTools/node_modules/@microsoft/vscode.webtools/Services","entryPoint":{"assemblyPath":"/home/albert/.vscode/extensions/ms-dotnettools.csdevkit-1.16.6-linux-x64/components/WebTools/node_modules/@microsoft/vscode.webtools/Services/Microsoft.WebTools.Aspire.VSCode.Services.dll","fullClassName":"Microsoft.WebTools.Aspire.VSCode.Services.ServiceFactory"},"friendServices":["Microsoft.VisualStudio.ProjectSystem.CompositionService"]},"Microsoft.VisualStudio.ProjectSystem.DebugTargetFrameworkService":{"host":"dotnet.projectSystem","hostId":"C94B8CFE-E3FD-4BAF-A941-2866DBB566FE","serviceBaseDirectory":"/home/albert/.vscode/extensions/ms-dotnettools.csdevkit-1.16.6-linux-x64/components/dotnet-project-system-vscode/node_modules/@microsoft/vscode.projectsystem.managed/Services","entryPoint":{"assemblyPath":"/home/albert/.vscode/extensions/ms-dotnettools.csdevkit-1.16.6-linux-x64/components/dotnet-project-system-vscode/node_modules/@microsoft/vscode.projectsystem.managed/Services/Microsoft.ProjectSystem.Managed.VSCode.Services.dll","fullClassName":"Microsoft.VisualStudio.ProjectSystem.Services.DebugTargetFrameworkServiceFactory"},"friendServices":["Microsoft.VisualStudio.ProjectSystem.CompositionService"]},"Microsoft.VisualStudio.ProjectQueryTestService":{"host":"dotnet","hostId":"C94B8CFE-E3FD-4BAF-A941-2866DBB566FE","serviceBaseDirectory":"/home/albert/.vscode/extensions/ms-dotnettools.csdevkit-1.16.6-linux-x64/components/vs-green-server/platforms/linux-x64/node_modules/@microsoft/visualstudio-server-samples-sayhello.linux-x64","entryPoint":{"assemblyPath":"/home/albert/.vscode/extensions/ms-dotnettools.csdevkit-1.16.6-linux-x64/components/vs-green-server/platforms/linux-x64/node_modules/@microsoft/visualstudio-server-samples-sayhello.linux-x64/Microsoft.VisualStudio.Samples.SayHello.dll","fullClassName":"Microsoft.VisualStudio.Samples.SayHello.ProjectQueryTestServiceFactory"}},"helloServiceHubDotNetHost":{"host":"dotnet","hostId":"C94B8CFE-E3FD-4BAF-A941-2866DBB566FE","serviceBaseDirectory":"/home/albert/.vscode/extensions/ms-dotnettools.csdevkit-1.16.6-linux-x64/components/vs-green-server/platforms/linux-x64/node_modules/@microsoft/visualstudio-server-samples-sayhello.linux-x64","entryPoint":{"assemblyPath":"/home/albert/.vscode/extensions/ms-dotnettools.csdevkit-1.16.6-linux-x64/components/vs-green-server/platforms/linux-x64/node_modules/@microsoft/visualstudio-server-samples-sayhello.linux-x64/Microsoft.VisualStudio.Samples.SayHello.dll","fullClassName":"Microsoft.VisualStudio.Samples.SayHello.HelloWorldFactory"}}}]}
02/14/2025 23:12:30 Иркутск, стандартное время : Information : VsHubClient-hubController read: Content-Length: 38

{"jsonrpc":"2.0","id":3,"result":null}
02/14/2025 23:12:30 Иркутск, стандартное время : Information : VsHubClient-hubController write: Content-Length: 340

{"jsonrpc":"2.0","id":3,"method":"requestServiceChannel","params":[{"Name":"Microsoft.VisualStudio.TestWindow.VSCode.Service","Version":"0.1"},{"ActivationArguments":{"__servicehub__ServiceHubRemoteServiceBrokerPipeName":"/home/albert/.ServiceHub/d325e6abbc/b2f90e5535"},"ClientCredentials":{},"ClientCulture":"ru","ClientUICulture":"ru"}]}
02/14/2025 23:12:30 Иркутск, стандартное время : Information : VsHubClient-hubController write: Content-Length: 325

{"jsonrpc":"2.0","id":5,"method":"requestServiceChannel","params":[{"Name":"Microsoft.VisualStudio.LaunchConfigurationService"},{"ActivationArguments":{"__servicehub__ServiceHubRemoteServiceBrokerPipeName":"/home/albert/.ServiceHub/d325e6abbc/1650bc6aae"},"ClientCredentials":{},"ClientCulture":"ru","ClientUICulture":"ru"}]}
02/14/2025 23:12:30 Иркутск, стандартное время : Information : VsHubClient-hubController write: Content-Length: 348

{"jsonrpc":"2.0","id":4,"method":"requestServiceChannel","params":[{"Name":"Microsoft.VisualStudio.ProjectSystem.ProjectTreeProvider","Version":"0.1"},{"ActivationArguments":{"__servicehub__ServiceHubRemoteServiceBrokerPipeName":"/home/albert/.ServiceHub/d325e6abbc/23b49f23d8"},"ClientCredentials":{},"ClientCulture":"ru","ClientUICulture":"ru"}]}
02/14/2025 23:12:30 Иркутск, стандартное время : Information : VsHubClient-hubController write: Content-Length: 363

{"jsonrpc":"2.0","id":6,"method":"requestServiceChannel","params":[{"Name":"Microsoft.VisualStudio.ProjectSystem.ProjectInitializationStatusService","Version":"0.1"},{"ActivationArguments":{"__servicehub__ServiceHubRemoteServiceBrokerPipeName":"/home/albert/.ServiceHub/d325e6abbc/965d3d7f33"},"ClientCredentials":{},"ClientCulture":"ru","ClientUICulture":"ru"}]}
02/14/2025 23:12:30 Иркутск, стандартное время : Information : VsHubClient-hubController read: Content-Length: 162

{"jsonrpc":"2.0","id":3,"result":{"RequestId":"8d9b1732-e22f-41eb-8994-870d754b821f","PipeName":"/home/albert/.ServiceHub/d325e6abbc/87ad036431","IsEmpty":false}}
02/14/2025 23:12:30 Иркутск, стандартное время : Information : VsHubClient-hubController write: Content-Length: 365

{"jsonrpc":"2.0","id":7,"method":"requestServiceChannel","params":[{"Name":"Microsoft.VisualStudio.Debugger.HotReloadSessionNotificationService","Version":"0.1"},{"ActivationArguments":{"__servicehub__ServiceHubRemoteServiceBrokerPipeName":"/home/albert/.ServiceHub/d325e6abbc/8416ddcc32"},"ClientCredentials":{},"ClientCulture":"ru-RU","ClientUICulture":"ru-RU"}]}
02/14/2025 23:12:30 Иркутск, стандартное время : Information : VsHubClient-hubController read: Content-Length: 162

{"jsonrpc":"2.0","id":7,"result":{"RequestId":"1c55d192-feb0-4c05-b83a-f89707c61039","PipeName":"/home/albert/.ServiceHub/d325e6abbc/90499df655","IsEmpty":false}}
02/14/2025 23:12:30 Иркутск, стандартное время : Information : Disposing ServiceBroker server '/home/albert/.ServiceHub/d325e6abbc/b2f90e5535'.
02/14/2025 23:12:30 Иркутск, стандартное время : Information : Disposing ServiceBroker server '/home/albert/.ServiceHub/d325e6abbc/8416ddcc32'.
02/14/2025 23:12:30 Иркутск, стандартное время : Information : Microsoft.VisualStudio.Debugger.HotReloadSessionNotificationService-RemoteServiceBrokerServer read: Content-Length: 194

{"jsonrpc":"2.0","id":2,"method":"handshake","params":[{"supportedConnections":"IpcPipe","localServiceHost":{"operatingSystem":1,"processArchitecture":1,"runtime":2,"runtimeVersion":"8.0.13"}}]}
02/14/2025 23:12:30 Иркутск, стандартное время : Information : Microsoft.VisualStudio.TestWindow.VSCode.Service-RemoteServiceBrokerServer read: Content-Length: 194

{"jsonrpc":"2.0","id":2,"method":"handshake","params":[{"supportedConnections":"IpcPipe","localServiceHost":{"operatingSystem":1,"processArchitecture":1,"runtime":2,"runtimeVersion":"8.0.13"}}]}
02/14/2025 23:12:30 Иркутск, стандартное время : Information : Microsoft.VisualStudio.Debugger.HotReloadSessionNotificationService-RemoteServiceBrokerServer write: Content-Length: 38

{"jsonrpc":"2.0","id":2,"result":null}
02/14/2025 23:12:30 Иркутск, стандартное время : Information : Microsoft.VisualStudio.TestWindow.VSCode.Service-RemoteServiceBrokerServer write: Content-Length: 38

{"jsonrpc":"2.0","id":2,"result":null}
02/14/2025 23:12:30 Иркутск, стандартное время : Information : Microsoft.VisualStudio.Debugger.HotReloadSessionNotificationService-RemoteServiceBrokerServer read: Content-Length: 183

{"jsonrpc":"2.0","id":3,"method":"requestServiceChannel","params":[{"name":"Microsoft.ServiceHub.Framework.AuthorizationService"},{"clientCulture":"ru-RU","clientUICulture":"ru-RU"}]}
02/14/2025 23:12:30 Иркутск, стандартное время : Information : Microsoft.VisualStudio.TestWindow.VSCode.Service-RemoteServiceBrokerServer read: Content-Length: 177

{"jsonrpc":"2.0","id":3,"method":"requestServiceChannel","params":[{"name":"Microsoft.ServiceHub.Framework.AuthorizationService"},{"clientCulture":"ru","clientUICulture":"ru"}]}
02/14/2025 23:12:30 Иркутск, стандартное время : Information : Microsoft.VisualStudio.TestWindow.VSCode.Service-RemoteServiceBrokerServer write: Content-Length: 137

{"jsonrpc":"2.0","id":3,"result":{"requestId":"788d56ac-a40d-485c-bb64-f1cfaa6f4c1b","pipeName":"/tmp/b94c6ff796c9499087cc8a514df80c90"}}
02/14/2025 23:12:30 Иркутск, стандартное время : Information : Microsoft.VisualStudio.Debugger.HotReloadSessionNotificationService-RemoteServiceBrokerServer write: Content-Length: 137

{"jsonrpc":"2.0","id":3,"result":{"requestId":"27956e70-a1b5-4f0d-a620-4cc6c179b87b","pipeName":"/tmp/6e1826d408364db0acf7714f5d5da1e2"}}
02/14/2025 23:12:30 Иркутск, стандартное время : Information : VsHubClient-hubController read: Content-Length: 162

{"jsonrpc":"2.0","id":6,"result":{"RequestId":"b08cce76-1ab9-49fb-b05c-ced89ed9cac3","PipeName":"/home/albert/.ServiceHub/d325e6abbc/b9d9e67c79","IsEmpty":false}}
02/14/2025 23:12:30 Иркутск, стандартное время : Information : VsHubClient-hubController read: Content-Length: 162

{"jsonrpc":"2.0","id":4,"result":{"RequestId":"447a2d03-f0f9-4b2f-9154-33ffa76dd891","PipeName":"/home/albert/.ServiceHub/d325e6abbc/2a001cdd39","IsEmpty":false}}Content-Length: 162

{"jsonrpc":"2.0","id":5,"result":{"RequestId":"04e338b4-0ceb-4a6e-86f8-bf9ccff2bf52","PipeName":"/home/albert/.ServiceHub/d325e6abbc/82df1fdb03","IsEmpty":false}}
02/14/2025 23:12:30 Иркутск, стандартное время : Information : Disposing ServiceBroker server '/home/albert/.ServiceHub/d325e6abbc/1650bc6aae'.
02/14/2025 23:12:30 Иркутск, стандартное время : Information : Disposing ServiceBroker server '/home/albert/.ServiceHub/d325e6abbc/965d3d7f33'.
02/14/2025 23:12:30 Иркутск, стандартное время : Information : Disposing ServiceBroker server '/home/albert/.ServiceHub/d325e6abbc/23b49f23d8'.
02/14/2025 23:12:30 Иркутск, стандартное время : Information : VsHubClient-hubController write: Content-Length: 362

{"jsonrpc":"2.0","id":8,"method":"requestServiceChannel","params":[{"Name":"Microsoft.VisualStudio.TestWindow.VSCode.ProjectSystemProvider.Service","Version":"0.1"},{"ActivationArguments":{"__servicehub__ServiceHubRemoteServiceBrokerPipeName":"/home/albert/.ServiceHub/d325e6abbc/fce016f32b"},"ClientCredentials":{},"ClientCulture":"ru","ClientUICulture":"ru"}]}
02/14/2025 23:12:30 Иркутск, стандартное время : Information : VsHubClient-hubController read: Content-Length: 162

{"jsonrpc":"2.0","id":8,"result":{"RequestId":"478722d0-3cba-41b7-84e5-1918a4661ca9","PipeName":"/home/albert/.ServiceHub/d325e6abbc/0fc19eace6","IsEmpty":false}}
02/14/2025 23:12:30 Иркутск, стандартное время : Information : Disposing ServiceBroker server '/home/albert/.ServiceHub/d325e6abbc/fce016f32b'.
02/14/2025 23:12:30 Иркутск, стандартное время : Information : Microsoft.VisualStudio.TestWindow.VSCode.ProjectSystemProvider.Service-RemoteServiceBrokerServer read: Content-Length: 194

{"jsonrpc":"2.0","id":2,"method":"handshake","params":[{"supportedConnections":"IpcPipe","localServiceHost":{"operatingSystem":1,"processArchitecture":1,"runtime":2,"runtimeVersion":"8.0.13"}}]}
02/14/2025 23:12:30 Иркутск, стандартное время : Information : Microsoft.VisualStudio.TestWindow.VSCode.ProjectSystemProvider.Service-RemoteServiceBrokerServer write: Content-Length: 38

{"jsonrpc":"2.0","id":2,"result":null}
02/14/2025 23:12:30 Иркутск, стандартное время : Information : Microsoft.VisualStudio.TestWindow.VSCode.ProjectSystemProvider.Service-RemoteServiceBrokerServer read: Content-Length: 177

{"jsonrpc":"2.0","id":3,"method":"requestServiceChannel","params":[{"name":"Microsoft.ServiceHub.Framework.AuthorizationService"},{"clientCulture":"ru","clientUICulture":"ru"}]}
02/14/2025 23:12:30 Иркутск, стандартное время : Information : Microsoft.VisualStudio.TestWindow.VSCode.ProjectSystemProvider.Service-RemoteServiceBrokerServer write: Content-Length: 137

{"jsonrpc":"2.0","id":3,"result":{"requestId":"1788ad47-1edd-40c1-af2b-bb27dbcfb446","pipeName":"/tmp/94a4e85f5d744b19872d73613a950b0d"}}
02/14/2025 23:12:30 Иркутск, стандартное время : Information : Microsoft.VisualStudio.LaunchConfigurationService-RemoteServiceBrokerServer read: Content-Length: 193

{"jsonrpc":"2.0","id":2,"method":"handshake","params":[{"supportedConnections":"IpcPipe","localServiceHost":{"operatingSystem":1,"processArchitecture":1,"runtime":2,"runtimeVersion":"9.0.1"}}]}
02/14/2025 23:12:30 Иркутск, стандартное время : Information : Microsoft.VisualStudio.ProjectSystem.ProjectInitializationStatusService-RemoteServiceBrokerServer read: Content-Length: 193

{"jsonrpc":"2.0","id":2,"method":"handshake","params":[{"supportedConnections":"IpcPipe","localServiceHost":{"operatingSystem":1,"processArchitecture":1,"runtime":2,"runtimeVersion":"9.0.1"}}]}
02/14/2025 23:12:30 Иркутск, стандартное время : Information : Microsoft.VisualStudio.ProjectSystem.ProjectTreeProvider-RemoteServiceBrokerServer read: Content-Length: 193

{"jsonrpc":"2.0","id":2,"method":"handshake","params":[{"supportedConnections":"IpcPipe","localServiceHost":{"operatingSystem":1,"processArchitecture":1,"runtime":2,"runtimeVersion":"9.0.1"}}]}
02/14/2025 23:12:30 Иркутск, стандартное время : Information : Microsoft.VisualStudio.ProjectSystem.ProjectInitializationStatusService-RemoteServiceBrokerServer write: Content-Length: 38

{"jsonrpc":"2.0","id":2,"result":null}
02/14/2025 23:12:30 Иркутск, стандартное время : Information : Microsoft.VisualStudio.ProjectSystem.ProjectTreeProvider-RemoteServiceBrokerServer write: Content-Length: 38

{"jsonrpc":"2.0","id":2,"result":null}
02/14/2025 23:12:30 Иркутск, стандартное время : Information : Microsoft.VisualStudio.LaunchConfigurationService-RemoteServiceBrokerServer write: Content-Length: 38

{"jsonrpc":"2.0","id":2,"result":null}
02/14/2025 23:12:30 Иркутск, стандартное время : Information : Microsoft.VisualStudio.TestWindow.VSCode.ProjectSystemProvider.Service-RemoteServiceBrokerServer read: Content-Length: 287

{"jsonrpc":"2.0","id":4,"method":"requestServiceChannel","params":[{"name":"Microsoft.VisualStudio.ProjectSystem.Query.Remoting.QueryExecutionService","version":"0.3"},{"clientCulture":"ru","clientUICulture":"ru"}],"traceparent":"00-ee67fa78fb699748b2ef34ffa30cf00c-3f25033819787646-00"}
02/14/2025 23:12:30 Иркутск, стандартное время : Information : VsHubClient-hubController write: Content-Length: 365

{"jsonrpc":"2.0","id":9,"method":"requestServiceChannel","params":[{"Name":"Microsoft.VisualStudio.ProjectSystem.Query.Remoting.QueryExecutionService","Version":"0.3"},{"ActivationArguments":{"__servicehub__ServiceHubRemoteServiceBrokerPipeName":"/home/albert/.ServiceHub/d325e6abbc/872cda6827"},"ClientCredentials":{},"ClientCulture":"ru","ClientUICulture":"ru"}]}
02/14/2025 23:12:30 Иркутск, стандартное время : Information : VsHubClient-hubController read: Content-Length: 162

{"jsonrpc":"2.0","id":9,"result":{"RequestId":"2d0a084d-cba1-48cd-a2aa-91104d6f2c7e","PipeName":"/home/albert/.ServiceHub/d325e6abbc/7d7840359a","IsEmpty":false}}
02/14/2025 23:12:30 Иркутск, стандартное время : Information : Microsoft.VisualStudio.TestWindow.VSCode.ProjectSystemProvider.Service-RemoteServiceBrokerServer write: Content-Length: 146

{"jsonrpc":"2.0","id":4,"result":{"requestId":"2d0a084d-cba1-48cd-a2aa-91104d6f2c7e","pipeName":"/home/albert/.ServiceHub/d325e6abbc/7d7840359a"}}
02/14/2025 23:12:30 Иркутск, стандартное время : Information : Disposing ServiceBroker server '/home/albert/.ServiceHub/d325e6abbc/872cda6827'.
02/14/2025 23:12:30 Иркутск, стандартное время : Information : Microsoft.VisualStudio.ProjectSystem.Query.Remoting.QueryExecutionService-RemoteServiceBrokerServer read: Content-Length: 193

{"jsonrpc":"2.0","id":2,"method":"handshake","params":[{"supportedConnections":"IpcPipe","localServiceHost":{"operatingSystem":1,"processArchitecture":1,"runtime":2,"runtimeVersion":"9.0.1"}}]}
02/14/2025 23:12:30 Иркутск, стандартное время : Information : Microsoft.VisualStudio.ProjectSystem.Query.Remoting.QueryExecutionService-RemoteServiceBrokerServer write: Content-Length: 38

{"jsonrpc":"2.0","id":2,"result":null}
02/14/2025 23:12:30 Иркутск, стандартное время : Information : Microsoft.VisualStudio.ProjectSystem.ProjectInitializationStatusService-RemoteServiceBrokerServer read: Content-Length: 177

{"jsonrpc":"2.0","id":3,"method":"requestServiceChannel","params":[{"name":"Microsoft.ServiceHub.Framework.AuthorizationService"},{"clientCulture":"ru","clientUICulture":"ru"}]}
02/14/2025 23:12:30 Иркутск, стандартное время : Information : Microsoft.VisualStudio.ProjectSystem.ProjectTreeProvider-RemoteServiceBrokerServer read: Content-Length: 177

{"jsonrpc":"2.0","id":3,"method":"requestServiceChannel","params":[{"name":"Microsoft.ServiceHub.Framework.AuthorizationService"},{"clientCulture":"ru","clientUICulture":"ru"}]}
02/14/2025 23:12:30 Иркутск, стандартное время : Information : Microsoft.VisualStudio.LaunchConfigurationService-RemoteServiceBrokerServer read: Content-Length: 177

{"jsonrpc":"2.0","id":3,"method":"requestServiceChannel","params":[{"name":"Microsoft.ServiceHub.Framework.AuthorizationService"},{"clientCulture":"ru","clientUICulture":"ru"}]}
02/14/2025 23:12:30 Иркутск, стандартное время : Information : Microsoft.VisualStudio.ProjectSystem.Query.Remoting.QueryExecutionService-RemoteServiceBrokerServer read: Content-Length: 177

{"jsonrpc":"2.0","id":3,"method":"requestServiceChannel","params":[{"name":"Microsoft.ServiceHub.Framework.AuthorizationService"},{"clientCulture":"ru","clientUICulture":"ru"}]}
02/14/2025 23:12:30 Иркутск, стандартное время : Information : Microsoft.VisualStudio.ProjectSystem.ProjectInitializationStatusService-RemoteServiceBrokerServer write: Content-Length: 137

{"jsonrpc":"2.0","id":3,"result":{"requestId":"84d18d27-fc25-41c7-a468-826b1597b530","pipeName":"/tmp/c3d377424103439494059cafa0e6e0d9"}}
02/14/2025 23:12:30 Иркутск, стандартное время : Information : Microsoft.VisualStudio.ProjectSystem.ProjectTreeProvider-RemoteServiceBrokerServer write: Content-Length: 137

{"jsonrpc":"2.0","id":3,"result":{"requestId":"d97e3201-4ff3-48cc-8c28-57e9b7ed0247","pipeName":"/tmp/d55b8908984a4a7dab6c0d21a4c43a16"}}
02/14/2025 23:12:30 Иркутск, стандартное время : Information : Microsoft.VisualStudio.LaunchConfigurationService-RemoteServiceBrokerServer write: Content-Length: 137

{"jsonrpc":"2.0","id":3,"result":{"requestId":"f3823338-9207-4ff7-951e-4589664bf006","pipeName":"/tmp/290f46de728c445fb8c6072539859b4d"}}
02/14/2025 23:12:30 Иркутск, стандартное время : Information : Microsoft.VisualStudio.ProjectSystem.Query.Remoting.QueryExecutionService-RemoteServiceBrokerServer write: Content-Length: 137

{"jsonrpc":"2.0","id":3,"result":{"requestId":"419fc1c2-dae0-44a1-b457-9ee846849fb8","pipeName":"/tmp/c557dca939bf4c37ab52015bc1fd9eb7"}}
02/14/2025 23:12:31 Иркутск, стандартное время : Information : Microsoft.VisualStudio.LaunchConfigurationService-RemoteServiceBrokerServer read: Content-Length: 197

{"jsonrpc":"2.0","id":4,"method":"requestServiceChannel","params":[{"name":"Microsoft.VisualStudio.ProjectSystem.CompositionService","version":"0.1"},{"clientCulture":"ru","clientUICulture":"ru"}]}
02/14/2025 23:12:31 Иркутск, стандартное время : Information : VsHubClient-hubController write: Content-Length: 348

{"jsonrpc":"2.0","id":10,"method":"requestServiceChannel","params":[{"Name":"Microsoft.VisualStudio.ProjectSystem.CompositionService","Version":"0.1"},{"ActivationArguments":{"__servicehub__ServiceHubRemoteServiceBrokerPipeName":"/home/albert/.ServiceHub/d325e6abbc/76e987de9c"},"ClientCredentials":{},"ClientCulture":"ru","ClientUICulture":"ru"}]}
02/14/2025 23:12:31 Иркутск, стандартное время : Information : VsHubClient-hubController read: Content-Length: 163

{"jsonrpc":"2.0","id":10,"result":{"RequestId":"d607b96a-f825-471a-88a9-2f09251666cf","PipeName":"/home/albert/.ServiceHub/d325e6abbc/25dea97ff3","IsEmpty":false}}
02/14/2025 23:12:31 Иркутск, стандартное время : Information : Microsoft.VisualStudio.LaunchConfigurationService-RemoteServiceBrokerServer write: Content-Length: 146

{"jsonrpc":"2.0","id":4,"result":{"requestId":"d607b96a-f825-471a-88a9-2f09251666cf","pipeName":"/home/albert/.ServiceHub/d325e6abbc/25dea97ff3"}}
02/14/2025 23:12:31 Иркутск, стандартное время : Information : Disposing ServiceBroker server '/home/albert/.ServiceHub/d325e6abbc/76e987de9c'.
02/14/2025 23:12:31 Иркутск, стандартное время : Information : Microsoft.VisualStudio.ProjectSystem.CompositionService-RemoteServiceBrokerServer read: Content-Length: 193

{"jsonrpc":"2.0","id":2,"method":"handshake","params":[{"supportedConnections":"IpcPipe","localServiceHost":{"operatingSystem":1,"processArchitecture":1,"runtime":2,"runtimeVersion":"9.0.1"}}]}
02/14/2025 23:12:31 Иркутск, стандартное время : Information : Microsoft.VisualStudio.ProjectSystem.CompositionService-RemoteServiceBrokerServer write: Content-Length: 38

{"jsonrpc":"2.0","id":2,"result":null}
02/14/2025 23:12:31 Иркутск, стандартное время : Information : Microsoft.VisualStudio.ProjectSystem.CompositionService-RemoteServiceBrokerServer read: Content-Length: 177

{"jsonrpc":"2.0","id":3,"method":"requestServiceChannel","params":[{"name":"Microsoft.ServiceHub.Framework.AuthorizationService"},{"clientCulture":"ru","clientUICulture":"ru"}]}
02/14/2025 23:12:31 Иркутск, стандартное время : Information : Microsoft.VisualStudio.ProjectSystem.CompositionService-RemoteServiceBrokerServer write: Content-Length: 137

{"jsonrpc":"2.0","id":3,"result":{"requestId":"86b292a4-a936-4606-b8aa-b427f7e7298c","pipeName":"/tmp/8474c4a14b0c4245a281d573e303d947"}}
02/14/2025 23:12:31 Иркутск, стандартное время : Information : Microsoft.VisualStudio.ProjectSystem.CompositionService-RemoteServiceBrokerServer read: Content-Length: 188

{"jsonrpc":"2.0","id":4,"method":"requestServiceChannel","params":[{"name":"Microsoft.VisualStudio.ComponentExportsService","version":"0.1"},{"clientCulture":"ru","clientUICulture":"ru"}]}
02/14/2025 23:12:31 Иркутск, стандартное время : Information : Microsoft.VisualStudio.ProjectSystem.CompositionService-RemoteServiceBrokerServer read: Content-Length: 191

{"jsonrpc":"2.0","id":5,"method":"requestServiceChannel","params":[{"name":"Microsoft.VisualStudio.NoDelay.EnvironmentService","version":"0.1"},{"clientCulture":"ru","clientUICulture":"ru"}]}
02/14/2025 23:12:31 Иркутск, стандартное время : Information : Microsoft.VisualStudio.ProjectSystem.CompositionService-RemoteServiceBrokerServer write: Content-Length: 137

{"jsonrpc":"2.0","id":4,"result":{"requestId":"c7cde982-cef1-4292-bd3a-100f0e8752f1","pipeName":"/tmp/b42a9852255e4e51977c81caebdfc8cc"}}
02/14/2025 23:12:31 Иркутск, стандартное время : Information : Microsoft.VisualStudio.ProjectSystem.CompositionService-RemoteServiceBrokerServer write: Content-Length: 137

{"jsonrpc":"2.0","id":5,"result":{"requestId":"2be71eda-1228-4a17-889b-9fee2a4b3e41","pipeName":"/tmp/d6754dd16cb44b908d68a4bfdfc03f54"}}
02/14/2025 23:12:31 Иркутск, стандартное время : Information : Microsoft.VisualStudio.ProjectSystem.CompositionService-RemoteServiceBrokerServer read: Content-Length: 198

{"jsonrpc":"2.0","id":6,"method":"requestServiceChannel","params":[{"name":"Microsoft.VisualStudio.ActiveDocumentsInformationService","version":"0.1"},{"clientCulture":"ru","clientUICulture":"ru"}]}
02/14/2025 23:12:31 Иркутск, стандартное время : Information : Microsoft.VisualStudio.ProjectSystem.CompositionService-RemoteServiceBrokerServer write: Content-Length: 137

{"jsonrpc":"2.0","id":6,"result":{"requestId":"8f137b7b-8385-4cc0-8082-601fad26e76c","pipeName":"/tmp/4581f2e8d3914508aa89e2d1d7c5642a"}}
02/14/2025 23:12:31 Иркутск, стандартное время : Information : Microsoft.VisualStudio.ProjectSystem.CompositionService-RemoteServiceBrokerServer read: Content-Length: 236

{"jsonrpc":"2.0","id":7,"method":"requestServiceChannel","params":[{"name":"Microsoft.VisualStudio.NuGetSolutionRestoreService","version":"0.1"},{"activationArguments":{"needEvents":"True"},"clientCulture":"ru","clientUICulture":"ru"}]}
02/14/2025 23:12:31 Иркутск, стандартное время : Information : Microsoft.VisualStudio.ProjectSystem.CompositionService-RemoteServiceBrokerServer read: Content-Length: 264

{"jsonrpc":"2.0","id":8,"method":"requestServiceChannel","params":[{"name":"Microsoft.VisualStudio.CpsProjectIconSourceService","version":"0.1"},{"clientCulture":"ru","clientUICulture":"ru"}],"traceparent":"00-f86b1b2b41930945a0b1692a0001ec6d-8116ece80908ad4d-00"}
02/14/2025 23:12:31 Иркутск, стандартное время : Information : Microsoft.VisualStudio.ProjectSystem.CompositionService-RemoteServiceBrokerServer write: Content-Length: 137

{"jsonrpc":"2.0","id":7,"result":{"requestId":"bba4329c-0803-4868-bd88-122c2f354863","pipeName":"/tmp/5fb64f67269b464a8975b0ecbd99419d"}}
02/14/2025 23:12:31 Иркутск, стандартное время : Information : VsHubClient-hubController write: Content-Length: 343

{"jsonrpc":"2.0","id":11,"method":"requestServiceChannel","params":[{"Name":"Microsoft.VisualStudio.CpsProjectIconSourceService","Version":"0.1"},{"ActivationArguments":{"__servicehub__ServiceHubRemoteServiceBrokerPipeName":"/home/albert/.ServiceHub/d325e6abbc/af76e563e4"},"ClientCredentials":{},"ClientCulture":"ru","ClientUICulture":"ru"}]}
02/14/2025 23:12:31 Иркутск, стандартное время : Information : VsHubClient-hubController read: Content-Length: 163

{"jsonrpc":"2.0","id":11,"result":{"RequestId":"b6f67435-62a6-49f0-8746-7ba39c1e9ea4","PipeName":"/home/albert/.ServiceHub/d325e6abbc/e6a4191c34","IsEmpty":false}}
02/14/2025 23:12:31 Иркутск, стандартное время : Information : Microsoft.VisualStudio.ProjectSystem.CompositionService-RemoteServiceBrokerServer write: Content-Length: 146

{"jsonrpc":"2.0","id":8,"result":{"requestId":"b6f67435-62a6-49f0-8746-7ba39c1e9ea4","pipeName":"/home/albert/.ServiceHub/d325e6abbc/e6a4191c34"}}
02/14/2025 23:12:31 Иркутск, стандартное время : Information : Disposing ServiceBroker server '/home/albert/.ServiceHub/d325e6abbc/af76e563e4'.
02/14/2025 23:12:31 Иркутск, стандартное время : Information : Microsoft.VisualStudio.CpsProjectIconSourceService-RemoteServiceBrokerServer read: Content-Length: 193

{"jsonrpc":"2.0","id":2,"method":"handshake","params":[{"supportedConnections":"IpcPipe","localServiceHost":{"operatingSystem":1,"processArchitecture":1,"runtime":2,"runtimeVersion":"9.0.1"}}]}
02/14/2025 23:12:31 Иркутск, стандартное время : Information : Microsoft.VisualStudio.CpsProjectIconSourceService-RemoteServiceBrokerServer write: Content-Length: 38

{"jsonrpc":"2.0","id":2,"result":null}
02/14/2025 23:12:31 Иркутск, стандартное время : Information : Microsoft.VisualStudio.CpsProjectIconSourceService-RemoteServiceBrokerServer read: Content-Length: 177

{"jsonrpc":"2.0","id":3,"method":"requestServiceChannel","params":[{"name":"Microsoft.ServiceHub.Framework.AuthorizationService"},{"clientCulture":"ru","clientUICulture":"ru"}]}
02/14/2025 23:12:31 Иркутск, стандартное время : Information : Microsoft.VisualStudio.CpsProjectIconSourceService-RemoteServiceBrokerServer write: Content-Length: 137

{"jsonrpc":"2.0","id":3,"result":{"requestId":"b3451fc6-9806-4704-8918-91d55204a659","pipeName":"/tmp/3d29328dcfc04158a26966c316dd1fc3"}}
02/14/2025 23:12:32 Иркутск, стандартное время : Information : Microsoft.VisualStudio.ProjectSystem.CompositionService-RemoteServiceBrokerServer read: Content-Length: 191

{"jsonrpc":"2.0","id":9,"method":"requestServiceChannel","params":[{"name":"Microsoft.VisualStudio.NoDelay.EnvironmentService","version":"0.1"},{"clientCulture":"ru","clientUICulture":"ru"}]}
02/14/2025 23:12:32 Иркутск, стандартное время : Information : Microsoft.VisualStudio.ProjectSystem.CompositionService-RemoteServiceBrokerServer write: Content-Length: 137

{"jsonrpc":"2.0","id":9,"result":{"requestId":"511cdf02-a10c-4605-8a13-02071073b3a2","pipeName":"/tmp/4bc3a5f74d6a40548145bd93c50707b1"}}
02/14/2025 23:12:32 Иркутск, стандартное время : Information : Microsoft.VisualStudio.ProjectSystem.CompositionService-RemoteServiceBrokerServer read: Content-Length: 197

{"jsonrpc":"2.0","id":10,"method":"requestServiceChannel","params":[{"name":"Microsoft.VisualStudio.LanguageServices.WorkspaceProjectFactoryService"},{"clientCulture":"ru","clientUICulture":"ru"}]}
02/14/2025 23:12:32 Иркутск, стандартное время : Information : VsHubClient-hubController write: Content-Length: 364

{"jsonrpc":"2.0","id":12,"method":"requestServiceChannel","params":[{"Name":"Microsoft.VisualStudio.ProjectSystem.ProjectInitializationStatusService","Version":"0.1"},{"ActivationArguments":{"__servicehub__ServiceHubRemoteServiceBrokerPipeName":"/home/albert/.ServiceHub/d325e6abbc/fafba8df3c"},"ClientCredentials":{},"ClientCulture":"ru","ClientUICulture":"ru"}]}
02/14/2025 23:12:32 Иркутск, стандартное время : Information : VsHubClient-hubController read: Content-Length: 163

{"jsonrpc":"2.0","id":12,"result":{"RequestId":"04335354-969c-4a03-af1a-76a2f8574637","PipeName":"/home/albert/.ServiceHub/d325e6abbc/ad24a866e5","IsEmpty":false}}
02/14/2025 23:12:32 Иркутск, стандартное время : Information : Disposing ServiceBroker server '/home/albert/.ServiceHub/d325e6abbc/fafba8df3c'.
02/14/2025 23:12:32 Иркутск, стандартное время : Information : Microsoft.VisualStudio.ProjectSystem.ProjectInitializationStatusService-RemoteServiceBrokerServer read: Content-Length: 193

{"jsonrpc":"2.0","id":2,"method":"handshake","params":[{"supportedConnections":"IpcPipe","localServiceHost":{"operatingSystem":1,"processArchitecture":1,"runtime":2,"runtimeVersion":"9.0.1"}}]}
02/14/2025 23:12:32 Иркутск, стандартное время : Information : Microsoft.VisualStudio.ProjectSystem.ProjectInitializationStatusService-RemoteServiceBrokerServer write: Content-Length: 38

{"jsonrpc":"2.0","id":2,"result":null}
02/14/2025 23:12:32 Иркутск, стандартное время : Information : Microsoft.VisualStudio.ProjectSystem.CompositionService-RemoteServiceBrokerServer read: Content-Length: 179

{"jsonrpc":"2.0","id":11,"method":"requestServiceChannel","params":[{"name":"Microsoft.VisualStudio.OptionService","version":"0.1"},{"clientCulture":"ru","clientUICulture":"ru"}]}
02/14/2025 23:12:32 Иркутск, стандартное время : Information : Microsoft.VisualStudio.ProjectSystem.CompositionService-RemoteServiceBrokerServer write: Content-Length: 138

{"jsonrpc":"2.0","id":11,"result":{"requestId":"67fad04a-08f8-42dd-8a14-bc755a6cb7af","pipeName":"/tmp/5677984139964285a1b8f2bcaf75d868"}}
02/14/2025 23:12:32 Иркутск, стандартное время : Information : Microsoft.VisualStudio.ProjectSystem.ProjectInitializationStatusService-RemoteServiceBrokerServer read: Content-Length: 177

{"jsonrpc":"2.0","id":3,"method":"requestServiceChannel","params":[{"name":"Microsoft.ServiceHub.Framework.AuthorizationService"},{"clientCulture":"ru","clientUICulture":"ru"}]}
02/14/2025 23:12:32 Иркутск, стандартное время : Information : Microsoft.VisualStudio.ProjectSystem.ProjectInitializationStatusService-RemoteServiceBrokerServer write: Content-Length: 137

{"jsonrpc":"2.0","id":3,"result":{"requestId":"4a314c81-a93e-4389-b044-86a1a7f67eeb","pipeName":"/tmp/6335102cff9c48f89d194e65739645bb"}}
02/14/2025 23:12:32 Иркутск, стандартное время : Information : Microsoft.VisualStudio.ProjectSystem.CompositionService-RemoteServiceBrokerServer write: Content-Length: 138

{"jsonrpc":"2.0","id":10,"result":{"requestId":"45002c35-e3b0-4d19-a760-618cf4b21a23","pipeName":"/tmp/a8e13af892f84143beb47a480e4c56e3"}}
02/14/2025 23:12:33 Иркутск, стандартное время : Information : Microsoft.VisualStudio.ProjectSystem.CompositionService-RemoteServiceBrokerServer read: Content-Length: 193

{"jsonrpc":"2.0","id":12,"method":"requestServiceChannel","params":[{"name":"Microsoft.VisualStudio.NuGetSolutionRestoreService","version":"0.1"},{"clientCulture":"ru","clientUICulture":"ru"}]}
02/14/2025 23:12:33 Иркутск, стандартное время : Information : Microsoft.VisualStudio.ProjectSystem.CompositionService-RemoteServiceBrokerServer write: Content-Length: 138

{"jsonrpc":"2.0","id":12,"result":{"requestId":"bb89acfb-ff81-49f3-876c-c834b6801da1","pipeName":"/tmp/5fc464d5d8544c96bf7e1477771b2b2a"}}
02/14/2025 23:12:33 Иркутск, стандартное время : Information : VsHubClient-hubController write: Content-Length: 366

{"jsonrpc":"2.0","id":13,"method":"requestServiceChannel","params":[{"Name":"Microsoft.VisualStudio.ProjectSystem.Query.Remoting.QueryExecutionService","Version":"0.3"},{"ActivationArguments":{"__servicehub__ServiceHubRemoteServiceBrokerPipeName":"/home/albert/.ServiceHub/d325e6abbc/122378a26b"},"ClientCredentials":{},"ClientCulture":"ru","ClientUICulture":"ru"}]}
02/14/2025 23:12:33 Иркутск, стандартное время : Information : VsHubClient-hubController read: Content-Length: 163

{"jsonrpc":"2.0","id":13,"result":{"RequestId":"cf3bf560-d27b-4437-b25e-b7aa5efe1dfd","PipeName":"/home/albert/.ServiceHub/d325e6abbc/3a99cd966f","IsEmpty":false}}
02/14/2025 23:12:33 Иркутск, стандартное время : Information : Disposing ServiceBroker server '/home/albert/.ServiceHub/d325e6abbc/122378a26b'.
02/14/2025 23:12:33 Иркутск, стандартное время : Information : Microsoft.VisualStudio.ProjectSystem.Query.Remoting.QueryExecutionService-RemoteServiceBrokerServer read: Content-Length: 193

{"jsonrpc":"2.0","id":2,"method":"handshake","params":[{"supportedConnections":"IpcPipe","localServiceHost":{"operatingSystem":1,"processArchitecture":1,"runtime":2,"runtimeVersion":"9.0.1"}}]}
02/14/2025 23:12:33 Иркутск, стандартное время : Information : Microsoft.VisualStudio.ProjectSystem.Query.Remoting.QueryExecutionService-RemoteServiceBrokerServer write: Content-Length: 38

{"jsonrpc":"2.0","id":2,"result":null}
02/14/2025 23:12:33 Иркутск, стандартное время : Information : Microsoft.VisualStudio.ProjectSystem.Query.Remoting.QueryExecutionService-RemoteServiceBrokerServer read: Content-Length: 177

{"jsonrpc":"2.0","id":3,"method":"requestServiceChannel","params":[{"name":"Microsoft.ServiceHub.Framework.AuthorizationService"},{"clientCulture":"ru","clientUICulture":"ru"}]}
02/14/2025 23:12:33 Иркутск, стандартное время : Information : Microsoft.VisualStudio.ProjectSystem.Query.Remoting.QueryExecutionService-RemoteServiceBrokerServer write: Content-Length: 137

{"jsonrpc":"2.0","id":3,"result":{"requestId":"ff0aff66-2dfe-4d00-8295-7b415a77c0bd","pipeName":"/tmp/67eef7f8193441848b20ee02d786366f"}}
02/14/2025 23:12:36 Иркутск, стандартное время : Information : Microsoft.VisualStudio.ProjectSystem.CompositionService-RemoteServiceBrokerServer read: Content-Length: 244

{"jsonrpc":"2.0","id":13,"method":"requestServiceChannel","params":[{"name":"Microsoft.VisualStudio.LogOutputChannelService","version":"0.1"},{"activationArguments":{"outputChannelName":"Projects"},"clientCulture":"ru","clientUICulture":"ru"}]}
02/14/2025 23:12:36 Иркутск, стандартное время : Information : Microsoft.VisualStudio.ProjectSystem.CompositionService-RemoteServiceBrokerServer write: Content-Length: 138

{"jsonrpc":"2.0","id":13,"result":{"requestId":"86acbe7a-b2b1-4d6f-8953-ece0bf580e9c","pipeName":"/tmp/27be9d66f33c4f4aae35f08ccbcf3000"}}
02/14/2025 23:13:13 Иркутск, стандартное время : Information : VsHubClient-hubController write: Content-Length: 326

{"jsonrpc":"2.0","id":14,"method":"requestServiceChannel","params":[{"Name":"Microsoft.VisualStudio.LaunchConfigurationService"},{"ActivationArguments":{"__servicehub__ServiceHubRemoteServiceBrokerPipeName":"/home/albert/.ServiceHub/d325e6abbc/c33837e5df"},"ClientCredentials":{},"ClientCulture":"ru","ClientUICulture":"ru"}]}
02/14/2025 23:13:13 Иркутск, стандартное время : Information : VsHubClient-hubController read: Content-Length: 163

{"jsonrpc":"2.0","id":14,"result":{"RequestId":"387acea0-f962-461b-b904-bdcdfd4a3888","PipeName":"/home/albert/.ServiceHub/d325e6abbc/161a54e5d4","IsEmpty":false}}
02/14/2025 23:13:13 Иркутск, стандартное время : Information : Disposing ServiceBroker server '/home/albert/.ServiceHub/d325e6abbc/c33837e5df'.
02/14/2025 23:13:13 Иркутск, стандартное время : Information : Microsoft.VisualStudio.LaunchConfigurationService-RemoteServiceBrokerServer read: Content-Length: 193

{"jsonrpc":"2.0","id":2,"method":"handshake","params":[{"supportedConnections":"IpcPipe","localServiceHost":{"operatingSystem":1,"processArchitecture":1,"runtime":2,"runtimeVersion":"9.0.1"}}]}
02/14/2025 23:13:13 Иркутск, стандартное время : Information : Microsoft.VisualStudio.LaunchConfigurationService-RemoteServiceBrokerServer write: Content-Length: 38

{"jsonrpc":"2.0","id":2,"result":null}
02/14/2025 23:13:13 Иркутск, стандартное время : Information : Microsoft.VisualStudio.LaunchConfigurationService-RemoteServiceBrokerServer read: Content-Length: 177

{"jsonrpc":"2.0","id":3,"method":"requestServiceChannel","params":[{"name":"Microsoft.ServiceHub.Framework.AuthorizationService"},{"clientCulture":"ru","clientUICulture":"ru"}]}
02/14/2025 23:13:13 Иркутск, стандартное время : Information : Microsoft.VisualStudio.LaunchConfigurationService-RemoteServiceBrokerServer write: Content-Length: 137

{"jsonrpc":"2.0","id":3,"result":{"requestId":"c35a0782-3b14-4f18-80e9-eee27d075b97","pipeName":"/tmp/48034c9e8e244c54a565fb7c5970409f"}}
02/14/2025 23:13:15 Иркутск, стандартное время : Information : VsHubClient-hubController write: Content-Length: 326

{"jsonrpc":"2.0","id":15,"method":"requestServiceChannel","params":[{"Name":"Microsoft.VisualStudio.LaunchConfigurationService"},{"ActivationArguments":{"__servicehub__ServiceHubRemoteServiceBrokerPipeName":"/home/albert/.ServiceHub/d325e6abbc/74bfa87350"},"ClientCredentials":{},"ClientCulture":"ru","ClientUICulture":"ru"}]}
02/14/2025 23:13:15 Иркутск, стандартное время : Information : VsHubClient-hubController read: Content-Length: 163

{"jsonrpc":"2.0","id":15,"result":{"RequestId":"75f3cd3b-30c8-41c7-bc6b-8c78b8d9f69b","PipeName":"/home/albert/.ServiceHub/d325e6abbc/b3e809169d","IsEmpty":false}}
02/14/2025 23:13:15 Иркутск, стандартное время : Information : Disposing ServiceBroker server '/home/albert/.ServiceHub/d325e6abbc/74bfa87350'.
02/14/2025 23:13:15 Иркутск, стандартное время : Information : Microsoft.VisualStudio.LaunchConfigurationService-RemoteServiceBrokerServer read: Content-Length: 193

{"jsonrpc":"2.0","id":2,"method":"handshake","params":[{"supportedConnections":"IpcPipe","localServiceHost":{"operatingSystem":1,"processArchitecture":1,"runtime":2,"runtimeVersion":"9.0.1"}}]}
02/14/2025 23:13:15 Иркутск, стандартное время : Information : Microsoft.VisualStudio.LaunchConfigurationService-RemoteServiceBrokerServer write: Content-Length: 38

{"jsonrpc":"2.0","id":2,"result":null}
02/14/2025 23:13:15 Иркутск, стандартное время : Information : Microsoft.VisualStudio.LaunchConfigurationService-RemoteServiceBrokerServer read: Content-Length: 177

{"jsonrpc":"2.0","id":3,"method":"requestServiceChannel","params":[{"name":"Microsoft.ServiceHub.Framework.AuthorizationService"},{"clientCulture":"ru","clientUICulture":"ru"}]}
02/14/2025 23:13:15 Иркутск, стандартное время : Information : Microsoft.VisualStudio.LaunchConfigurationService-RemoteServiceBrokerServer write: Content-Length: 137

{"jsonrpc":"2.0","id":3,"result":{"requestId":"489db1d3-e42d-422b-bae6-f81c32007537","pipeName":"/tmp/8056d570b9fb484d923a5a5658a4babc"}}
02/14/2025 23:13:18 Иркутск, стандартное время : Information : VsHubClient-hubController write: Content-Length: 375

{"jsonrpc":"2.0","id":16,"method":"requestServiceChannel","params":[{"Name":"Microsoft.VisualStudio.Debugger.ManagedEditAndContinueRemoteDebuggerService2","Version":"0.1"},{"ActivationArguments":{"__servicehub__ServiceHubRemoteServiceBrokerPipeName":"/home/albert/.ServiceHub/d325e6abbc/a70696d661"},"ClientCredentials":{},"ClientCulture":"ru-RU","ClientUICulture":"ru-RU"}]}
02/14/2025 23:13:18 Иркутск, стандартное время : Information : VsHubClient-hubController read: Content-Length: 163

{"jsonrpc":"2.0","id":16,"result":{"RequestId":"689c0e5b-adc6-4bab-8e96-fd0d8bce9059","PipeName":"/home/albert/.ServiceHub/d325e6abbc/fae60152a6","IsEmpty":false}}
02/14/2025 23:13:18 Иркутск, стандартное время : Information : Disposing ServiceBroker server '/home/albert/.ServiceHub/d325e6abbc/a70696d661'.
02/14/2025 23:13:18 Иркутск, стандартное время : Information : Microsoft.VisualStudio.Debugger.ManagedEditAndContinueRemoteDebuggerService2-RemoteServiceBrokerServer read: Content-Length: 194

{"jsonrpc":"2.0","id":2,"method":"handshake","params":[{"supportedConnections":"IpcPipe","localServiceHost":{"operatingSystem":1,"processArchitecture":1,"runtime":2,"runtimeVersion":"8.0.13"}}]}
02/14/2025 23:13:18 Иркутск, стандартное время : Information : Microsoft.VisualStudio.Debugger.ManagedEditAndContinueRemoteDebuggerService2-RemoteServiceBrokerServer write: Content-Length: 38

{"jsonrpc":"2.0","id":2,"result":null}
02/14/2025 23:13:18 Иркутск, стандартное время : Information : Microsoft.VisualStudio.Debugger.ManagedEditAndContinueRemoteDebuggerService2-RemoteServiceBrokerServer read: Content-Length: 183

{"jsonrpc":"2.0","id":3,"method":"requestServiceChannel","params":[{"name":"Microsoft.ServiceHub.Framework.AuthorizationService"},{"clientCulture":"ru-RU","clientUICulture":"ru-RU"}]}
02/14/2025 23:13:18 Иркутск, стандартное время : Information : Microsoft.VisualStudio.Debugger.ManagedEditAndContinueRemoteDebuggerService2-RemoteServiceBrokerServer write: Content-Length: 137

{"jsonrpc":"2.0","id":3,"result":{"requestId":"73e4f01e-c88e-4960-a7e1-1eeace8b0b0c","pipeName":"/tmp/663f6f85be564515b925cb0789a4858e"}}
02/14/2025 23:13:18 Иркутск, стандартное время : Information : Microsoft.VisualStudio.Debugger.ManagedEditAndContinueRemoteDebuggerService2-RemoteServiceBrokerServer read: Content-Length: 274

{"jsonrpc":"2.0","id":4,"method":"requestServiceChannel","params":[{"name":"Microsoft.VisualStudio.Debugger.HotReloadOptionService","version":"0.1"},{"clientCulture":"ru-RU","clientUICulture":"ru-RU"}],"traceparent":"00-8671c19db5fc5e46b646f7f76e6f12c5-f74594e29b402043-00"}
02/14/2025 23:13:18 Иркутск, стандартное время : Information : Microsoft.VisualStudio.Debugger.ManagedEditAndContinueRemoteDebuggerService2-RemoteServiceBrokerServer write: Content-Length: 137

{"jsonrpc":"2.0","id":4,"result":{"requestId":"9ce0141a-f38e-4f2f-8ee0-4844448c2283","pipeName":"/tmp/521ee8c1c29640adbcf9655205f393d2"}}
02/14/2025 23:13:18 Иркутск, стандартное время : Information : VsHubClient-hubController write: Content-Length: 375

{"jsonrpc":"2.0","id":17,"method":"requestServiceChannel","params":[{"Name":"Microsoft.VisualStudio.Debugger.ManagedEditAndContinueCsDevKitEngineService2","Version":"0.1"},{"ActivationArguments":{"__servicehub__ServiceHubRemoteServiceBrokerPipeName":"/home/albert/.ServiceHub/d325e6abbc/4bdc37ae1b"},"ClientCredentials":{},"ClientCulture":"ru-RU","ClientUICulture":"ru-RU"}]}
02/14/2025 23:13:18 Иркутск, стандартное время : Information : VsHubClient-hubController read: Content-Length: 163

{"jsonrpc":"2.0","id":17,"result":{"RequestId":"7a4c624e-4dcc-4915-8c44-1b45dc38675b","PipeName":"/home/albert/.ServiceHub/d325e6abbc/960b09d32c","IsEmpty":false}}
02/14/2025 23:13:18 Иркутск, стандартное время : Information : Disposing ServiceBroker server '/home/albert/.ServiceHub/d325e6abbc/4bdc37ae1b'.
02/14/2025 23:13:18 Иркутск, стандартное время : Information : Microsoft.VisualStudio.Debugger.ManagedEditAndContinueCsDevKitEngineService2-RemoteServiceBrokerServer read: Content-Length: 194

{"jsonrpc":"2.0","id":2,"method":"handshake","params":[{"supportedConnections":"IpcPipe","localServiceHost":{"operatingSystem":1,"processArchitecture":1,"runtime":2,"runtimeVersion":"8.0.13"}}]}
02/14/2025 23:13:18 Иркутск, стандартное время : Information : Microsoft.VisualStudio.Debugger.ManagedEditAndContinueCsDevKitEngineService2-RemoteServiceBrokerServer write: Content-Length: 38

{"jsonrpc":"2.0","id":2,"result":null}
02/14/2025 23:13:18 Иркутск, стандартное время : Information : Microsoft.VisualStudio.Debugger.ManagedEditAndContinueCsDevKitEngineService2-RemoteServiceBrokerServer read: Content-Length: 183

{"jsonrpc":"2.0","id":3,"method":"requestServiceChannel","params":[{"name":"Microsoft.ServiceHub.Framework.AuthorizationService"},{"clientCulture":"ru-RU","clientUICulture":"ru-RU"}]}
02/14/2025 23:13:18 Иркутск, стандартное время : Information : Microsoft.VisualStudio.Debugger.ManagedEditAndContinueCsDevKitEngineService2-RemoteServiceBrokerServer write: Content-Length: 137

{"jsonrpc":"2.0","id":3,"result":{"requestId":"c6c4aa86-c822-4b22-8789-e570ff73b5ac","pipeName":"/tmp/6f81d8eb290842c9bdb4f8e405aa5b9a"}}
02/14/2025 23:13:51 Иркутск, стандартное время : Information : VsHubClient-hubController JSON RPC has been disposed
02/14/2025 23:13:51 Иркутск, стандартное время : Information : VsHubClient-hubController read: end of stream
02/14/2025 23:13:51 Иркутск, стандартное время : Information : Microsoft.VisualStudio.TestWindow.VSCode.Service-RemoteServiceBrokerServer read: end of stream
02/14/2025 23:13:51 Иркутск, стандартное время : Information : Microsoft.VisualStudio.ProjectSystem.Query.Remoting.QueryExecutionService-RemoteServiceBrokerServer read: end of stream
