[Trace - 23:10:04] Received notification 'window/logMessage'.
Params: {
    "type": 5,
    "message": "[LanguageServerHost] [03:10:04.445][End]initialize"
}


[Trace - 23:10:04] Received notification 'window/logMessage'.
Params: {
    "type": 4,
    "message": "[ExtensionTypeRefResolver] Resolving type, Roslyn.LanguageServer.Protocol.InitializedParams"
}


[Trace - 23:10:04] Received notification 'window/logMessage'.
Params: {
    "type": 4,
    "message": "[MEF Assembly Loader] Loading assembly Microsoft.CodeAnalysis.LanguageServer.Protocol, Version=4.14.0.0, Culture=neutral, PublicKeyToken=31bf3856ad364e35"
}


[Trace - 23:10:04] Received notification 'window/logMessage'.
Params: {
    "type": 5,
    "message": "[LanguageServerHost] [03:10:04.447][Start]initialized"
}


[Trace - 23:10:04] Received notification 'window/logMessage'.
Params: {
    "type": 4,
    "message": "[MEF Assembly Loader] Loading assembly Microsoft.CodeAnalysis.LanguageServer.Protocol, Version=4.14.0.0, Culture=neutral, PublicKeyToken=31bf3856ad364e35"
}


[Trace - 23:10:04] Received notification 'window/logMessage'.
Params: {
    "type": 4,
    "message": "[MEF Assembly Loader] Loading assembly Microsoft.CodeAnalysis.LanguageServer.Protocol, Version=4.14.0.0, Culture=neutral, PublicKeyToken=31bf3856ad364e35"
}


[Trace - 23:10:04] Received notification 'window/logMessage'.
Params: {
    "type": 4,
    "message": "[MEF Assembly Loader] Loading assembly Microsoft.CodeAnalysis.LanguageServer.Protocol, Version=4.14.0.0, Culture=neutral, PublicKeyToken=31bf3856ad364e35"
}


[Trace - 23:10:04] Received notification 'window/logMessage'.
Params: {
    "type": 4,
    "message": "[MEF Assembly Loader] Loading assembly Microsoft.CodeAnalysis.LanguageServer, Version=4.14.0.0, Culture=neutral, PublicKeyToken=31bf3856ad364e35"
}


[Trace - 23:10:04] Received request 'client/registerCapability - (2)'.
Params: {
    "registrations": [
        {
            "id": "4f64b2a2-7807-48ea-91fa-9b107b1eff09",
            "method": "textDocument/didOpen",
            "registerOptions": {
                "documentSelector": [
                    {
                        "language": "aspnetcorerazor",
                        "pattern": "**/*.{razor, cshtml}"
                    }
                ]
            }
        },
        {
            "id": "3ae04c49-7dad-49cc-9f5f-85d7ac2b789c",
            "method": "textDocument/didChange",
            "registerOptions": {
                "syncKind": 2,
                "documentSelector": [
                    {
                        "language": "aspnetcorerazor",
                        "pattern": "**/*.{razor, cshtml}"
                    }
                ]
            }
        },
        {
            "id": "0c2eadde-09cd-44c1-89ad-f69727e0fd98",
            "method": "textDocument/didClose",
            "registerOptions": {
                "documentSelector": [
                    {
                        "language": "aspnetcorerazor",
                        "pattern": "**/*.{razor, cshtml}"
                    }
                ]
            }
        }
    ]
}


[Trace - 23:10:04] Sending response 'client/registerCapability - (2)'. Processing request took 1ms
No result returned.


[Trace - 23:10:04] Received notification 'window/logMessage'.
Params: {
    "type": 4,
    "message": "[MEF Assembly Loader] Loading assembly Microsoft.CodeAnalysis.LanguageServer.Protocol, Version=4.14.0.0, Culture=neutral, PublicKeyToken=31bf3856ad364e35"
}


[Trace - 23:10:04] Received notification 'window/logMessage'.
Params: {
    "type": 4,
    "message": "[MEF Assembly Loader] Loading assembly Microsoft.CodeAnalysis.LanguageServer.Protocol, Version=4.14.0.0, Culture=neutral, PublicKeyToken=31bf3856ad364e35"
}


[Trace - 23:10:04] Received notification 'window/logMessage'.
Params: {
    "type": 4,
    "message": "[MEF Assembly Loader] Loading assembly Microsoft.CodeAnalysis.LanguageServer.Protocol, Version=4.14.0.0, Culture=neutral, PublicKeyToken=31bf3856ad364e35"
}


[Trace - 23:10:04] Received notification 'window/logMessage'.
Params: {
    "type": 4,
    "message": "[MEF Assembly Loader] Loading assembly Microsoft.CodeAnalysis.LanguageServer.Protocol, Version=4.14.0.0, Culture=neutral, PublicKeyToken=31bf3856ad364e35"
}


[Trace - 23:10:04] Received request 'client/registerCapability - (3)'.
Params: {
    "registrations": [
        {
            "id": "e83e85a6-7bdc-41e4-b9bc-a98aa3210dd1",
            "method": "workspace/didChangeConfiguration"
        }
    ]
}


[Trace - 23:10:04] Sending response 'client/registerCapability - (3)'. Processing request took 1ms
No result returned.


[Trace - 23:10:04] Received request 'workspace/configuration - (4)'.
Params: {
    "items": [
        {
            "section": "csharp|symbol_search.dotnet_search_reference_assemblies"
        },
        {
            "section": "visual_basic|symbol_search.dotnet_search_reference_assemblies"
        },
        {
            "section": "csharp|type_members.dotnet_member_insertion_location"
        },
        {
            "section": "visual_basic|type_members.dotnet_member_insertion_location"
        },
        {
            "section": "csharp|type_members.dotnet_property_generation_behavior"
        },
        {
            "section": "visual_basic|type_members.dotnet_property_generation_behavior"
        },
        {
            "section": "csharp|completion.dotnet_show_name_completion_suggestions"
        },
        {
            "section": "visual_basic|completion.dotnet_show_name_completion_suggestions"
        },
        {
            "section": "csharp|completion.dotnet_provide_regex_completions"
        },
        {
            "section": "visual_basic|completion.dotnet_provide_regex_completions"
        },
        {
            "section": "csharp|completion.dotnet_show_completion_items_from_unimported_namespaces"
        },
        {
            "section": "visual_basic|completion.dotnet_show_completion_items_from_unimported_namespaces"
        },
        {
            "section": "csharp|completion.dotnet_trigger_completion_in_argument_lists"
        },
        {
            "section": "visual_basic|completion.dotnet_trigger_completion_in_argument_lists"
        },
        {
            "section": "csharp|quick_info.dotnet_show_remarks_in_quick_info"
        },
        {
            "section": "visual_basic|quick_info.dotnet_show_remarks_in_quick_info"
        },
        {
            "section": "navigation.dotnet_navigate_to_decompiled_sources"
        },
        {
            "section": "csharp|highlighting.dotnet_highlight_related_json_components"
        },
        {
            "section": "visual_basic|highlighting.dotnet_highlight_related_json_components"
        },
        {
            "section": "csharp|highlighting.dotnet_highlight_related_regex_components"
        },
        {
            "section": "visual_basic|highlighting.dotnet_highlight_related_regex_components"
        },
        {
            "section": "csharp|inlay_hints.dotnet_enable_inlay_hints_for_parameters"
        },
        {
            "section": "visual_basic|inlay_hints.dotnet_enable_inlay_hints_for_parameters"
        },
        {
            "section": "csharp|inlay_hints.dotnet_enable_inlay_hints_for_literal_parameters"
        },
        {
            "section": "visual_basic|inlay_hints.dotnet_enable_inlay_hints_for_literal_parameters"
        },
        {
            "section": "csharp|inlay_hints.dotnet_enable_inlay_hints_for_indexer_parameters"
        },
        {
            "section": "visual_basic|inlay_hints.dotnet_enable_inlay_hints_for_indexer_parameters"
        },
        {
            "section": "csharp|inlay_hints.dotnet_enable_inlay_hints_for_object_creation_parameters"
        },
        {
            "section": "visual_basic|inlay_hints.dotnet_enable_inlay_hints_for_object_creation_parameters"
        },
        {
            "section": "csharp|inlay_hints.dotnet_enable_inlay_hints_for_other_parameters"
        },
        {
            "section": "visual_basic|inlay_hints.dotnet_enable_inlay_hints_for_other_parameters"
        },
        {
            "section": "csharp|inlay_hints.dotnet_suppress_inlay_hints_for_parameters_that_differ_only_by_suffix"
        },
        {
            "section": "visual_basic|inlay_hints.dotnet_suppress_inlay_hints_for_parameters_that_differ_only_by_suffix"
        },
        {
            "section": "csharp|inlay_hints.dotnet_suppress_inlay_hints_for_parameters_that_match_method_intent"
        },
        {
            "section": "visual_basic|inlay_hints.dotnet_suppress_inlay_hints_for_parameters_that_match_method_intent"
        },
        {
            "section": "csharp|inlay_hints.dotnet_suppress_inlay_hints_for_parameters_that_match_argument_name"
        },
        {
            "section": "visual_basic|inlay_hints.dotnet_suppress_inlay_hints_for_parameters_that_match_argument_name"
        },
        {
            "section": "csharp|inlay_hints.csharp_enable_inlay_hints_for_types"
        },
        {
            "section": "visual_basic|inlay_hints.csharp_enable_inlay_hints_for_types"
        },
        {
            "section": "csharp|inlay_hints.csharp_enable_inlay_hints_for_implicit_variable_types"
        },
        {
            "section": "visual_basic|inlay_hints.csharp_enable_inlay_hints_for_implicit_variable_types"
        },
        {
            "section": "csharp|inlay_hints.csharp_enable_inlay_hints_for_lambda_parameter_types"
        },
        {
            "section": "visual_basic|inlay_hints.csharp_enable_inlay_hints_for_lambda_parameter_types"
        },
        {
            "section": "csharp|inlay_hints.csharp_enable_inlay_hints_for_implicit_object_creation"
        },
        {
            "section": "visual_basic|inlay_hints.csharp_enable_inlay_hints_for_implicit_object_creation"
        },
        {
            "section": "csharp|inlay_hints.csharp_enable_inlay_hints_for_collection_expressions"
        },
        {
            "section": "visual_basic|inlay_hints.csharp_enable_inlay_hints_for_collection_expressions"
        },
        {
            "section": "csharp|code_style.formatting.indentation_and_spacing.tab_width"
        },
        {
            "section": "visual_basic|code_style.formatting.indentation_and_spacing.tab_width"
        },
        {
            "section": "csharp|code_style.formatting.indentation_and_spacing.indent_size"
        },
        {
            "section": "visual_basic|code_style.formatting.indentation_and_spacing.indent_size"
        },
        {
            "section": "csharp|code_style.formatting.indentation_and_spacing.indent_style"
        },
        {
            "section": "visual_basic|code_style.formatting.indentation_and_spacing.indent_style"
        },
        {
            "section": "csharp|code_style.formatting.new_line.end_of_line"
        },
        {
            "section": "visual_basic|code_style.formatting.new_line.end_of_line"
        },
        {
            "section": "code_style.formatting.new_line.insert_final_newline"
        },
        {
            "section": "csharp|background_analysis.dotnet_analyzer_diagnostics_scope"
        },
        {
            "section": "visual_basic|background_analysis.dotnet_analyzer_diagnostics_scope"
        },
        {
            "section": "csharp|background_analysis.dotnet_compiler_diagnostics_scope"
        },
        {
            "section": "visual_basic|background_analysis.dotnet_compiler_diagnostics_scope"
        },
        {
            "section": "csharp|code_lens.dotnet_enable_references_code_lens"
        },
        {
            "section": "visual_basic|code_lens.dotnet_enable_references_code_lens"
        },
        {
            "section": "csharp|code_lens.dotnet_enable_tests_code_lens"
        },
        {
            "section": "visual_basic|code_lens.dotnet_enable_tests_code_lens"
        },
        {
            "section": "csharp|auto_insert.dotnet_enable_auto_insert"
        },
        {
            "section": "visual_basic|auto_insert.dotnet_enable_auto_insert"
        },
        {
            "section": "projects.dotnet_binary_log_path"
        },
        {
            "section": "projects.dotnet_enable_automatic_restore"
        },
        {
            "section": "navigation.dotnet_navigate_to_source_link_and_embedded_sources"
        },
        {
            "section": "csharp|formatting.dotnet_organize_imports_on_format"
        },
        {
            "section": "visual_basic|formatting.dotnet_organize_imports_on_format"
        }
    ]
}


[Trace - 23:10:04] Sending response 'workspace/configuration - (4)'. Processing request took 1ms
Result: [
    true,
    null,
    "withOtherMembersOfTheSameKind",
    null,
    "preferThrowingProperties",
    null,
    "true",
    null,
    "true",
    null,
    true,
    null,
    "true",
    null,
    "true",
    null,
    "true",
    "true",
    null,
    "true",
    null,
    false,
    null,
    false,
    null,
    false,
    null,
    false,
    null,
    false,
    null,
    false,
    null,
    false,
    null,
    false,
    null,
    false,
    null,
    false,
    null,
    false,
    null,
    false,
    null,
    null,
    null,
    "4",
    null,
    "4",
    null,
    "space",
    null,
    "auto",
    null,
    false,
    "openFiles",
    null,
    "openFiles",
    null,
    true,
    null,
    true,
    null,
    true,
    null,
    null,
    true,
    "true",
    false,
    null
]


[Trace - 23:10:04] Received notification 'window/logMessage'.
Params: {
    "type": 4,
    "message": "[MEF Assembly Loader] Loading assembly Microsoft.VisualStudio.DesignTools.CodeAnalysis, Version=17.0.0.0, Culture=neutral, PublicKeyToken=b03f5f7f11d50a3a"
}


[Trace - 23:10:04] Received notification 'window/logMessage'.
Params: {
    "type": 4,
    "message": "[MEF Assembly Loader] Microsoft.VisualStudio.DesignTools.CodeAnalysis, Version=17.0.0.0, Culture=neutral, PublicKeyToken=b03f5f7f11d50a3a with code base /home/albert/.vscode/extensions/ms-dotnettools.csharp-2.63.32-linux-x64/.xamlTools/Microsoft.VisualStudio.DesignTools.CodeAnalysis.dll found in extension context."
}


[Trace - 23:10:04] Received notification 'window/logMessage'.
Params: {
    "type": 4,
    "message": "[ALC-/home/albert/.vscode/extensions/ms-dotnettools.csharp-2.63.32-linux-x64/.xamlTools] netstandard not found in this load context"
}


[Trace - 23:10:04] Received notification 'window/logMessage'.
Params: {
    "type": 4,
    "message": "[ALC-/home/albert/.vscode/extensions/ms-dotnettools.csharp-2.63.32-linux-x64/.xamlTools] Microsoft.CodeAnalysis.ExternalAccess.Xaml not found in this load context"
}


[Trace - 23:10:04] Received notification 'window/logMessage'.
Params: {
    "type": 4,
    "message": "[ALC-/home/albert/.vscode/extensions/ms-dotnettools.csharp-2.63.32-linux-x64/.xamlTools] Microsoft.CodeAnalysis.LanguageServer.Protocol not found in this load context"
}


[Trace - 23:10:04] Received notification 'window/logMessage'.
Params: {
    "type": 4,
    "message": "[MEF Assembly Loader] Loading assembly Microsoft.CodeAnalysis.ExternalAccess.Xaml, Version=4.14.0.0, Culture=neutral, PublicKeyToken=31bf3856ad364e35"
}


[Trace - 23:10:04] Received notification 'window/logMessage'.
Params: {
    "type": 4,
    "message": "[MEF Assembly Loader] Loading assembly Microsoft.CodeAnalysis.ExternalAccess.Xaml, Version=4.14.0.0, Culture=neutral, PublicKeyToken=31bf3856ad364e35"
}


[Trace - 23:10:04] Received notification 'window/logMessage'.
Params: {
    "type": 4,
    "message": "[ALC-/home/albert/.vscode/extensions/ms-dotnettools.csharp-2.63.32-linux-x64/.xamlTools] System.Threading.Tasks.Extensions not found in this load context"
}


[Trace - 23:10:04] Received request 'client/registerCapability - (5)'.
Params: {
    "registrations": [
        {
            "id": "1dcdc517-7355-430c-916e-09cc7de712a7",
            "method": "textDocument/didOpen",
            "registerOptions": {
                "documentSelector": [
                    {
                        "language": "xaml",
                        "pattern": "**/*.xaml"
                    }
                ]
            }
        },
        {
            "id": "1dcdc517-7355-430c-916e-09cc7de712a7",
            "method": "textDocument/didChange",
            "registerOptions": {
                "syncKind": 2,
                "documentSelector": [
                    {
                        "language": "xaml",
                        "pattern": "**/*.xaml"
                    }
                ]
            }
        },
        {
            "id": "1dcdc517-7355-430c-916e-09cc7de712a7",
            "method": "textDocument/didClose",
            "registerOptions": {
                "documentSelector": [
                    {
                        "language": "xaml",
                        "pattern": "**/*.xaml"
                    }
                ]
            }
        },
        {
            "id": "1dcdc517-7355-430c-916e-09cc7de712a7",
            "method": "textDocument/completion",
            "registerOptions": {
                "documentSelector": [
                    {
                        "language": "xaml",
                        "pattern": "**/*.xaml"
                    }
                ],
                "triggerCharacters": [
                    "<",
                    " ",
                    ":",
                    ".",
                    "=",
                    "\"",
                    "'",
                    "{",
                    ",",
                    "("
                ],
                "resolveProvider": true
            }
        },
        {
            "id": "1dcdc517-7355-430c-916e-09cc7de712a7",
            "method": "textDocument/hover",
            "registerOptions": {
                "documentSelector": [
                    {
                        "language": "xaml",
                        "pattern": "**/*.xaml"
                    }
                ]
            }
        },
        {
            "id": "1dcdc517-7355-430c-916e-09cc7de712a7",
            "method": "textDocument/foldingRange",
            "registerOptions": {
                "documentSelector": [
                    {
                        "language": "xaml",
                        "pattern": "**/*.xaml"
                    }
                ]
            }
        },
        {
            "id": "1dcdc517-7355-430c-916e-09cc7de712a7",
            "method": "textDocument/formatting",
            "registerOptions": {
                "documentSelector": [
                    {
                        "language": "xaml",
                        "pattern": "**/*.xaml"
                    }
                ]
            }
        },
        {
            "id": "1dcdc517-7355-430c-916e-09cc7de712a7",
            "method": "textDocument/rangeFormatting",
            "registerOptions": {
                "documentSelector": [
                    {
                        "language": "xaml",
                        "pattern": "**/*.xaml"
                    }
                ]
            }
        },
        {
            "id": "1dcdc517-7355-430c-916e-09cc7de712a7",
            "method": "textDocument/definition",
            "registerOptions": {
                "documentSelector": [
                    {
                        "language": "xaml",
                        "pattern": "**/*.xaml"
                    }
                ]
            }
        },
        {
            "id": "1dcdc517-7355-430c-916e-09cc7de712a7",
            "method": "textDocument/diagnostic",
            "registerOptions": {
                "documentSelector": [
                    {
                        "language": "xaml",
                        "pattern": "**/*.xaml"
                    }
                ],
                "identifier": "XamlDiagnostics",
                "interFileDependencies": false,
                "workspaceDiagnostics": false
            }
        },
        {
            "id": "1dcdc517-7355-430c-916e-09cc7de712a7",
            "method": "textDocument/diagnostic",
            "registerOptions": {
                "documentSelector": [
                    {
                        "language": "xaml",
                        "pattern": "**/*.xaml"
                    }
                ],
                "identifier": "HotReloadDiagnostics",
                "interFileDependencies": false,
                "workspaceDiagnostics": true
            }
        },
        {
            "id": "1dcdc517-7355-430c-916e-09cc7de712a7",
            "method": "textDocument/codeAction",
            "registerOptions": {
                "documentSelector": [
                    {
                        "language": "xaml",
                        "pattern": "**/*.xaml"
                    }
                ],
                "codeActionKinds": [
                    "quickfix",
                    "source.organizeImports"
                ],
                "resolveProvider": true
            }
        },
        {
            "id": "1dcdc517-7355-430c-916e-09cc7de712a7",
            "method": "textDocument/_vs_onAutoInsert",
            "registerOptions": {
                "documentSelector": [
                    {
                        "language": "xaml",
                        "pattern": "**/*.xaml"
                    }
                ],
                "_vs_triggerCharacters": [
                    "=",
                    "/",
                    ">"
                ]
            }
        },
        {
            "id": "1dcdc517-7355-430c-916e-09cc7de712a7",
            "method": "textDocument/documentColor",
            "registerOptions": {
                "documentSelector": [
                    {
                        "language": "xaml",
                        "pattern": "**/*.xaml"
                    }
                ]
            }
        }
    ]
}


[Trace - 23:10:04] Sending response 'client/registerCapability - (5)'. Processing request took 3ms
No result returned.


[Trace - 23:10:04] Sending request 'workspace/diagnostic - (1)'.
Params: {
    "identifier": "HotReloadDiagnostics",
    "previousResultIds": [],
    "partialResultToken": "d2e01e24-7627-4887-b616-fc61d612cd4a"
}


[Trace - 23:10:04] Received notification 'window/logMessage'.
Params: {
    "type": 4,
    "message": "[MEF Assembly Loader] Loading assembly Microsoft.CodeAnalysis.Workspaces, Version=4.14.0.0, Culture=neutral, PublicKeyToken=31bf3856ad364e35"
}


[Trace - 23:10:04] Received notification 'window/logMessage'.
Params: {
    "type": 4,
    "message": "[MEF Assembly Loader] Loading assembly Microsoft.CodeAnalysis.Workspaces, Version=4.14.0.0, Culture=neutral, PublicKeyToken=31bf3856ad364e35"
}


[Trace - 23:10:04] Received notification 'window/logMessage'.
Params: {
    "type": 4,
    "message": "[MEF Assembly Loader] Loading assembly Microsoft.CodeAnalysis.Features, Version=4.14.0.0, Culture=neutral, PublicKeyToken=31bf3856ad364e35"
}


[Trace - 23:10:04] Received notification 'window/logMessage'.
Params: {
    "type": 4,
    "message": "[MEF Assembly Loader] Loading assembly Microsoft.CodeAnalysis.LanguageServer.Protocol, Version=4.14.0.0, Culture=neutral, PublicKeyToken=31bf3856ad364e35"
}


[Trace - 23:10:04] Received notification 'window/logMessage'.
Params: {
    "type": 4,
    "message": "[MEF Assembly Loader] Loading assembly Microsoft.CodeAnalysis.Features, Version=4.14.0.0, Culture=neutral, PublicKeyToken=31bf3856ad364e35"
}


[Trace - 23:10:04] Received notification 'window/logMessage'.
Params: {
    "type": 4,
    "message": "[MEF Assembly Loader] Loading assembly System.Private.CoreLib, Version=9.0.0.0, Culture=neutral, PublicKeyToken=7cec85d7bea7798e"
}


[Trace - 23:10:04] Received notification 'window/logMessage'.
Params: {
    "type": 4,
    "message": "[MEF Assembly Loader] Loading assembly Microsoft.CodeAnalysis.LanguageServer.Protocol, Version=4.14.0.0, Culture=neutral, PublicKeyToken=31bf3856ad364e35"
}


[Trace - 23:10:04] Received notification 'window/logMessage'.
Params: {
    "type": 4,
    "message": "[MEF Assembly Loader] Loading assembly Microsoft.CodeAnalysis.LanguageServer.Protocol, Version=4.14.0.0, Culture=neutral, PublicKeyToken=31bf3856ad364e35"
}


[Trace - 23:10:04] Received notification 'window/logMessage'.
Params: {
    "type": 4,
    "message": "[MEF Assembly Loader] Loading assembly Microsoft.VisualStudio.DesignTools.CodeAnalysis, Version=17.0.0.0, Culture=neutral, PublicKeyToken=b03f5f7f11d50a3a"
}


[Trace - 23:10:04] Received notification 'window/logMessage'.
Params: {
    "type": 4,
    "message": "[MEF Assembly Loader] Microsoft.VisualStudio.DesignTools.CodeAnalysis, Version=17.0.0.0, Culture=neutral, PublicKeyToken=b03f5f7f11d50a3a with code base /home/albert/.vscode/extensions/ms-dotnettools.csharp-2.63.32-linux-x64/.xamlTools/Microsoft.VisualStudio.DesignTools.CodeAnalysis.dll found in extension context."
}


[Trace - 23:10:04] Received notification 'window/logMessage'.
Params: {
    "type": 4,
    "message": "[ALC-/home/albert/.vscode/extensions/ms-dotnettools.csharp-2.63.32-linux-x64/.xamlTools] System.Collections.Immutable not found in this load context"
}


[Trace - 23:10:04] Received notification 'window/logMessage'.
Params: {
    "type": 4,
    "message": "[ALC-/home/albert/.vscode/extensions/ms-dotnettools.csharp-2.63.32-linux-x64/.xamlTools] Microsoft.CodeAnalysis not found in this load context"
}


[Trace - 23:10:04] Received notification 'window/logMessage'.
Params: {
    "type": 4,
    "message": "[MEF Assembly Loader] Loading assembly Microsoft.CodeAnalysis.ExternalAccess.Xaml, Version=4.14.0.0, Culture=neutral, PublicKeyToken=31bf3856ad364e35"
}


[Trace - 23:10:04] Received notification 'window/logMessage'.
Params: {
    "type": 4,
    "message": "[MEF Assembly Loader] Loading assembly Microsoft.CodeAnalysis.ExternalAccess.Xaml, Version=4.14.0.0, Culture=neutral, PublicKeyToken=31bf3856ad364e35"
}


[Trace - 23:10:04] Received notification 'window/logMessage'.
Params: {
    "type": 4,
    "message": "[MEF Assembly Loader] Loading assembly Microsoft.CodeAnalysis.ExternalAccess.VisualDiagnostics, Version=4.14.0.0, Culture=neutral, PublicKeyToken=31bf3856ad364e35"
}


[Trace - 23:10:04] Received notification 'window/logMessage'.
Params: {
    "type": 4,
    "message": "[MEF Assembly Loader] Loading assembly Microsoft.CodeAnalysis.ExternalAccess.VisualDiagnostics, Version=4.14.0.0, Culture=neutral, PublicKeyToken=31bf3856ad364e35"
}


[Trace - 23:10:04] Received notification 'window/logMessage'.
Params: {
    "type": 4,
    "message": "[MEF Assembly Loader] Loading assembly Microsoft.CodeAnalysis.ExternalAccess.VisualDiagnostics, Version=4.14.0.0, Culture=neutral, PublicKeyToken=31bf3856ad364e35"
}


[Trace - 23:10:04] Received notification 'window/logMessage'.
Params: {
    "type": 4,
    "message": "[MEF Assembly Loader] Loading assembly Microsoft.CodeAnalysis.ExternalAccess.VisualDiagnostics, Version=4.14.0.0, Culture=neutral, PublicKeyToken=31bf3856ad364e35"
}


[Trace - 23:10:04] Received notification 'window/logMessage'.
Params: {
    "type": 4,
    "message": "[MEF Assembly Loader] Loading assembly Microsoft.CodeAnalysis.LanguageServer.Protocol, Version=4.14.0.0, Culture=neutral, PublicKeyToken=31bf3856ad364e35"
}


[Trace - 23:10:04] Received notification 'window/logMessage'.
Params: {
    "type": 4,
    "message": "[MEF Assembly Loader] Loading assembly Microsoft.CodeAnalysis.LanguageServer.Protocol, Version=4.14.0.0, Culture=neutral, PublicKeyToken=31bf3856ad364e35"
}


[Trace - 23:10:04] Received notification 'window/logMessage'.
Params: {
    "type": 4,
    "message": "[MEF Assembly Loader] Loading assembly Microsoft.CodeAnalysis.LanguageServer.Protocol, Version=4.14.0.0, Culture=neutral, PublicKeyToken=31bf3856ad364e35"
}


[Trace - 23:10:04] Received notification 'window/logMessage'.
Params: {
    "type": 4,
    "message": "[MEF Assembly Loader] Loading assembly Microsoft.CodeAnalysis.LanguageServer.Protocol, Version=4.14.0.0, Culture=neutral, PublicKeyToken=31bf3856ad364e35"
}


[Trace - 23:10:04] Received notification 'window/logMessage'.
Params: {
    "type": 4,
    "message": "[MEF Assembly Loader] Loading assembly Microsoft.CodeAnalysis.LanguageServer.Protocol, Version=4.14.0.0, Culture=neutral, PublicKeyToken=31bf3856ad364e35"
}


[Trace - 23:10:04] Received notification 'window/logMessage'.
Params: {
    "type": 4,
    "message": "[MEF Assembly Loader] Loading assembly Microsoft.CodeAnalysis.LanguageServer.Protocol, Version=4.14.0.0, Culture=neutral, PublicKeyToken=31bf3856ad364e35"
}


[Trace - 23:10:04] Received notification 'window/logMessage'.
Params: {
    "type": 4,
    "message": "[MEF Assembly Loader] Loading assembly Microsoft.CodeAnalysis.LanguageServer.Protocol, Version=4.14.0.0, Culture=neutral, PublicKeyToken=31bf3856ad364e35"
}


[Trace - 23:10:04] Received notification 'window/logMessage'.
Params: {
    "type": 4,
    "message": "[MEF Assembly Loader] Loading assembly Microsoft.CodeAnalysis.LanguageServer.Protocol, Version=4.14.0.0, Culture=neutral, PublicKeyToken=31bf3856ad364e35"
}


[Trace - 23:10:04] Received notification 'window/logMessage'.
Params: {
    "type": 4,
    "message": "[MEF Assembly Loader] Loading assembly Microsoft.CodeAnalysis.LanguageServer.Protocol, Version=4.14.0.0, Culture=neutral, PublicKeyToken=31bf3856ad364e35"
}


[Trace - 23:10:04] Received notification 'window/logMessage'.
Params: {
    "type": 4,
    "message": "[MEF Assembly Loader] Loading assembly Microsoft.CodeAnalysis.LanguageServer.Protocol, Version=4.14.0.0, Culture=neutral, PublicKeyToken=31bf3856ad364e35"
}


[Trace - 23:10:04] Received notification 'window/logMessage'.
Params: {
    "type": 4,
    "message": "[MEF Assembly Loader] Loading assembly Microsoft.CodeAnalysis.LanguageServer.Protocol, Version=4.14.0.0, Culture=neutral, PublicKeyToken=31bf3856ad364e35"
}


[Trace - 23:10:04] Received notification 'window/logMessage'.
Params: {
    "type": 4,
    "message": "[MEF Assembly Loader] Loading assembly Microsoft.CodeAnalysis.LanguageServer.Protocol, Version=4.14.0.0, Culture=neutral, PublicKeyToken=31bf3856ad364e35"
}


[Trace - 23:10:04] Received notification 'window/logMessage'.
Params: {
    "type": 4,
    "message": "[MEF Assembly Loader] Loading assembly Microsoft.CodeAnalysis.LanguageServer.Protocol, Version=4.14.0.0, Culture=neutral, PublicKeyToken=31bf3856ad364e35"
}


[Trace - 23:10:04] Received request 'client/registerCapability - (6)'.
Params: {
    "registrations": [
        {
            "id": "87210410-d494-4d92-a1f5-4f39bf941821",
            "method": "textDocument/diagnostic",
            "registerOptions": {
                "identifier": "DocumentAnalyzerSyntax",
                "interFileDependencies": true,
                "workspaceDiagnostics": false
            }
        },
        {
            "id": "fabda70c-4314-4f1d-a5a8-cc2458b8e5bf",
            "method": "textDocument/diagnostic",
            "registerOptions": {
                "identifier": "DocumentAnalyzerSemantic",
                "interFileDependencies": true,
                "workspaceDiagnostics": false
            }
        },
        {
            "id": "3d072595-8bf7-4c8c-8c01-b69c19d496ef",
            "method": "textDocument/diagnostic",
            "registerOptions": {
                "identifier": "DocumentCompilerSemantic",
                "interFileDependencies": true,
                "workspaceDiagnostics": false
            }
        },
        {
            "id": "0cc888a2-2bf8-49c0-8202-f2be4c3dad5a",
            "method": "textDocument/diagnostic",
            "registerOptions": {
                "workDoneProgress": true,
                "identifier": "enc",
                "interFileDependencies": true,
                "workspaceDiagnostics": true
            }
        },
        {
            "id": "7b152c3f-3388-4b18-b0e4-15d97da2a76b",
            "method": "textDocument/diagnostic",
            "registerOptions": {
                "identifier": "NonLocal",
                "interFileDependencies": true,
                "workspaceDiagnostics": false
            }
        },
        {
            "id": "95c311c8-0f18-429b-831e-615e6ad5b2e3",
            "method": "textDocument/diagnostic",
            "registerOptions": {
                "identifier": "XamlDiagnostics",
                "interFileDependencies": true,
                "workspaceDiagnostics": false
            }
        },
        {
            "id": "1f363e3d-5326-45a5-8146-2556cfe47706",
            "method": "textDocument/diagnostic",
            "registerOptions": {
                "identifier": "syntax",
                "interFileDependencies": true,
                "workspaceDiagnostics": false
            }
        },
        {
            "id": "ff7442af-e368-4f74-a446-0f84475e1044",
            "method": "textDocument/diagnostic",
            "registerOptions": {
                "workDoneProgress": true,
                "identifier": "HotReloadDiagnostics",
                "interFileDependencies": true,
                "workspaceDiagnostics": true
            }
        },
        {
            "id": "d5455806-2b66-4772-bf8e-5dc5d500cd7f",
            "method": "textDocument/diagnostic",
            "registerOptions": {
                "workDoneProgress": true,
                "identifier": "WorkspaceDocumentsAndProject",
                "interFileDependencies": true,
                "workspaceDiagnostics": true
            }
        }
    ]
}


[Trace - 23:10:04] Sending response 'client/registerCapability - (6)'. Processing request took 1ms
No result returned.


[Trace - 23:10:04] Sending request 'workspace/diagnostic - (2)'.
Params: {
    "identifier": "enc",
    "previousResultIds": [],
    "partialResultToken": "6219e287-958f-457d-a55e-2329f8abeaa8"
}


[Trace - 23:10:04] Sending request 'workspace/diagnostic - (3)'.
Params: {
    "identifier": "HotReloadDiagnostics",
    "previousResultIds": [],
    "partialResultToken": "7e7ee340-6938-4ee0-9a2f-b39d60836499"
}


[Trace - 23:10:04] Sending request 'workspace/diagnostic - (4)'.
Params: {
    "identifier": "WorkspaceDocumentsAndProject",
    "previousResultIds": [],
    "partialResultToken": "c1760b14-4501-493e-bee7-d8cf6e9679f4"
}


[Trace - 23:10:04] Received notification 'window/logMessage'.
Params: {
    "type": 4,
    "message": "[MEF Assembly Loader] Loading assembly Microsoft.CodeAnalysis.LanguageServer.Protocol, Version=4.14.0.0, Culture=neutral, PublicKeyToken=31bf3856ad364e35"
}


[Trace - 23:10:04] Received notification 'window/logMessage'.
Params: {
    "type": 5,
    "message": "[LanguageServerHost] [03:10:04.570][End]initialized"
}


[Trace - 23:10:04] Received notification 'window/logMessage'.
Params: {
    "type": 5,
    "message": "[LanguageServerHost] Request did not contain a textDocument, using default language handler"
}


[Trace - 23:10:04] Received notification 'window/logMessage'.
Params: {
    "type": 4,
    "message": "[ExtensionTypeRefResolver] Resolving type, Microsoft.CodeAnalysis.LanguageServer.LanguageServer.Handler.Logging.UpdateLogLevelParams"
}


[Trace - 23:10:04] Received notification 'window/logMessage'.
Params: {
    "type": 4,
    "message": "[MEF Assembly Loader] Loading assembly Microsoft.CodeAnalysis.LanguageServer, Version=4.14.0.0, Culture=neutral, PublicKeyToken=31bf3856ad364e35"
}


[Trace - 23:10:04] Received notification 'window/logMessage'.
Params: {
    "type": 4,
    "message": "[ExtensionTypeRefResolver] Resolving type, Microsoft.CodeAnalysis.LanguageServer.LanguageServer.Handler.Logging.UpdateLogLevelHandler"
}


[Trace - 23:10:04] Received notification 'window/logMessage'.
Params: {
    "type": 4,
    "message": "[MEF Assembly Loader] Loading assembly Microsoft.CodeAnalysis.LanguageServer, Version=4.14.0.0, Culture=neutral, PublicKeyToken=31bf3856ad364e35"
}


[Trace - 23:10:04] Received notification 'window/logMessage'.
Params: {
    "type": 4,
    "message": "[MEF Assembly Loader] Loading assembly Microsoft.CodeAnalysis.LanguageServer, Version=4.14.0.0, Culture=neutral, PublicKeyToken=31bf3856ad364e35"
}


[Trace - 23:10:04] Received notification 'window/logMessage'.
Params: {
    "type": 4,
    "message": "[MEF Assembly Loader] Loading assembly Microsoft.CodeAnalysis.LanguageServer, Version=4.14.0.0, Culture=neutral, PublicKeyToken=31bf3856ad364e35"
}


[Trace - 23:10:04] Received notification 'window/logMessage'.
Params: {
    "type": 4,
    "message": "[MEF Assembly Loader] Loading assembly Microsoft.CodeAnalysis.LanguageServer, Version=4.14.0.0, Culture=neutral, PublicKeyToken=31bf3856ad364e35"
}


[Trace - 23:10:04] Received notification 'window/logMessage'.
Params: {
    "type": 5,
    "message": "[LanguageServerHost] Request did not contain a textDocument, using default language handler"
}


[Trace - 23:10:04] Received notification 'window/logMessage'.
Params: {
    "type": 4,
    "message": "[ExtensionTypeRefResolver] Resolving type, Roslyn.LanguageServer.Protocol.WorkspaceDiagnosticParams"
}


[Trace - 23:10:04] Received notification 'window/logMessage'.
Params: {
    "type": 4,
    "message": "[MEF Assembly Loader] Loading assembly Microsoft.CodeAnalysis.LanguageServer.Protocol, Version=4.14.0.0, Culture=neutral, PublicKeyToken=31bf3856ad364e35"
}


[Trace - 23:10:04] Received notification 'window/logMessage'.
Params: {
    "type": 4,
    "message": "[ExtensionTypeRefResolver] Resolving type, Roslyn.LanguageServer.Protocol.WorkspaceDiagnosticReport"
}


[Trace - 23:10:04] Received notification 'window/logMessage'.
Params: {
    "type": 4,
    "message": "[MEF Assembly Loader] Loading assembly Microsoft.CodeAnalysis.LanguageServer.Protocol, Version=4.14.0.0, Culture=neutral, PublicKeyToken=31bf3856ad364e35"
}


[Trace - 23:10:04] Received notification 'window/logMessage'.
Params: {
    "type": 4,
    "message": "[ExtensionTypeRefResolver] Resolving type, Microsoft.CodeAnalysis.LanguageServer.Handler.Diagnostics.Public.PublicWorkspacePullDiagnosticsHandler"
}


[Trace - 23:10:04] Received notification 'window/logMessage'.
Params: {
    "type": 4,
    "message": "[MEF Assembly Loader] Loading assembly Microsoft.CodeAnalysis.LanguageServer.Protocol, Version=4.14.0.0, Culture=neutral, PublicKeyToken=31bf3856ad364e35"
}


[Trace - 23:10:04] Received notification 'window/logMessage'.
Params: {
    "type": 5,
    "message": "[LanguageServerHost] [03:10:04.572][Start]roslyn/updateLogLevel"
}


[Trace - 23:10:04] Received notification 'window/logMessage'.
Params: {
    "type": 4,
    "message": "[MEF Assembly Loader] Loading assembly Microsoft.CodeAnalysis.LanguageServer.Protocol, Version=4.14.0.0, Culture=neutral, PublicKeyToken=31bf3856ad364e35"
}


[Trace - 23:10:04] Received notification 'window/logMessage'.
Params: {
    "type": 5,
    "message": "[LanguageServerHost] [03:10:04.574][End]roslyn/updateLogLevel"
}


[Trace - 23:10:04] Received notification 'window/logMessage'.
Params: {
    "type": 5,
    "message": "[LanguageServerHost] Request did not contain a textDocument, using default language handler"
}


[Trace - 23:10:04] Received notification 'window/logMessage'.
Params: {
    "type": 5,
    "message": "[LanguageServerHost] [03:10:04.592][Start]workspace/diagnostic"
}


[Trace - 23:10:04] Received notification 'window/logMessage'.
Params: {
    "type": 5,
    "message": "[LanguageServerHost] Request did not contain a textDocument, using default language handler"
}


[Trace - 23:10:04] Received notification 'window/logMessage'.
Params: {
    "type": 5,
    "message": "[LanguageServerHost] [03:10:04.592][Start]workspace/diagnostic"
}


[Trace - 23:10:04] Received notification 'window/logMessage'.
Params: {
    "type": 5,
    "message": "[LanguageServerHost] Request did not contain a textDocument, using default language handler"
}


[Trace - 23:10:04] Received notification 'window/logMessage'.
Params: {
    "type": 5,
    "message": "[LanguageServerHost] [03:10:04.592][Start]workspace/diagnostic"
}


[Trace - 23:10:04] Received notification 'window/logMessage'.
Params: {
    "type": 5,
    "message": "[LanguageServerHost] [03:10:04.593][Start]workspace/diagnostic"
}


[Trace - 23:10:04] Received notification 'window/logMessage'.
Params: {
    "type": 5,
    "message": "[LanguageServerHost] PublicWorkspacePullDiagnosticsHandler(category: WorkspaceDocumentsAndProject) started getting diagnostics"
}


[Trace - 23:10:04] Received notification 'window/logMessage'.
Params: {
    "type": 5,
    "message": "[LanguageServerHost] PublicWorkspacePullDiagnosticsHandler(category: HotReloadDiagnostics) started getting diagnostics"
}


[Trace - 23:10:04] Received notification 'window/logMessage'.
Params: {
    "type": 5,
    "message": "[LanguageServerHost] PublicWorkspacePullDiagnosticsHandler(category: HotReloadDiagnostics) started getting diagnostics"
}


[Trace - 23:10:04] Received notification 'window/logMessage'.
Params: {
    "type": 5,
    "message": "[LanguageServerHost] PublicWorkspacePullDiagnosticsHandler(category: enc) started getting diagnostics"
}


[Trace - 23:10:04] Received notification 'window/logMessage'.
Params: {
    "type": 5,
    "message": "[LanguageServerHost] previousResults.Length=0"
}


[Trace - 23:10:04] Received notification 'window/logMessage'.
Params: {
    "type": 5,
    "message": "[LanguageServerHost] previousResults.Length=0"
}


[Trace - 23:10:04] Received notification 'window/logMessage'.
Params: {
    "type": 5,
    "message": "[LanguageServerHost] previousResults.Length=0"
}


[Trace - 23:10:04] Received notification 'window/logMessage'.
Params: {
    "type": 5,
    "message": "[LanguageServerHost] previousResults.Length=0"
}


[Trace - 23:10:04] Received notification 'window/logMessage'.
Params: {
    "type": 4,
    "message": "[MEF Assembly Loader] Loading assembly Microsoft.CodeAnalysis.LanguageServer.Protocol, Version=4.14.0.0, Culture=neutral, PublicKeyToken=31bf3856ad364e35"
}


[Trace - 23:10:04] Received notification 'window/logMessage'.
Params: {
    "type": 5,
    "message": "[LanguageServerHost] Processing 0 documents"
}


[Trace - 23:10:04] Received notification 'window/logMessage'.
Params: {
    "type": 5,
    "message": "[LanguageServerHost] Processing 0 documents"
}


[Trace - 23:10:04] Received notification 'window/logMessage'.
Params: {
    "type": 4,
    "message": "[MEF Assembly Loader] Loading assembly Microsoft.CodeAnalysis.Features, Version=4.14.0.0, Culture=neutral, PublicKeyToken=31bf3856ad364e35"
}


[Trace - 23:10:04] Received notification 'window/logMessage'.
Params: {
    "type": 4,
    "message": "[MEF Assembly Loader] Loading assembly Microsoft.CodeAnalysis.Features, Version=4.14.0.0, Culture=neutral, PublicKeyToken=31bf3856ad364e35"
}


[Trace - 23:10:04] Received notification 'window/logMessage'.
Params: {
    "type": 5,
    "message": "[LanguageServerHost] Closing workspace/diagnostics request for HotReloadDiagnostics"
}


[Trace - 23:10:04] Received notification 'window/logMessage'.
Params: {
    "type": 5,
    "message": "[LanguageServerHost] Microsoft.CodeAnalysis.LanguageServer.Handler.Diagnostics.Public.PublicWorkspacePullDiagnosticsHandler finished getting diagnostics"
}


[Trace - 23:10:04] Received notification 'window/logMessage'.
Params: {
    "type": 4,
    "message": "[MEF Assembly Loader] Loading assembly Microsoft.CodeAnalysis.Features, Version=4.14.0.0, Culture=neutral, PublicKeyToken=31bf3856ad364e35"
}


[Trace - 23:10:04] Received notification 'window/logMessage'.
Params: {
    "type": 4,
    "message": "[MEF Assembly Loader] Loading assembly Microsoft.CodeAnalysis.LanguageServer.Protocol, Version=4.14.0.0, Culture=neutral, PublicKeyToken=31bf3856ad364e35"
}


[Trace - 23:10:04] Received notification 'window/logMessage'.
Params: {
    "type": 4,
    "message": "[MEF Assembly Loader] Loading assembly Microsoft.CodeAnalysis.Features, Version=4.14.0.0, Culture=neutral, PublicKeyToken=31bf3856ad364e35"
}


[Trace - 23:10:04] Received notification 'window/logMessage'.
Params: {
    "type": 4,
    "message": "[MEF Assembly Loader] Loading assembly Microsoft.CodeAnalysis.Features, Version=4.14.0.0, Culture=neutral, PublicKeyToken=31bf3856ad364e35"
}


[Trace - 23:10:04] Received notification 'window/logMessage'.
Params: {
    "type": 5,
    "message": "[LanguageServerHost] Processing 0 documents"
}


[Trace - 23:10:04] Received notification 'window/logMessage'.
Params: {
    "type": 5,
    "message": "[LanguageServerHost] Closing workspace/diagnostics request for enc"
}


[Trace - 23:10:04] Received notification 'window/logMessage'.
Params: {
    "type": 5,
    "message": "[LanguageServerHost] Microsoft.CodeAnalysis.LanguageServer.Handler.Diagnostics.Public.PublicWorkspacePullDiagnosticsHandler finished getting diagnostics"
}


[Trace - 23:10:04] Received response 'workspace/diagnostic - (1)' in 53ms.
Result: {
    "items": []
}


[Trace - 23:10:04] Received response 'workspace/diagnostic - (2)' in 42ms.
Result: {
    "items": []
}


[Trace - 23:10:04] Received notification 'window/logMessage'.
Params: {
    "type": 5,
    "message": "[LanguageServerHost] [03:10:04.607][End]workspace/diagnostic"
}


[Trace - 23:10:04] Received notification 'window/logMessage'.
Params: {
    "type": 5,
    "message": "[LanguageServerHost] [03:10:04.607][End]workspace/diagnostic"
}


[Trace - 23:10:04] Received notification 'window/logMessage'.
Params: {
    "type": 4,
    "message": "[MEF Assembly Loader] Loading assembly Microsoft.CodeAnalysis.Workspaces, Version=4.14.0.0, Culture=neutral, PublicKeyToken=31bf3856ad364e35"
}


[Trace - 23:10:04] Received notification 'window/logMessage'.
Params: {
    "type": 5,
    "message": "[LanguageServerHost] Processing 0 documents"
}


[Trace - 23:10:04] Received notification 'window/logMessage'.
Params: {
    "type": 5,
    "message": "[LanguageServerHost] Closing workspace/diagnostics request for WorkspaceDocumentsAndProject"
}


[Trace - 23:10:04] Received notification 'window/logMessage'.
Params: {
    "type": 5,
    "message": "[LanguageServerHost] Microsoft.CodeAnalysis.LanguageServer.Handler.Diagnostics.Public.PublicWorkspacePullDiagnosticsHandler finished getting diagnostics"
}


[Trace - 23:10:04] Received response 'workspace/diagnostic - (4)' in 48ms.
Result: {
    "items": []
}


[Trace - 23:10:04] Received notification 'window/logMessage'.
Params: {
    "type": 5,
    "message": "[LanguageServerHost] [03:10:04.613][End]workspace/diagnostic"
}


