
2025/02/14 (20:20:41) | ===> btop++ v.1.4.0
2025/02/14 (20:20:41) | WARNING: Intel GPU: Failed to initialize PMU

2025/02/14 (22:56:39) | ===> btop++ v.1.4.0
2025/02/14 (22:56:39) | WARNING: Intel GPU: Failed to initialize PMU
2025/02/14 (23:01:07) | WARNING: Failed to join _runner thread on exit!

2025/02/14 (23:04:33) | ===> btop++ v.1.4.0
2025/02/14 (23:04:33) | WARNING: Intel GPU: Failed to initialize PMU
2025/02/14 (23:06:26) | WARNING: Failed to join _runner thread on exit!

2025/02/15 (00:18:12) | ===> btop++ v.1.4.0
2025/02/15 (00:18:12) | WARNING: Intel GPU: Failed to initialize PMU

2025/02/15 (00:19:44) | ===> btop++ v.1.4.0
2025/02/15 (00:19:44) | WARNING: Intel GPU: Failed to initialize PMU

2025/02/15 (00:57:19) | ===> btop++ v.1.4.0
2025/02/15 (00:57:19) | WARNING: Intel GPU: Failed to initialize PMU

2025/02/15 (13:51:45) | ===> btop++ v.1.4.0
2025/02/15 (13:51:45) | WARNING: Intel GPU: Failed to initialize PMU
2025/02/15 (13:52:13) | WARNING: Failed to join _runner thread on exit!

2025/02/15 (13:53:56) | ===> btop++ v.1.4.0
2025/02/15 (13:53:56) | WARNING: Intel GPU: Failed to initialize PMU
2025/02/15 (13:54:10) | ERROR: Couldn't determine terminal size of "STDOUT_FILENO"!
2025/02/15 (13:54:10) | ERROR: Couldn't determine terminal size of "/dev/tty"!

2025/02/15 (18:14:03) | ===> btop++ v.1.4.0
2025/02/15 (18:14:03) | WARNING: Intel GPU: Failed to initialize PMU

2025/02/15 (22:27:46) | ===> btop++ v.1.4.0
2025/02/15 (22:27:46) | WARNING: Intel GPU: Failed to initialize PMU

2025/02/16 (08:47:09) | ===> btop++ v.1.4.0
2025/02/16 (08:47:09) | WARNING: Intel GPU: Failed to initialize PMU

2025/02/16 (08:56:27) | ===> btop++ v.1.4.0
2025/02/16 (08:56:27) | WARNING: Intel GPU: Failed to initialize PMU

2025/02/16 (09:02:49) | ===> btop++ v.1.4.0
2025/02/16 (09:02:49) | WARNING: Intel GPU: Failed to initialize PMU

2025/02/16 (09:04:33) | ===> btop++ v.1.4.0
2025/02/16 (09:04:33) | WARNING: Intel GPU: Failed to initialize PMU

2025/02/16 (09:07:31) | ===> btop++ v.1.4.0
2025/02/16 (09:07:31) | WARNING: Intel GPU: Failed to initialize PMU
2025/02/16 (09:08:53) | ERROR: Couldn't determine terminal size of "STDOUT_FILENO"!
2025/02/16 (09:08:53) | ERROR: Couldn't determine terminal size of "/dev/tty"!

2025/02/16 (09:09:06) | ===> btop++ v.1.4.0
2025/02/16 (09:09:06) | WARNING: Intel GPU: Failed to initialize PMU

2025/02/16 (09:10:35) | ===> btop++ v.1.4.0
2025/02/16 (09:10:35) | WARNING: Intel GPU: Failed to initialize PMU

2025/02/16 (15:51:20) | ===> btop++ v.1.4.0
2025/02/16 (15:51:20) | WARNING: Intel GPU: Failed to initialize PMU

2025/02/17 (00:17:04) | ===> btop++ v.1.4.0
2025/02/17 (00:17:04) | WARNING: Intel GPU: Failed to initialize PMU
2025/02/17 (00:17:07) | WARNING: Failed to join _runner thread on exit!

2025/02/17 (00:19:38) | ===> btop++ v.1.4.0
2025/02/17 (00:19:38) | WARNING: Intel GPU: Failed to initialize PMU
2025/02/17 (00:19:42) | WARNING: Failed to join _runner thread on exit!
