2025-02-14 23:10:04.042 [info] Acquired MSAL enablement value from default. Value: true
2025-02-14 23:10:04.042 [debug] [initialize] Initializing PublicClientApplicationManager
2025-02-14 23:10:04.044 [info] [getSessions] [all] starting
2025-02-14 23:10:04.044 [info] [getSessions] [all] returned 0 session(s)
2025-02-14 23:10:04.047 [info] [getSessions] [all] starting
2025-02-14 23:10:04.047 [info] [getSessions] [all] returned 0 session(s)
2025-02-14 23:10:04.051 [info] [getSessions] [VSCODE_TENANT:organizations] starting
2025-02-14 23:10:04.051 [debug] [getOrCreate] [aebc6443-996d-45c2-90f0-388ff96faa56] [https://login.microsoftonline.com/organizations] PublicClientApplicationManager cache miss, creating new PCA...
2025-02-14 23:10:04.051 [warning] [Fri, 14 Feb 2025 15:10:04 GMT] : [aebc6443-996d-45c2-90f0-388ff96faa56] [https://login.microsoftonline.com/organizations] : @azure/msal-node@2.16.2 : Warning - NativeBroker implementation was provided but the broker is unavailable.
2025-02-14 23:10:04.051 [debug] [update] [aebc6443-996d-45c2-90f0-388ff96faa56] [https://login.microsoftonline.com/organizations] CachedPublicClientApplication update before: 0
2025-02-14 23:10:04.051 [debug] [Fri, 14 Feb 2025 15:10:04 GMT] : [aebc6443-996d-45c2-90f0-388ff96faa56] [https://login.microsoftonline.com/organizations] : @azure/msal-node@2.16.2 : Info - getTokenCache called
2025-02-14 23:10:04.052 [info] [getSessions] [6f1cc985-85e8-487e-b0dd-aa633302a731/.default VSCODE_TENANT:organizations] starting
2025-02-14 23:10:04.052 [debug] [getOrCreate] [aebc6443-996d-45c2-90f0-388ff96faa56] [https://login.microsoftonline.com/organizations] PublicClientApplicationManager cache hit
2025-02-14 23:10:04.052 [info] [getSessions] [6f1cc985-85e8-487e-b0dd-aa633302a731/.default VSCODE_TENANT:organizations] returned 0 session(s)
2025-02-14 23:10:04.052 [debug] [update] [aebc6443-996d-45c2-90f0-388ff96faa56] [https://login.microsoftonline.com/organizations] CachedPublicClientApplication update after: 0
2025-02-14 23:10:04.052 [debug] [update] [aebc6443-996d-45c2-90f0-388ff96faa56] [https://login.microsoftonline.com/organizations] CachedPublicClientApplication update complete
2025-02-14 23:10:04.062 [info] [getSessions] [6f1cc985-85e8-487e-b0dd-aa633302a731/.default VSCODE_TENANT:organizations] starting
2025-02-14 23:10:04.062 [debug] [getOrCreate] [aebc6443-996d-45c2-90f0-388ff96faa56] [https://login.microsoftonline.com/organizations] PublicClientApplicationManager cache hit
2025-02-14 23:10:04.063 [info] [getSessions] [6f1cc985-85e8-487e-b0dd-aa633302a731/.default VSCODE_TENANT:organizations] returned 0 session(s)
2025-02-14 23:10:04.153 [info] [getSessions] [all] starting
2025-02-14 23:10:04.153 [info] [getSessions] [all] returned 0 session(s)
2025-02-14 23:10:11.197 [debug] [_handleSecretStorageChange] Handling PCAs secret storage change...
2025-02-14 23:10:11.198 [debug] [getOrCreate] [aebc6443-996d-45c2-90f0-388ff96faa56] [https://login.microsoftonline.com/organizations] PCA created.
2025-02-14 23:10:11.198 [info] [getSessions] [VSCODE_TENANT:organizations] returned 0 session(s)
2025-02-14 23:10:11.199 [debug] [_handleSecretStorageChange] Finished handling PCAs secret storage change.
