2025-02-14 23:10:23.476 [info] Acquired MSAL enablement value from default. Value: true
2025-02-14 23:10:23.477 [info] [getSessions] [all] starting
2025-02-14 23:10:23.477 [info] [getSessions] [all] returned 0 session(s)
2025-02-14 23:10:23.477 [info] [getSessions] [all] starting
2025-02-14 23:10:23.477 [info] [getSessions] [all] returned 0 session(s)
2025-02-14 23:10:23.478 [info] [getSessions] [VSCODE_TENANT:organizations] starting
2025-02-14 23:10:23.478 [warning] [Fri, 14 Feb 2025 15:10:23 GMT] : [aebc6443-996d-45c2-90f0-388ff96faa56] [https://login.microsoftonline.com/organizations] : @azure/msal-node@2.16.2 : Warning - NativeBroker implementation was provided but the broker is unavailable.
2025-02-14 23:10:23.479 [info] [getSessions] [6f1cc985-85e8-487e-b0dd-aa633302a731/.default VSCODE_TENANT:organizations] starting
2025-02-14 23:10:23.479 [info] [getSessions] [6f1cc985-85e8-487e-b0dd-aa633302a731/.default VSCODE_TENANT:organizations] returned 0 session(s)
2025-02-14 23:10:23.487 [info] [getSessions] [6f1cc985-85e8-487e-b0dd-aa633302a731/.default VSCODE_TENANT:organizations] starting
2025-02-14 23:10:23.487 [info] [getSessions] [6f1cc985-85e8-487e-b0dd-aa633302a731/.default VSCODE_TENANT:organizations] returned 0 session(s)
2025-02-14 23:10:23.553 [info] [getSessions] [all] starting
2025-02-14 23:10:23.553 [info] [getSessions] [all] returned 0 session(s)
2025-02-14 23:10:28.174 [info] [getSessions] [VSCODE_TENANT:organizations] returned 0 session(s)
2025-02-14 23:12:28.997 [info] Acquired MSAL enablement value from default. Value: true
2025-02-14 23:12:28.999 [warning] [Fri, 14 Feb 2025 15:12:28 GMT] : [aebc6443-996d-45c2-90f0-388ff96faa56] [https://login.microsoftonline.com/organizations] : @azure/msal-node@2.16.2 : Warning - NativeBroker implementation was provided but the broker is unavailable.
2025-02-14 23:12:29.006 [info] [getSessions] [all] starting
2025-02-14 23:12:29.006 [info] [getSessions] [all] returned 0 session(s)
2025-02-14 23:12:29.006 [info] [getSessions] [all] starting
2025-02-14 23:12:29.006 [info] [getSessions] [all] returned 0 session(s)
2025-02-14 23:12:29.008 [info] [getSessions] [VSCODE_TENANT:organizations] starting
2025-02-14 23:12:29.008 [warning] [Fri, 14 Feb 2025 15:12:29 GMT] : [aebc6443-996d-45c2-90f0-388ff96faa56] [https://login.microsoftonline.com/organizations] : @azure/msal-node@2.16.2 : Warning - NativeBroker implementation was provided but the broker is unavailable.
2025-02-14 23:12:29.008 [info] [getSessions] [6f1cc985-85e8-487e-b0dd-aa633302a731/.default VSCODE_TENANT:organizations] starting
2025-02-14 23:12:29.008 [info] [getSessions] [6f1cc985-85e8-487e-b0dd-aa633302a731/.default VSCODE_TENANT:organizations] returned 0 session(s)
2025-02-14 23:12:29.013 [info] [getSessions] [VSCODE_TENANT:organizations] returned 0 session(s)
2025-02-14 23:12:29.013 [info] [getSessions] [6f1cc985-85e8-487e-b0dd-aa633302a731/.default VSCODE_TENANT:organizations] starting
2025-02-14 23:12:29.013 [info] [getSessions] [6f1cc985-85e8-487e-b0dd-aa633302a731/.default VSCODE_TENANT:organizations] returned 0 session(s)
