02/16/2025 09:12:21 Иркутск, стандартное время : Information : Local timezone is (UTC+08:00) Иркутск, стандартное время
02/16/2025 09:12:21 Иркутск, стандартное время : Information : Started controller with command line /home/albert/.vscode/extensions/ms-dotnettools.csdevkit-1.16.6-linux-x64/components/vs-green-server/platforms/linux-x64/node_modules/@microsoft/servicehub-controller-net60.linux-x64/Microsoft.ServiceHub.Controller 1943b1a3fe /ControllerCooldownTimeout:30000 /TelemetrySession:{"TelemetryLevel":"all","IsOptedIn":false,"HostName":"Default","AppInsightsInstrumentationKey":null,"AsimovInstrumentationKey":null,"CollectorApiKey":"0c6ae279ed8443289764825290e4f9e2-1a736e7c-1324-4338-be46-fc2a58ae4d14-7255","AppId":1010,"UserId":"196abaa5-7987-4683-aeac-2cf35fa7d924","Id":"7e3513c7-b51a-403c-9861-ffadde703b9d1739668335166","ProcessStartTime":133841419404087681,"SkuName":null,"VSExeVersion":null,"BucketFiltersToEnableWatsonForFaults":[],"BucketFiltersToAddDumpsToFaults":[]}
02/16/2025 09:12:21 Иркутск, стандартное время : Information : Acquiring single controller instance mutex with name '968146026-ServiceHubControllerSingleInstanceMutex'
02/16/2025 09:12:21 Иркутск, стандартное время : Information : Acquired single controller instance mutex with name '968146026-ServiceHubControllerSingleInstanceMutex'
02/16/2025 09:12:21 Иркутск, стандартное время : Information : Controller cooldown timeout is set to 30000ms
02/16/2025 09:12:21 Иркутск, стандартное время : Information : Starting server 'hubController' at 'net.pipe://1943b1a3fe' (at '/home/albert/.ServiceHub/1943b1a3fe/1943b1a3fe').
02/16/2025 09:12:21 Иркутск, стандартное время : Information : Successfully started server on pipe 1943b1a3fe
02/16/2025 09:12:21 Иркутск, стандартное время : Information : Triggered controller shutdown timer process.
02/16/2025 09:12:21 Иркутск, стандартное время : Information : Client connected to controller
02/16/2025 09:12:21 Иркутск, стандартное время : Information : Client connected to controller
02/16/2025 09:12:21 Иркутск, стандартное время : Information : Client connected to controller
02/16/2025 09:12:21 Иркутск, стандартное время : Information : Microsoft.ServiceHub.Controller.HubController read: end of stream
02/16/2025 09:12:21 Иркутск, стандартное время : Information : Microsoft.ServiceHub.Controller.HubController read: end of stream
02/16/2025 09:12:21 Иркутск, стандартное время : Information : Microsoft.ServiceHub.Controller.HubController read: Content-Length: 108

{"jsonrpc":"2.0","id":2,"method":"UpdateClientInfoAsync","params":[{"clientName":"VsHubClient","pid":5066}]}
02/16/2025 09:12:21 Иркутск, стандартное время : Information : JsonRpc disconnected due to RemotePartyTerminated. Reached end of stream.
02/16/2025 09:12:21 Иркутск, стандартное время : Information : JsonRpc disconnected due to RemotePartyTerminated. Reached end of stream.
02/16/2025 09:12:21 Иркутск, стандартное время : Information : Starting server 'clientWatch' at 'net.pipe://510631B6CD' (at '/home/albert/.ServiceHub/1943b1a3fe/510631B6CD').
02/16/2025 09:12:21 Иркутск, стандартное время : Information : Microsoft.ServiceHub.Controller.HubController write: Content-Length: 432

{"jsonrpc":"2.0","id":2,"result":{"ClientWatchServerName":"net.pipe://510631B6CD","ControllerConfig":{"Executable":"/home/albert/.vscode/extensions/ms-dotnettools.csdevkit-1.16.6-linux-x64/components/vs-green-server/platforms/linux-x64/node_modules/@microsoft/servicehub-controller-net60.linux-x64/Microsoft.ServiceHub.Controller","Args":["1943b1a3fe"],"PipeName":"1943b1a3fe"},"HostsConfig":{"RootDir":".","AppConfigFallback":""}}}
02/16/2025 09:12:21 Иркутск, стандартное время : Information : External client connect to client watch
02/16/2025 09:12:21 Иркутск, стандартное время : Information : Microsoft.ServiceHub.Controller.HubController read: end of stream
02/16/2025 09:12:21 Иркутск, стандартное время : Information : JsonRpc disconnected due to RemotePartyTerminated. Reached end of stream.
02/16/2025 09:12:22 Иркутск, стандартное время : Information : External client disconnected from client watch.
02/16/2025 09:12:22 Иркутск, стандартное время : Information : Starting fast shutdown
02/16/2025 09:12:22 Иркутск, стандартное время : Information : Stopping the location service server.
02/16/2025 09:12:22 Иркутск, стандартное время : Information : Exiting hub controller.
02/16/2025 09:12:22 Иркутск, стандартное время : Information : Releasing single controller instance mutex.
02/16/2025 09:12:22 Иркутск, стандартное время : Information : All hosts have exited.
02/16/2025 09:12:22 Иркутск, стандартное время : Information : Controller terminating with exit code '0'.
