2025-02-14 23:10:22.170 [info] --------------------------------------------------------------------------------
2025-02-14 23:10:22.170 [info] Razor.VSCode version 9.0.0-preview.25064.4
2025-02-14 23:10:22.170 [info] --------------------------------------------------------------------------------
2025-02-14 23:10:22.170 [info] Razor's log level is currently set to 'Info'
2025-02-14 23:10:22.170 [info]  - To change Razor's log level use the gear icon on the output window
2025-02-14 23:10:22.170 [info]  - To report issues invoke the 'Report a Razor issue' command via the command palette.
2025-02-14 23:10:22.170 [info] -----------------------------------------------------------------------------------------------------------------------------
2025-02-14 23:10:22.170 [info] 
2025-02-14 23:10:22.170 [info] Locating .NET runtime version 8.0.10
2025-02-14 23:10:22.933 [info] Razor language server path: /home/albert/.vscode/extensions/ms-dotnettools.csharp-2.63.32-linux-x64/.razor/rzls
2025-02-14 23:10:22.933 [info] Server arguments --logLevel 3 --DelegateToCSharpOnDiagnosticPublish true --UpdateBuffersForClosedDocuments true --SingleServerCompletionSupport true --UseNewFormattingEngine true --telemetryLevel all --sessionId ffeae14a-d35b-4363-8863-a1cc814401bb1739545820848 --telemetryExtensionPath /home/albert/.vscode/extensions/ms-dotnettools.csharp-2.63.32-linux-x64/.razorDevKit/Microsoft.VisualStudio.DevKit.Razor.dll
2025-02-14 23:10:22.935 [info] No Razor files detected in workspace, delaying language server start.
2025-02-14 23:12:27.767 [info] --------------------------------------------------------------------------------
2025-02-14 23:12:27.767 [info] Razor.VSCode version 9.0.0-preview.25064.4
2025-02-14 23:12:27.767 [info] --------------------------------------------------------------------------------
2025-02-14 23:12:27.767 [info] Razor's log level is currently set to 'Info'
2025-02-14 23:12:27.767 [info]  - To change Razor's log level use the gear icon on the output window
2025-02-14 23:12:27.767 [info]  - To report issues invoke the 'Report a Razor issue' command via the command palette.
2025-02-14 23:12:27.767 [info] -----------------------------------------------------------------------------------------------------------------------------
2025-02-14 23:12:27.767 [info] 
2025-02-14 23:12:27.767 [info] Locating .NET runtime version 8.0.10
2025-02-14 23:12:28.455 [info] Razor language server path: /home/albert/.vscode/extensions/ms-dotnettools.csharp-2.63.32-linux-x64/.razor/rzls
2025-02-14 23:12:28.455 [info] Server arguments --logLevel 3 --DelegateToCSharpOnDiagnosticPublish true --UpdateBuffersForClosedDocuments true --SingleServerCompletionSupport true --UseNewFormattingEngine true --telemetryLevel all --sessionId fb3c9b73-35b2-4f77-a8bc-127200c2faef1739545943136 --telemetryExtensionPath /home/albert/.vscode/extensions/ms-dotnettools.csharp-2.63.32-linux-x64/.razorDevKit/Microsoft.VisualStudio.DevKit.Razor.dll
2025-02-14 23:12:28.469 [info] No Razor files detected in workspace, delaying language server start.
