02/15/2025 00:28:18 Иркутск, стандартное время : Information : Local timezone is (UTC+08:00) Иркутск, стандартное время
02/15/2025 00:28:18 Иркутск, стандартное время : Information : Service Hub .NET service module host started. Host id: dotnet.projectSystem$C94B8CFE-E3FD-4BAF-A941-2866DBB566FE. Controller pipe: net.pipe://970699586B. PID: 9754
02/15/2025 00:28:19 Иркутск, стандартное время : Information : hubHostClr read: Content-Length: 116

{"jsonrpc":"2.0","id":2,"method":"InitializeHostAsync","params":[{"HostsRootDirectory":".","AppConfigFallback":""}]}
02/15/2025 00:28:19 Иркутск, стандартное время : Information : hubHostClr write: Content-Length: 93

{"jsonrpc":"2.0","id":2,"result":"dotnet.projectSystem$C94B8CFE-E3FD-4BAF-A941-2866DBB566FE"}
02/15/2025 00:28:19 Иркутск, стандартное время : Information : hubHostClr read: Content-Length: 967

{"jsonrpc":"2.0","id":3,"method":"StartServiceAsync","params":[{"name":"Microsoft.VisualStudio.LaunchConfigurationService","host":"dotnet.projectSystem","hostId":"C94B8CFE-E3FD-4BAF-A941-2866DBB566FE","serviceBaseDirectory":"/home/albert/.vscode/extensions/ms-dotnettools.csdevkit-1.16.6-linux-x64/components/CPS/platforms/linux-x64/node_modules/@microsoft/visualstudio-projectsystem-server.linux-x64","entryPoint":{"assemblyPath":"/home/albert/.vscode/extensions/ms-dotnettools.csdevkit-1.16.6-linux-x64/components/CPS/platforms/linux-x64/node_modules/@microsoft/visualstudio-projectsystem-server.linux-x64/Microsoft.VisualStudio.ProjectSystem.Server.Implementation.dll","fullClassName":"Microsoft.VisualStudio.ProjectSystem.Server.LaunchConfigurationServiceFactory"}},{"ActivationArguments":{"__servicehub__ServiceHubRemoteServiceBrokerPipeName":"/home/albert/.ServiceHub/2660ba1627/51c55044e3"},"ClientCredentials":{},"ClientCulture":"ru","ClientUICulture":"ru"}]}
02/15/2025 00:28:19 Иркутск, стандартное время : Information : hubHostClr read: Content-Length: 1013

{"jsonrpc":"2.0","id":4,"method":"StartServiceAsync","params":[{"name":"Microsoft.VisualStudio.ProjectSystem.ProjectTreeProvider","host":"dotnet.projectSystem","hostId":"C94B8CFE-E3FD-4BAF-A941-2866DBB566FE","serviceBaseDirectory":"/home/albert/.vscode/extensions/ms-dotnettools.csdevkit-1.16.6-linux-x64/components/CPS/platforms/linux-x64/node_modules/@microsoft/visualstudio-projectsystem-server.linux-x64","entryPoint":{"assemblyPath":"/home/albert/.vscode/extensions/ms-dotnettools.csdevkit-1.16.6-linux-x64/components/CPS/platforms/linux-x64/node_modules/@microsoft/visualstudio-projectsystem-server.linux-x64/Microsoft.VisualStudio.ProjectSystem.Server.Implementation.dll","fullClassName":"Microsoft.VisualStudio.ProjectSystem.Server.ProjectTreeProviderFactory"}},{"ActivationArguments":{"__servicehub__ServiceHubRemoteServiceBrokerPipeName":"/home/albert/.ServiceHub/2660ba1627/1958a7aa8b","__servicehub__RequestedServiceVersion":"0.1"},"ClientCredentials":{},"ClientCulture":"ru","ClientUICulture":"ru"}]}Content-Length: 1043

{"jsonrpc":"2.0","id":5,"method":"StartServiceAsync","params":[{"name":"Microsoft.VisualStudio.ProjectSystem.ProjectInitializationStatusService","host":"dotnet.projectSystem","hostId":"C94B8CFE-E3FD-4BAF-A941-2866DBB566FE","serviceBaseDirectory":"/home/albert/.vscode/extensions/ms-dotnettools.csdevkit-1.16.6-linux-x64/components/CPS/platforms/linux-x64/node_modules/@microsoft/visualstudio-projectsystem-server.linux-x64","entryPoint":{"assemblyPath":"/home/albert/.vscode/extensions/ms-dotnettools.csdevkit-1.16.6-linux-x64/components/CPS/platforms/linux-x64/node_modules/@microsoft/visualstudio-projectsystem-server.linux-x64/Microsoft.VisualStudio.ProjectSystem.Server.Implementation.dll","fullClassName":"Microsoft.VisualStudio.ProjectSystem.Server.ProjectInitializationStatusServiceFactory"}},{"ActivationArguments":{"__servicehub__ServiceHubRemoteServiceBrokerPipeName":"/home/albert/.ServiceHub/2660ba1627/bc27c414f5","__servicehub__RequestedServiceVersion":"0.1"},"ClientCredentials":{},"ClientCulture":"ru","ClientUICulture":"ru"}]}
02/15/2025 00:28:19 Иркутск, стандартное время : Information : CLR host received start request for service 'Microsoft.VisualStudio.LaunchConfigurationService'
02/15/2025 00:28:19 Иркутск, стандартное время : Information : Loading service module assembly '/home/albert/.vscode/extensions/ms-dotnettools.csdevkit-1.16.6-linux-x64/components/CPS/platforms/linux-x64/node_modules/@microsoft/visualstudio-projectsystem-server.linux-x64/Microsoft.VisualStudio.ProjectSystem.Server.Implementation.dll' from '/home/albert/.vscode/extensions/ms-dotnettools.csdevkit-1.16.6-linux-x64/components/CPS/platforms/linux-x64/node_modules/@microsoft/visualstudio-projectsystem-server.linux-x64'
02/15/2025 00:28:19 Иркутск, стандартное время : Information : Starting service module 'Microsoft.VisualStudio.LaunchConfigurationService'. Class: Microsoft.VisualStudio.ProjectSystem.Server.LaunchConfigurationServiceFactory, Supported Version: 
02/15/2025 00:28:19 Иркутск, стандартное время : Information : Started service 'Microsoft.VisualStudio.LaunchConfigurationService'. Pipe name: /home/albert/.ServiceHub/2660ba1627/50bbdca137, Supported Version: 
02/15/2025 00:28:19 Иркутск, стандартное время : Information : hubHostClr write: Content-Length: 82

{"jsonrpc":"2.0","id":3,"result":"/home/albert/.ServiceHub/2660ba1627/50bbdca137"}
02/15/2025 00:28:19 Иркутск, стандартное время : Information : CLR host received start request for service 'Microsoft.VisualStudio.ProjectSystem.ProjectTreeProvider'
02/15/2025 00:28:19 Иркутск, стандартное время : Information : Loading service module assembly '/home/albert/.vscode/extensions/ms-dotnettools.csdevkit-1.16.6-linux-x64/components/CPS/platforms/linux-x64/node_modules/@microsoft/visualstudio-projectsystem-server.linux-x64/Microsoft.VisualStudio.ProjectSystem.Server.Implementation.dll' from '/home/albert/.vscode/extensions/ms-dotnettools.csdevkit-1.16.6-linux-x64/components/CPS/platforms/linux-x64/node_modules/@microsoft/visualstudio-projectsystem-server.linux-x64'
02/15/2025 00:28:19 Иркутск, стандартное время : Information : Starting service module 'Microsoft.VisualStudio.ProjectSystem.ProjectTreeProvider'. Class: Microsoft.VisualStudio.ProjectSystem.Server.ProjectTreeProviderFactory, Supported Version: 
02/15/2025 00:28:19 Иркутск, стандартное время : Information : Started service 'Microsoft.VisualStudio.ProjectSystem.ProjectTreeProvider'. Pipe name: /home/albert/.ServiceHub/2660ba1627/e59a8fe40f, Supported Version: 
02/15/2025 00:28:19 Иркутск, стандартное время : Information : CLR host received start request for service 'Microsoft.VisualStudio.ProjectSystem.ProjectInitializationStatusService'
02/15/2025 00:28:19 Иркутск, стандартное время : Information : Loading service module assembly '/home/albert/.vscode/extensions/ms-dotnettools.csdevkit-1.16.6-linux-x64/components/CPS/platforms/linux-x64/node_modules/@microsoft/visualstudio-projectsystem-server.linux-x64/Microsoft.VisualStudio.ProjectSystem.Server.Implementation.dll' from '/home/albert/.vscode/extensions/ms-dotnettools.csdevkit-1.16.6-linux-x64/components/CPS/platforms/linux-x64/node_modules/@microsoft/visualstudio-projectsystem-server.linux-x64'
02/15/2025 00:28:19 Иркутск, стандартное время : Information : hubHostClr write: Content-Length: 82

{"jsonrpc":"2.0","id":4,"result":"/home/albert/.ServiceHub/2660ba1627/e59a8fe40f"}
02/15/2025 00:28:19 Иркутск, стандартное время : Information : Starting service module 'Microsoft.VisualStudio.ProjectSystem.ProjectInitializationStatusService'. Class: Microsoft.VisualStudio.ProjectSystem.Server.ProjectInitializationStatusServiceFactory, Supported Version: 
02/15/2025 00:28:19 Иркутск, стандартное время : Information : Started service 'Microsoft.VisualStudio.ProjectSystem.ProjectInitializationStatusService'. Pipe name: /home/albert/.ServiceHub/2660ba1627/2ce0da272b, Supported Version: 
02/15/2025 00:28:19 Иркутск, стандартное время : Information : hubHostClr write: Content-Length: 82

{"jsonrpc":"2.0","id":5,"result":"/home/albert/.ServiceHub/2660ba1627/2ce0da272b"}
02/15/2025 00:28:19 Иркутск, стандартное время : Information : hubHostClr read: Content-Length: 57

{"jsonrpc":"2.0","id":6,"method":"ExitAsync","params":[]}
02/15/2025 00:28:19 Иркутск, стандартное время : Information : Exit command received. Exiting CLR host
02/15/2025 00:28:19 Иркутск, стандартное время : Information : hubHostClr write: Content-Length: 38

{"jsonrpc":"2.0","id":6,"result":null}
02/15/2025 00:28:19 Иркутск, стандартное время : Information : hubHostClr JSON RPC has been disposed
02/15/2025 00:28:19 Иркутск, стандартное время : Information : hubHostClr read: end of stream
